Defaulting to user installation because normal site-packages is not writeable
Looking in links: /cvmfs/soft.computecanada.ca/custom/python/wheelhouse/gentoo2020/avx2, /cvmfs/soft.computecanada.ca/custom/python/wheelhouse/gentoo/avx2, /cvmfs/soft.computecanada.ca/custom/python/wheelhouse/gentoo2020/generic, /cvmfs/soft.computecanada.ca/custom/python/wheelhouse/gentoo/generic, /cvmfs/soft.computecanada.ca/custom/python/wheelhouse/generic
Requirement already satisfied: tensorflow==2.8 in /home/yaldaw/.local/lib/python3.10/site-packages (2.8.0+computecanada)
Requirement already satisfied: protobuf>=3.9.2 in /home/yaldaw/.local/lib/python3.10/site-packages (from tensorflow==2.8) (3.20.3+computecanada)
Requirement already satisfied: gast>=0.2.1 in /home/yaldaw/.local/lib/python3.10/site-packages (from tensorflow==2.8) (0.5.4+computecanada)
Requirement already satisfied: keras<2.9,>=2.8.0rc0 in /home/yaldaw/.local/lib/python3.10/site-packages (from tensorflow==2.8) (2.8.0+computecanada)
Requirement already satisfied: h5py>=2.9.0 in /home/yaldaw/.local/lib/python3.10/site-packages (from tensorflow==2.8) (3.8.0+computecanada)
Requirement already satisfied: astunparse>=1.6.0 in /home/yaldaw/.local/lib/python3.10/site-packages (from tensorflow==2.8) (1.6.3+computecanada)
Requirement already satisfied: keras-preprocessing>=1.1.1 in /home/yaldaw/.local/lib/python3.10/site-packages (from tensorflow==2.8) (1.1.2+computecanada)
Requirement already satisfied: tf-estimator-nightly==2.8.0.dev2021122109 in /home/yaldaw/.local/lib/python3.10/site-packages (from tensorflow==2.8) (2.8.0.dev2021122109+computecanada)
Requirement already satisfied: numpy>=1.20 in /home/yaldaw/.local/lib/python3.10/site-packages (from tensorflow==2.8) (1.25.2+computecanada)
Requirement already satisfied: grpcio<2.0,>=1.24.3 in /home/yaldaw/.local/lib/python3.10/site-packages (from tensorflow==2.8) (1.57.0+computecanada)
Requirement already satisfied: opt-einsum>=2.3.2 in /home/yaldaw/.local/lib/python3.10/site-packages (from tensorflow==2.8) (3.3.0+computecanada)
Requirement already satisfied: google-pasta>=0.1.1 in /home/yaldaw/.local/lib/python3.10/site-packages (from tensorflow==2.8) (0.2.0+computecanada)
Requirement already satisfied: absl-py>=0.4.0 in /home/yaldaw/.local/lib/python3.10/site-packages (from tensorflow==2.8) (1.4.0+computecanada)
Requirement already satisfied: libclang>=9.0.1 in /home/yaldaw/.local/lib/python3.10/site-packages (from tensorflow==2.8) (14.0.1+computecanada)
Requirement already satisfied: termcolor>=1.1.0 in /home/yaldaw/.local/lib/python3.10/site-packages (from tensorflow==2.8) (2.4.0+computecanada)
Requirement already satisfied: tensorflow-io-gcs-filesystem>=0.23.1 in /home/yaldaw/.local/lib/python3.10/site-packages (from tensorflow==2.8) (0.32.0+computecanada)
Requirement already satisfied: flatbuffers>=1.12 in /home/yaldaw/.local/lib/python3.10/site-packages (from tensorflow==2.8) (20190709135844+computecanada)
Requirement already satisfied: setuptools in /cvmfs/soft.computecanada.ca/easybuild/software/2020/avx2/Core/python/3.10.2/lib/python3.10/site-packages (from tensorflow==2.8) (60.7.1)
Requirement already satisfied: wrapt>=1.11.0 in /home/yaldaw/.local/lib/python3.10/site-packages (from tensorflow==2.8) (1.14.1+computecanada)
Requirement already satisfied: typing-extensions>=3.6.6 in /home/yaldaw/.local/lib/python3.10/site-packages (from tensorflow==2.8) (4.10.0+computecanada)
Requirement already satisfied: tensorboard<2.9,>=2.8 in /home/yaldaw/.local/lib/python3.10/site-packages (from tensorflow==2.8) (2.8.0+computecanada)
Requirement already satisfied: six>=1.12.0 in /cvmfs/soft.computecanada.ca/easybuild/software/2020/avx2/Core/python/3.10.2/lib/python3.10/site-packages (from tensorflow==2.8) (1.16.0)
Requirement already satisfied: wheel<1.0,>=0.23.0 in /cvmfs/soft.computecanada.ca/easybuild/software/2020/avx2/Core/python/3.10.2/lib/python3.10/site-packages (from astunparse>=1.6.0->tensorflow==2.8) (0.37.1)
Requirement already satisfied: google-auth-oauthlib<0.5,>=0.4.1 in /home/yaldaw/.local/lib/python3.10/site-packages (from tensorboard<2.9,>=2.8->tensorflow==2.8) (0.4.6+computecanada)
Requirement already satisfied: werkzeug>=0.11.15 in /home/yaldaw/.local/lib/python3.10/site-packages (from tensorboard<2.9,>=2.8->tensorflow==2.8) (3.0.1+computecanada)
Requirement already satisfied: requests<3,>=2.21.0 in /home/yaldaw/.local/lib/python3.10/site-packages (from tensorboard<2.9,>=2.8->tensorflow==2.8) (2.31.0+computecanada)
Requirement already satisfied: markdown>=2.6.8 in /home/yaldaw/.local/lib/python3.10/site-packages (from tensorboard<2.9,>=2.8->tensorflow==2.8) (3.5.2+computecanada)
Requirement already satisfied: tensorboard-plugin-wit>=1.6.0 in /home/yaldaw/.local/lib/python3.10/site-packages (from tensorboard<2.9,>=2.8->tensorflow==2.8) (1.8.1+computecanada)
Requirement already satisfied: tensorboard-data-server<0.7.0,>=0.6.0 in /home/yaldaw/.local/lib/python3.10/site-packages (from tensorboard<2.9,>=2.8->tensorflow==2.8) (0.6.1+computecanada)
Requirement already satisfied: google-auth<3,>=1.6.3 in /home/yaldaw/.local/lib/python3.10/site-packages (from tensorboard<2.9,>=2.8->tensorflow==2.8) (2.28.2)
Requirement already satisfied: pyasn1-modules>=0.2.1 in /home/yaldaw/.local/lib/python3.10/site-packages (from google-auth<3,>=1.6.3->tensorboard<2.9,>=2.8->tensorflow==2.8) (0.3.0+computecanada)
Requirement already satisfied: rsa<5,>=3.1.4 in /home/yaldaw/.local/lib/python3.10/site-packages (from google-auth<3,>=1.6.3->tensorboard<2.9,>=2.8->tensorflow==2.8) (4.9+computecanada)
Requirement already satisfied: cachetools<6.0,>=2.0.0 in /home/yaldaw/.local/lib/python3.10/site-packages (from google-auth<3,>=1.6.3->tensorboard<2.9,>=2.8->tensorflow==2.8) (5.3.3)
Requirement already satisfied: requests-oauthlib>=0.7.0 in /home/yaldaw/.local/lib/python3.10/site-packages (from google-auth-oauthlib<0.5,>=0.4.1->tensorboard<2.9,>=2.8->tensorflow==2.8) (1.4.0)
Requirement already satisfied: idna<4,>=2.5 in /home/yaldaw/.local/lib/python3.10/site-packages (from requests<3,>=2.21.0->tensorboard<2.9,>=2.8->tensorflow==2.8) (3.6)
Requirement already satisfied: charset-normalizer<4,>=2 in /home/yaldaw/.local/lib/python3.10/site-packages (from requests<3,>=2.21.0->tensorboard<2.9,>=2.8->tensorflow==2.8) (3.3.2)
Requirement already satisfied: certifi>=2017.4.17 in /home/yaldaw/.local/lib/python3.10/site-packages (from requests<3,>=2.21.0->tensorboard<2.9,>=2.8->tensorflow==2.8) (2024.2.2)
Requirement already satisfied: urllib3<3,>=1.21.1 in /home/yaldaw/.local/lib/python3.10/site-packages (from requests<3,>=2.21.0->tensorboard<2.9,>=2.8->tensorflow==2.8) (2.0.7+computecanada)
Requirement already satisfied: MarkupSafe>=2.1.1 in /home/yaldaw/.local/lib/python3.10/site-packages (from werkzeug>=0.11.15->tensorboard<2.9,>=2.8->tensorflow==2.8) (2.1.3+computecanada)
Requirement already satisfied: pyasn1<0.6.0,>=0.4.6 in /home/yaldaw/.local/lib/python3.10/site-packages (from pyasn1-modules>=0.2.1->google-auth<3,>=1.6.3->tensorboard<2.9,>=2.8->tensorflow==2.8) (0.5.1+computecanada)
Requirement already satisfied: oauthlib>=3.0.0 in /home/yaldaw/.local/lib/python3.10/site-packages (from requests-oauthlib>=0.7.0->google-auth-oauthlib<0.5,>=0.4.1->tensorboard<2.9,>=2.8->tensorflow==2.8) (3.2.2+computecanada)
Defaulting to user installation because normal site-packages is not writeable
Looking in links: /cvmfs/soft.computecanada.ca/custom/python/wheelhouse/gentoo2020/avx2, /cvmfs/soft.computecanada.ca/custom/python/wheelhouse/gentoo/avx2, /cvmfs/soft.computecanada.ca/custom/python/wheelhouse/gentoo2020/generic, /cvmfs/soft.computecanada.ca/custom/python/wheelhouse/gentoo/generic, /cvmfs/soft.computecanada.ca/custom/python/wheelhouse/generic
Requirement already satisfied: comet_ml in /home/yaldaw/.local/lib/python3.10/site-packages (3.35.4+computecanada)
Requirement already satisfied: requests>=2.18.4 in /home/yaldaw/.local/lib/python3.10/site-packages (from comet_ml) (2.31.0+computecanada)
Requirement already satisfied: six in /cvmfs/soft.computecanada.ca/easybuild/software/2020/avx2/Core/python/3.10.2/lib/python3.10/site-packages (from comet_ml) (1.16.0)
Requirement already satisfied: jsonschema!=3.1.0,>=2.6.0 in /home/yaldaw/.local/lib/python3.10/site-packages (from comet_ml) (4.21.1+computecanada)
Requirement already satisfied: wrapt>=1.11.2 in /home/yaldaw/.local/lib/python3.10/site-packages (from comet_ml) (1.14.1+computecanada)
Requirement already satisfied: rich>=13.3.2 in /home/yaldaw/.local/lib/python3.10/site-packages (from comet_ml) (13.7.1+computecanada)
Requirement already satisfied: urllib3>=1.21.1 in /home/yaldaw/.local/lib/python3.10/site-packages (from comet_ml) (2.0.7+computecanada)
Requirement already satisfied: dulwich!=0.20.33,>=0.20.6 in /home/yaldaw/.local/lib/python3.10/site-packages (from comet_ml) (0.21.3+computecanada)
Requirement already satisfied: python-box<7.0.0 in /home/yaldaw/.local/lib/python3.10/site-packages (from comet_ml) (6.1.0+computecanada)
Requirement already satisfied: requests-toolbelt>=0.8.0 in /home/yaldaw/.local/lib/python3.10/site-packages (from comet_ml) (1.0.0+computecanada)
Requirement already satisfied: psutil>=5.6.3 in /home/yaldaw/.local/lib/python3.10/site-packages (from comet_ml) (5.9.8)
Requirement already satisfied: everett[ini]<3.2.0,>=1.0.1 in /home/yaldaw/.local/lib/python3.10/site-packages (from comet_ml) (3.1.0+computecanada)
Requirement already satisfied: semantic-version>=2.8.0 in /home/yaldaw/.local/lib/python3.10/site-packages (from comet_ml) (2.10.0+computecanada)
Requirement already satisfied: simplejson in /home/yaldaw/.local/lib/python3.10/site-packages (from comet_ml) (3.19.2+computecanada)
Requirement already satisfied: sentry-sdk>=1.1.0 in /home/yaldaw/.local/lib/python3.10/site-packages (from comet_ml) (1.40.6)
Requirement already satisfied: websocket-client<1.4.0,>=0.55.0 in /home/yaldaw/.local/lib/python3.10/site-packages (from comet_ml) (1.3.3+computecanada)
Requirement already satisfied: wurlitzer>=1.0.2 in /home/yaldaw/.local/lib/python3.10/site-packages (from comet_ml) (3.0.3+computecanada)
Requirement already satisfied: configobj in /home/yaldaw/.local/lib/python3.10/site-packages (from everett[ini]<3.2.0,>=1.0.1->comet_ml) (5.0.8+computecanada)
Requirement already satisfied: rpds-py>=0.7.1 in /home/yaldaw/.local/lib/python3.10/site-packages (from jsonschema!=3.1.0,>=2.6.0->comet_ml) (0.10.0+computecanada)
Requirement already satisfied: jsonschema-specifications>=2023.03.6 in /home/yaldaw/.local/lib/python3.10/site-packages (from jsonschema!=3.1.0,>=2.6.0->comet_ml) (2023.12.1+computecanada)
Requirement already satisfied: referencing>=0.28.4 in /home/yaldaw/.local/lib/python3.10/site-packages (from jsonschema!=3.1.0,>=2.6.0->comet_ml) (0.33.0+computecanada)
Requirement already satisfied: attrs>=22.2.0 in /home/yaldaw/.local/lib/python3.10/site-packages (from jsonschema!=3.1.0,>=2.6.0->comet_ml) (23.2.0+computecanada)
Requirement already satisfied: idna<4,>=2.5 in /home/yaldaw/.local/lib/python3.10/site-packages (from requests>=2.18.4->comet_ml) (3.6)
Requirement already satisfied: charset-normalizer<4,>=2 in /home/yaldaw/.local/lib/python3.10/site-packages (from requests>=2.18.4->comet_ml) (3.3.2)
Requirement already satisfied: certifi>=2017.4.17 in /home/yaldaw/.local/lib/python3.10/site-packages (from requests>=2.18.4->comet_ml) (2024.2.2)
Requirement already satisfied: pygments<3.0.0,>=2.13.0 in /home/yaldaw/.local/lib/python3.10/site-packages (from rich>=13.3.2->comet_ml) (2.17.2+computecanada)
Requirement already satisfied: markdown-it-py>=2.2.0 in /home/yaldaw/.local/lib/python3.10/site-packages (from rich>=13.3.2->comet_ml) (3.0.0+computecanada)
Requirement already satisfied: mdurl~=0.1 in /home/yaldaw/.local/lib/python3.10/site-packages (from markdown-it-py>=2.2.0->rich>=13.3.2->comet_ml) (0.1.2+computecanada)
COMET INFO: Experiment is live on comet.com https://www.comet.com/enhancing-gradient/swap-differentperson-effect/05d0783757a740469fe96ad25028605e

2024-03-19 03:57:33.282933: I tensorflow/core/platform/cpu_feature_guard.cc:151] This TensorFlow binary is optimized with oneAPI Deep Neural Network Library (oneDNN) to use the following CPU instructions in performance-critical operations:  AVX2 FMA
To enable them in other operations, rebuild TensorFlow with the appropriate compiler flags.
2024-03-19 03:57:34.632094: I tensorflow/core/common_runtime/gpu/gpu_device.cc:1525] Created device /job:localhost/replica:0/task:0/device:GPU:0 with 38212 MB memory:  -> device: 0, name: NVIDIA A100-SXM4-40GB, pci bus id: 0000:81:00.0, compute capability: 8.0
WARNING:tensorflow:No training configuration found in the save file, so the model was *not* compiled. Compile it manually.
2024-03-19 03:57:42.321415: I tensorflow/stream_executor/cuda/cuda_dnn.cc:368] Loaded cuDNN version 8200
2024-03-19 03:57:43.032976: I tensorflow/core/platform/default/subprocess.cc:304] Start cannot spawn child process: No such file or directory
2024-03-19 03:57:43.033520: I tensorflow/core/platform/default/subprocess.cc:304] Start cannot spawn child process: No such file or directory
2024-03-19 03:57:43.033538: W tensorflow/stream_executor/gpu/asm_compiler.cc:80] Couldn't get ptxas version string: INTERNAL: Couldn't invoke ptxas --version
2024-03-19 03:57:43.034315: I tensorflow/core/platform/default/subprocess.cc:304] Start cannot spawn child process: No such file or directory
2024-03-19 03:57:43.034364: W tensorflow/stream_executor/gpu/redzone_allocator.cc:314] INTERNAL: Failed to launch ptxas
Relying on driver to perform ptx compilation. 
Modify $PATH to customize ptxas location.
This message will be only logged once.
Summary for pairs_01.txt with 0.1and 0.3 threshold :
  Accuracy: 0.5350
  Precision: 0.5185
  Recall: 0.9800
  F1 Score: 0.6782

Summary for pairs_02.txt with 0.1and 0.3 threshold :
  Accuracy: 0.5250
  Precision: 0.5131
  Recall: 0.9767
  F1 Score: 0.6728

Summary for pairs_03.txt with 0.1and 0.3 threshold :
  Accuracy: 0.5350
  Precision: 0.5187
  Recall: 0.9700
  F1 Score: 0.6760

Summary for pairs_04.txt with 0.1and 0.3 threshold :
  Accuracy: 0.5450
  Precision: 0.5240
  Recall: 0.9833
  F1 Score: 0.6837

Summary for pairs_05.txt with 0.1and 0.3 threshold :
  Accuracy: 0.5217
  Precision: 0.5115
  Recall: 0.9667
  F1 Score: 0.6690

Summary for pairs_06.txt with 0.1and 0.3 threshold :
  Accuracy: 0.5250
  Precision: 0.5131
  Recall: 0.9767
  F1 Score: 0.6728

Summary for pairs_07.txt with 0.1and 0.3 threshold :
  Accuracy: 0.5333
  Precision: 0.5174
  Recall: 0.9933
  F1 Score: 0.6804

Summary for pairs_08.txt with 0.1and 0.3 threshold :
  Accuracy: 0.5300
  Precision: 0.5158
  Recall: 0.9800
  F1 Score: 0.6759

Summary for pairs_09.txt with 0.1and 0.3 threshold :
  Accuracy: 0.5233
  Precision: 0.5122
  Recall: 0.9800
  F1 Score: 0.6728

Summary for pairs_10.txt with 0.1and 0.3 threshold :
  Accuracy: 0.5450
  Precision: 0.5237
  Recall: 0.9933
  F1 Score: 0.6858

Summary for pairs_01.txt with 0.2and 0.3 threshold :
  Accuracy: 0.5167
  Precision: 0.5085
  Recall: 1.0000
  F1 Score: 0.6742

Summary for pairs_02.txt with 0.2and 0.3 threshold :
  Accuracy: 0.5117
  Precision: 0.5060
  Recall: 0.9833
  F1 Score: 0.6682

Summary for pairs_03.txt with 0.2and 0.3 threshold :
  Accuracy: 0.5150
  Precision: 0.5077
  Recall: 0.9867
  F1 Score: 0.6704

Summary for pairs_04.txt with 0.2and 0.3 threshold :
  Accuracy: 0.5117
  Precision: 0.5061
  Recall: 0.9733
  F1 Score: 0.6659

Summary for pairs_05.txt with 0.2and 0.3 threshold :
  Accuracy: 0.5167
  Precision: 0.5087
  Recall: 0.9800
  F1 Score: 0.6697

Summary for pairs_06.txt with 0.2and 0.3 threshold :
  Accuracy: 0.5117
  Precision: 0.5060
  Recall: 0.9867
  F1 Score: 0.6689

Summary for pairs_07.txt with 0.2and 0.3 threshold :
  Accuracy: 0.5217
  Precision: 0.5112
  Recall: 0.9867
  F1 Score: 0.6735

Summary for pairs_08.txt with 0.2and 0.3 threshold :
  Accuracy: 0.5217
  Precision: 0.5112
  Recall: 0.9867
  F1 Score: 0.6735

Summary for pairs_09.txt with 0.2and 0.3 threshold :
  Accuracy: 0.5217
  Precision: 0.5112
  Recall: 0.9900
  F1 Score: 0.6742

Summary for pairs_10.txt with 0.2and 0.3 threshold :
  Accuracy: 0.5150
  Precision: 0.5077
  Recall: 0.9833
  F1 Score: 0.6697

Summary for pairs_01.txt with 0.30000000000000004and 0.3 threshold :
  Accuracy: 0.5233
  Precision: 0.5122
  Recall: 0.9767
  F1 Score: 0.6720

Summary for pairs_02.txt with 0.30000000000000004and 0.3 threshold :
  Accuracy: 0.5017
  Precision: 0.5009
  Recall: 0.9667
  F1 Score: 0.6598

Summary for pairs_03.txt with 0.30000000000000004and 0.3 threshold :
  Accuracy: 0.5083
  Precision: 0.5043
  Recall: 0.9767
  F1 Score: 0.6652

Summary for pairs_04.txt with 0.30000000000000004and 0.3 threshold :
  Accuracy: 0.5333
  Precision: 0.5177
  Recall: 0.9767
  F1 Score: 0.6767

Summary for pairs_05.txt with 0.30000000000000004and 0.3 threshold :
  Accuracy: 0.5283
  Precision: 0.5150
  Recall: 0.9733
  F1 Score: 0.6736

Summary for pairs_06.txt with 0.30000000000000004and 0.3 threshold :
  Accuracy: 0.5117
  Precision: 0.5061
  Recall: 0.9633
  F1 Score: 0.6636

Summary for pairs_07.txt with 0.30000000000000004and 0.3 threshold :
  Accuracy: 0.5200
  Precision: 0.5103
  Recall: 0.9867
  F1 Score: 0.6727

Summary for pairs_08.txt with 0.30000000000000004and 0.3 threshold :
  Accuracy: 0.5133
  Precision: 0.5069
  Recall: 0.9833
  F1 Score: 0.6689

Summary for pairs_09.txt with 0.30000000000000004and 0.3 threshold :
  Accuracy: 0.5300
  Precision: 0.5157
  Recall: 0.9833
  F1 Score: 0.6766

Summary for pairs_10.txt with 0.30000000000000004and 0.3 threshold :
  Accuracy: 0.5250
  Precision: 0.5131
  Recall: 0.9767
  F1 Score: 0.6728

Summary for pairs_01.txt with 0.4and 0.3 threshold :
  Accuracy: 0.5150
  Precision: 0.5078
  Recall: 0.9733
  F1 Score: 0.6674

Summary for pairs_02.txt with 0.4and 0.3 threshold :
  Accuracy: 0.5217
  Precision: 0.5115
  Recall: 0.9667
  F1 Score: 0.6690

Summary for pairs_03.txt with 0.4and 0.3 threshold :
  Accuracy: 0.5033
  Precision: 0.5017
  Recall: 0.9567
  F1 Score: 0.6583

Summary for pairs_04.txt with 0.4and 0.3 threshold :
  Accuracy: 0.5167
  Precision: 0.5089
  Recall: 0.9533
  F1 Score: 0.6636

Summary for pairs_05.txt with 0.4and 0.3 threshold :
  Accuracy: 0.5250
  Precision: 0.5132
  Recall: 0.9733
  F1 Score: 0.6720

Summary for pairs_06.txt with 0.4and 0.3 threshold :
  Accuracy: 0.5150
  Precision: 0.5080
  Recall: 0.9567
  F1 Score: 0.6636

Summary for pairs_07.txt with 0.4and 0.3 threshold :
  Accuracy: 0.5233
  Precision: 0.5124
  Recall: 0.9633
  F1 Score: 0.6690

Summary for pairs_08.txt with 0.4and 0.3 threshold :
  Accuracy: 0.5233
  Precision: 0.5123
  Recall: 0.9700
  F1 Score: 0.6705

Summary for pairs_09.txt with 0.4and 0.3 threshold :
  Accuracy: 0.5300
  Precision: 0.5160
  Recall: 0.9667
  F1 Score: 0.6729

Summary for pairs_10.txt with 0.4and 0.3 threshold :
  Accuracy: 0.5017
  Precision: 0.5009
  Recall: 0.9433
  F1 Score: 0.6543

Summary for pairs_01.txt with 0.5and 0.3 threshold :
  Accuracy: 0.5217
  Precision: 0.5121
  Recall: 0.9200
  F1 Score: 0.6579

Summary for pairs_02.txt with 0.5and 0.3 threshold :
  Accuracy: 0.5117
  Precision: 0.5063
  Recall: 0.9367
  F1 Score: 0.6573

Summary for pairs_03.txt with 0.5and 0.3 threshold :
  Accuracy: 0.5083
  Precision: 0.5044
  Recall: 0.9467
  F1 Score: 0.6582

Summary for pairs_04.txt with 0.5and 0.3 threshold :
  Accuracy: 0.5067
  Precision: 0.5036
  Recall: 0.9233
  F1 Score: 0.6518

Summary for pairs_05.txt with 0.5and 0.3 threshold :
  Accuracy: 0.5050
  Precision: 0.5027
  Recall: 0.9433
  F1 Score: 0.6559

Summary for pairs_06.txt with 0.5and 0.3 threshold :
  Accuracy: 0.4967
  Precision: 0.4982
  Recall: 0.9100
  F1 Score: 0.6439

Summary for pairs_07.txt with 0.5and 0.3 threshold :
  Accuracy: 0.4983
  Precision: 0.4991
  Recall: 0.9033
  F1 Score: 0.6429

Summary for pairs_08.txt with 0.5and 0.3 threshold :
  Accuracy: 0.5083
  Precision: 0.5045
  Recall: 0.9267
  F1 Score: 0.6533

Summary for pairs_09.txt with 0.5and 0.3 threshold :
  Accuracy: 0.5183
  Precision: 0.5100
  Recall: 0.9333
  F1 Score: 0.6596

Summary for pairs_10.txt with 0.5and 0.3 threshold :
  Accuracy: 0.5100
  Precision: 0.5055
  Recall: 0.9233
  F1 Score: 0.6533

Summary for pairs_01.txt with 0.6and 0.3 threshold :
  Accuracy: 0.5283
  Precision: 0.5155
  Recall: 0.9433
  F1 Score: 0.6667

Summary for pairs_02.txt with 0.6and 0.3 threshold :
  Accuracy: 0.4883
  Precision: 0.4936
  Recall: 0.9067
  F1 Score: 0.6392

Summary for pairs_03.txt with 0.6and 0.3 threshold :
  Accuracy: 0.5150
  Precision: 0.5082
  Recall: 0.9333
  F1 Score: 0.6580

Summary for pairs_04.txt with 0.6and 0.3 threshold :
  Accuracy: 0.5083
  Precision: 0.5045
  Recall: 0.9333
  F1 Score: 0.6550

Summary for pairs_05.txt with 0.6and 0.3 threshold :
  Accuracy: 0.4967
  Precision: 0.4982
  Recall: 0.9367
  F1 Score: 0.6505

Summary for pairs_06.txt with 0.6and 0.3 threshold :
  Accuracy: 0.4950
  Precision: 0.4973
  Recall: 0.9267
  F1 Score: 0.6473

Summary for pairs_07.txt with 0.6and 0.3 threshold :
  Accuracy: 0.5233
  Precision: 0.5126
  Recall: 0.9467
  F1 Score: 0.6651

Summary for pairs_08.txt with 0.6and 0.3 threshold :
  Accuracy: 0.4967
  Precision: 0.4982
  Recall: 0.9200
  F1 Score: 0.6464

Summary for pairs_09.txt with 0.6and 0.3 threshold :
  Accuracy: 0.5050
  Precision: 0.5027
  Recall: 0.9300
  F1 Score: 0.6526

Summary for pairs_10.txt with 0.6and 0.3 threshold :
  Accuracy: 0.4983
  Precision: 0.4991
  Recall: 0.9267
  F1 Score: 0.6488

Summary for pairs_01.txt with 0.7000000000000001and 0.3 threshold :
  Accuracy: 0.5117
  Precision: 0.5063
  Recall: 0.9333
  F1 Score: 0.6565

Summary for pairs_02.txt with 0.7000000000000001and 0.3 threshold :
  Accuracy: 0.5017
  Precision: 0.5009
  Recall: 0.9267
  F1 Score: 0.6503

Summary for pairs_03.txt with 0.7000000000000001and 0.3 threshold :
  Accuracy: 0.5067
  Precision: 0.5036
  Recall: 0.9367
  F1 Score: 0.6550

Summary for pairs_04.txt with 0.7000000000000001and 0.3 threshold :
  Accuracy: 0.5017
  Precision: 0.5009
  Recall: 0.9233
  F1 Score: 0.6495

Summary for pairs_05.txt with 0.7000000000000001and 0.3 threshold :
  Accuracy: 0.4767
  Precision: 0.4874
  Recall: 0.9000
  F1 Score: 0.6323

Summary for pairs_06.txt with 0.7000000000000001and 0.3 threshold :
  Accuracy: 0.4983
  Precision: 0.4991
  Recall: 0.9233
  F1 Score: 0.6480

Summary for pairs_07.txt with 0.7000000000000001and 0.3 threshold :
  Accuracy: 0.5467
  Precision: 0.5259
  Recall: 0.9467
  F1 Score: 0.6762

Summary for pairs_08.txt with 0.7000000000000001and 0.3 threshold :
  Accuracy: 0.5033
  Precision: 0.5018
  Recall: 0.9333
  F1 Score: 0.6527

Summary for pairs_09.txt with 0.7000000000000001and 0.3 threshold :
  Accuracy: 0.4933
  Precision: 0.4964
  Recall: 0.9067
  F1 Score: 0.6415

Summary for pairs_10.txt with 0.7000000000000001and 0.3 threshold :
  Accuracy: 0.5000
  Precision: 0.5000
  Recall: 0.9267
  F1 Score: 0.6495

Summary for pairs_01.txt with 0.8and 0.3 threshold :
  Accuracy: 0.5067
  Precision: 0.5037
  Recall: 0.9167
  F1 Score: 0.6501

Summary for pairs_02.txt with 0.8and 0.3 threshold :
  Accuracy: 0.5050
  Precision: 0.5028
  Recall: 0.9067
  F1 Score: 0.6468

Summary for pairs_03.txt with 0.8and 0.3 threshold :
  Accuracy: 0.4983
  Precision: 0.4991
  Recall: 0.9067
  F1 Score: 0.6438

Summary for pairs_04.txt with 0.8and 0.3 threshold :
  Accuracy: 0.4967
  Precision: 0.4982
  Recall: 0.9367
  F1 Score: 0.6505

Summary for pairs_05.txt with 0.8and 0.3 threshold :
  Accuracy: 0.5183
  Precision: 0.5102
  Recall: 0.9200
  F1 Score: 0.6564

Summary for pairs_06.txt with 0.8and 0.3 threshold :
  Accuracy: 0.4917
  Precision: 0.4954
  Recall: 0.9067
  F1 Score: 0.6408

Summary for pairs_07.txt with 0.8and 0.3 threshold :
  Accuracy: 0.4767
  Precision: 0.4868
  Recall: 0.8633
  F1 Score: 0.6226

Summary for pairs_08.txt with 0.8and 0.3 threshold :
  Accuracy: 0.5017
  Precision: 0.5009
  Recall: 0.9167
  F1 Score: 0.6478

Summary for pairs_09.txt with 0.8and 0.3 threshold :
  Accuracy: 0.4983
  Precision: 0.4991
  Recall: 0.9233
  F1 Score: 0.6480

Summary for pairs_10.txt with 0.8and 0.3 threshold :
  Accuracy: 0.5150
  Precision: 0.5082
  Recall: 0.9300
  F1 Score: 0.6572

Summary for pairs_01.txt with 0.9and 0.3 threshold :
  Accuracy: 0.4967
  Precision: 0.4981
  Recall: 0.8967
  F1 Score: 0.6405

Summary for pairs_02.txt with 0.9and 0.3 threshold :
  Accuracy: 0.5200
  Precision: 0.5108
  Recall: 0.9433
  F1 Score: 0.6628

Summary for pairs_03.txt with 0.9and 0.3 threshold :
  Accuracy: 0.5067
  Precision: 0.5037
  Recall: 0.9100
  F1 Score: 0.6485

Summary for pairs_04.txt with 0.9and 0.3 threshold :
  Accuracy: 0.5000
  Precision: 0.5000
  Recall: 0.9067
  F1 Score: 0.6445

Summary for pairs_05.txt with 0.9and 0.3 threshold :
  Accuracy: 0.5017
  Precision: 0.5009
  Recall: 0.9000
  F1 Score: 0.6436

slurmstepd: error: *** JOB 26952296 ON ng10103 CANCELLED AT 2024-03-19T11:57:21 DUE TO TIME LIMIT ***
