Defaulting to user installation because normal site-packages is not writeable
Looking in links: /cvmfs/soft.computecanada.ca/custom/python/wheelhouse/gentoo2020/avx2, /cvmfs/soft.computecanada.ca/custom/python/wheelhouse/gentoo/avx2, /cvmfs/soft.computecanada.ca/custom/python/wheelhouse/gentoo2020/generic, /cvmfs/soft.computecanada.ca/custom/python/wheelhouse/gentoo/generic, /cvmfs/soft.computecanada.ca/custom/python/wheelhouse/generic
Requirement already satisfied: tensorflow==2.8 in /home/yaldaw/.local/lib/python3.10/site-packages (2.8.0+computecanada)
Requirement already satisfied: opt-einsum>=2.3.2 in /home/yaldaw/.local/lib/python3.10/site-packages (from tensorflow==2.8) (3.3.0+computecanada)
Requirement already satisfied: tensorboard<2.9,>=2.8 in /home/yaldaw/.local/lib/python3.10/site-packages (from tensorflow==2.8) (2.8.0+computecanada)
Requirement already satisfied: astunparse>=1.6.0 in /home/yaldaw/.local/lib/python3.10/site-packages (from tensorflow==2.8) (1.6.3+computecanada)
Requirement already satisfied: termcolor>=1.1.0 in /home/yaldaw/.local/lib/python3.10/site-packages (from tensorflow==2.8) (2.4.0+computecanada)
Requirement already satisfied: h5py>=2.9.0 in /home/yaldaw/.local/lib/python3.10/site-packages (from tensorflow==2.8) (3.8.0+computecanada)
Requirement already satisfied: numpy>=1.20 in /home/yaldaw/.local/lib/python3.10/site-packages (from tensorflow==2.8) (1.25.2+computecanada)
Requirement already satisfied: wrapt>=1.11.0 in /home/yaldaw/.local/lib/python3.10/site-packages (from tensorflow==2.8) (1.14.1+computecanada)
Requirement already satisfied: keras<2.9,>=2.8.0rc0 in /home/yaldaw/.local/lib/python3.10/site-packages (from tensorflow==2.8) (2.8.0+computecanada)
Requirement already satisfied: absl-py>=0.4.0 in /home/yaldaw/.local/lib/python3.10/site-packages (from tensorflow==2.8) (1.4.0+computecanada)
Requirement already satisfied: protobuf>=3.9.2 in /home/yaldaw/.local/lib/python3.10/site-packages (from tensorflow==2.8) (3.20.3+computecanada)
Requirement already satisfied: gast>=0.2.1 in /home/yaldaw/.local/lib/python3.10/site-packages (from tensorflow==2.8) (0.5.4+computecanada)
Requirement already satisfied: typing-extensions>=3.6.6 in /home/yaldaw/.local/lib/python3.10/site-packages (from tensorflow==2.8) (4.10.0+computecanada)
Requirement already satisfied: libclang>=9.0.1 in /home/yaldaw/.local/lib/python3.10/site-packages (from tensorflow==2.8) (14.0.1+computecanada)
Requirement already satisfied: tensorflow-io-gcs-filesystem>=0.23.1 in /home/yaldaw/.local/lib/python3.10/site-packages (from tensorflow==2.8) (0.32.0+computecanada)
Requirement already satisfied: tf-estimator-nightly==2.8.0.dev2021122109 in /home/yaldaw/.local/lib/python3.10/site-packages (from tensorflow==2.8) (2.8.0.dev2021122109+computecanada)
Requirement already satisfied: grpcio<2.0,>=1.24.3 in /home/yaldaw/.local/lib/python3.10/site-packages (from tensorflow==2.8) (1.57.0+computecanada)
Requirement already satisfied: keras-preprocessing>=1.1.1 in /home/yaldaw/.local/lib/python3.10/site-packages (from tensorflow==2.8) (1.1.2+computecanada)
Requirement already satisfied: setuptools in /cvmfs/soft.computecanada.ca/easybuild/software/2020/avx2/Core/python/3.10.2/lib/python3.10/site-packages (from tensorflow==2.8) (60.7.1)
Requirement already satisfied: google-pasta>=0.1.1 in /home/yaldaw/.local/lib/python3.10/site-packages (from tensorflow==2.8) (0.2.0+computecanada)
Requirement already satisfied: six>=1.12.0 in /cvmfs/soft.computecanada.ca/easybuild/software/2020/avx2/Core/python/3.10.2/lib/python3.10/site-packages (from tensorflow==2.8) (1.16.0)
Requirement already satisfied: flatbuffers>=1.12 in /home/yaldaw/.local/lib/python3.10/site-packages (from tensorflow==2.8) (20190709135844+computecanada)
Requirement already satisfied: wheel<1.0,>=0.23.0 in /cvmfs/soft.computecanada.ca/easybuild/software/2020/avx2/Core/python/3.10.2/lib/python3.10/site-packages (from astunparse>=1.6.0->tensorflow==2.8) (0.37.1)
Requirement already satisfied: google-auth<3,>=1.6.3 in /home/yaldaw/.local/lib/python3.10/site-packages (from tensorboard<2.9,>=2.8->tensorflow==2.8) (2.28.2)
Requirement already satisfied: markdown>=2.6.8 in /home/yaldaw/.local/lib/python3.10/site-packages (from tensorboard<2.9,>=2.8->tensorflow==2.8) (3.5.2+computecanada)
Requirement already satisfied: werkzeug>=0.11.15 in /home/yaldaw/.local/lib/python3.10/site-packages (from tensorboard<2.9,>=2.8->tensorflow==2.8) (3.0.1+computecanada)
Requirement already satisfied: google-auth-oauthlib<0.5,>=0.4.1 in /home/yaldaw/.local/lib/python3.10/site-packages (from tensorboard<2.9,>=2.8->tensorflow==2.8) (0.4.6+computecanada)
Requirement already satisfied: tensorboard-data-server<0.7.0,>=0.6.0 in /home/yaldaw/.local/lib/python3.10/site-packages (from tensorboard<2.9,>=2.8->tensorflow==2.8) (0.6.1+computecanada)
Requirement already satisfied: requests<3,>=2.21.0 in /home/yaldaw/.local/lib/python3.10/site-packages (from tensorboard<2.9,>=2.8->tensorflow==2.8) (2.31.0+computecanada)
Requirement already satisfied: tensorboard-plugin-wit>=1.6.0 in /home/yaldaw/.local/lib/python3.10/site-packages (from tensorboard<2.9,>=2.8->tensorflow==2.8) (1.8.1+computecanada)
Requirement already satisfied: rsa<5,>=3.1.4 in /home/yaldaw/.local/lib/python3.10/site-packages (from google-auth<3,>=1.6.3->tensorboard<2.9,>=2.8->tensorflow==2.8) (4.9+computecanada)
Requirement already satisfied: cachetools<6.0,>=2.0.0 in /home/yaldaw/.local/lib/python3.10/site-packages (from google-auth<3,>=1.6.3->tensorboard<2.9,>=2.8->tensorflow==2.8) (5.3.3)
Requirement already satisfied: pyasn1-modules>=0.2.1 in /home/yaldaw/.local/lib/python3.10/site-packages (from google-auth<3,>=1.6.3->tensorboard<2.9,>=2.8->tensorflow==2.8) (0.3.0+computecanada)
Requirement already satisfied: requests-oauthlib>=0.7.0 in /home/yaldaw/.local/lib/python3.10/site-packages (from google-auth-oauthlib<0.5,>=0.4.1->tensorboard<2.9,>=2.8->tensorflow==2.8) (1.4.0)
Requirement already satisfied: urllib3<3,>=1.21.1 in /home/yaldaw/.local/lib/python3.10/site-packages (from requests<3,>=2.21.0->tensorboard<2.9,>=2.8->tensorflow==2.8) (2.0.7+computecanada)
Requirement already satisfied: charset-normalizer<4,>=2 in /home/yaldaw/.local/lib/python3.10/site-packages (from requests<3,>=2.21.0->tensorboard<2.9,>=2.8->tensorflow==2.8) (3.3.2)
Requirement already satisfied: idna<4,>=2.5 in /home/yaldaw/.local/lib/python3.10/site-packages (from requests<3,>=2.21.0->tensorboard<2.9,>=2.8->tensorflow==2.8) (3.6)
Requirement already satisfied: certifi>=2017.4.17 in /home/yaldaw/.local/lib/python3.10/site-packages (from requests<3,>=2.21.0->tensorboard<2.9,>=2.8->tensorflow==2.8) (2024.2.2)
Requirement already satisfied: MarkupSafe>=2.1.1 in /home/yaldaw/.local/lib/python3.10/site-packages (from werkzeug>=0.11.15->tensorboard<2.9,>=2.8->tensorflow==2.8) (2.1.3+computecanada)
Requirement already satisfied: pyasn1<0.6.0,>=0.4.6 in /home/yaldaw/.local/lib/python3.10/site-packages (from pyasn1-modules>=0.2.1->google-auth<3,>=1.6.3->tensorboard<2.9,>=2.8->tensorflow==2.8) (0.5.1+computecanada)
Requirement already satisfied: oauthlib>=3.0.0 in /home/yaldaw/.local/lib/python3.10/site-packages (from requests-oauthlib>=0.7.0->google-auth-oauthlib<0.5,>=0.4.1->tensorboard<2.9,>=2.8->tensorflow==2.8) (3.2.2+computecanada)
Defaulting to user installation because normal site-packages is not writeable
Looking in links: /cvmfs/soft.computecanada.ca/custom/python/wheelhouse/gentoo2020/avx2, /cvmfs/soft.computecanada.ca/custom/python/wheelhouse/gentoo/avx2, /cvmfs/soft.computecanada.ca/custom/python/wheelhouse/gentoo2020/generic, /cvmfs/soft.computecanada.ca/custom/python/wheelhouse/gentoo/generic, /cvmfs/soft.computecanada.ca/custom/python/wheelhouse/generic
Requirement already satisfied: comet_ml in /home/yaldaw/.local/lib/python3.10/site-packages (3.35.4+computecanada)
Requirement already satisfied: urllib3>=1.21.1 in /home/yaldaw/.local/lib/python3.10/site-packages (from comet_ml) (2.0.7+computecanada)
Requirement already satisfied: six in /cvmfs/soft.computecanada.ca/easybuild/software/2020/avx2/Core/python/3.10.2/lib/python3.10/site-packages (from comet_ml) (1.16.0)
Requirement already satisfied: python-box<7.0.0 in /home/yaldaw/.local/lib/python3.10/site-packages (from comet_ml) (6.1.0+computecanada)
Requirement already satisfied: dulwich!=0.20.33,>=0.20.6 in /home/yaldaw/.local/lib/python3.10/site-packages (from comet_ml) (0.21.3+computecanada)
Requirement already satisfied: psutil>=5.6.3 in /home/yaldaw/.local/lib/python3.10/site-packages (from comet_ml) (5.9.8)
Requirement already satisfied: sentry-sdk>=1.1.0 in /home/yaldaw/.local/lib/python3.10/site-packages (from comet_ml) (1.40.6)
Requirement already satisfied: rich>=13.3.2 in /home/yaldaw/.local/lib/python3.10/site-packages (from comet_ml) (13.7.1+computecanada)
Requirement already satisfied: everett[ini]<3.2.0,>=1.0.1 in /home/yaldaw/.local/lib/python3.10/site-packages (from comet_ml) (3.1.0+computecanada)
Requirement already satisfied: simplejson in /home/yaldaw/.local/lib/python3.10/site-packages (from comet_ml) (3.19.2+computecanada)
Requirement already satisfied: requests>=2.18.4 in /home/yaldaw/.local/lib/python3.10/site-packages (from comet_ml) (2.31.0+computecanada)
Requirement already satisfied: wurlitzer>=1.0.2 in /home/yaldaw/.local/lib/python3.10/site-packages (from comet_ml) (3.0.3+computecanada)
Requirement already satisfied: jsonschema!=3.1.0,>=2.6.0 in /home/yaldaw/.local/lib/python3.10/site-packages (from comet_ml) (4.21.1+computecanada)
Requirement already satisfied: semantic-version>=2.8.0 in /home/yaldaw/.local/lib/python3.10/site-packages (from comet_ml) (2.10.0+computecanada)
Requirement already satisfied: wrapt>=1.11.2 in /home/yaldaw/.local/lib/python3.10/site-packages (from comet_ml) (1.14.1+computecanada)
Requirement already satisfied: websocket-client<1.4.0,>=0.55.0 in /home/yaldaw/.local/lib/python3.10/site-packages (from comet_ml) (1.3.3+computecanada)
Requirement already satisfied: requests-toolbelt>=0.8.0 in /home/yaldaw/.local/lib/python3.10/site-packages (from comet_ml) (1.0.0+computecanada)
Requirement already satisfied: configobj in /home/yaldaw/.local/lib/python3.10/site-packages (from everett[ini]<3.2.0,>=1.0.1->comet_ml) (5.0.8+computecanada)
Requirement already satisfied: jsonschema-specifications>=2023.03.6 in /home/yaldaw/.local/lib/python3.10/site-packages (from jsonschema!=3.1.0,>=2.6.0->comet_ml) (2023.12.1+computecanada)
Requirement already satisfied: referencing>=0.28.4 in /home/yaldaw/.local/lib/python3.10/site-packages (from jsonschema!=3.1.0,>=2.6.0->comet_ml) (0.33.0+computecanada)
Requirement already satisfied: rpds-py>=0.7.1 in /home/yaldaw/.local/lib/python3.10/site-packages (from jsonschema!=3.1.0,>=2.6.0->comet_ml) (0.10.0+computecanada)
Requirement already satisfied: attrs>=22.2.0 in /home/yaldaw/.local/lib/python3.10/site-packages (from jsonschema!=3.1.0,>=2.6.0->comet_ml) (23.2.0+computecanada)
Requirement already satisfied: idna<4,>=2.5 in /home/yaldaw/.local/lib/python3.10/site-packages (from requests>=2.18.4->comet_ml) (3.6)
Requirement already satisfied: charset-normalizer<4,>=2 in /home/yaldaw/.local/lib/python3.10/site-packages (from requests>=2.18.4->comet_ml) (3.3.2)
Requirement already satisfied: certifi>=2017.4.17 in /home/yaldaw/.local/lib/python3.10/site-packages (from requests>=2.18.4->comet_ml) (2024.2.2)
Requirement already satisfied: pygments<3.0.0,>=2.13.0 in /home/yaldaw/.local/lib/python3.10/site-packages (from rich>=13.3.2->comet_ml) (2.17.2+computecanada)
Requirement already satisfied: markdown-it-py>=2.2.0 in /home/yaldaw/.local/lib/python3.10/site-packages (from rich>=13.3.2->comet_ml) (3.0.0+computecanada)
Requirement already satisfied: mdurl~=0.1 in /home/yaldaw/.local/lib/python3.10/site-packages (from markdown-it-py>=2.2.0->rich>=13.3.2->comet_ml) (0.1.2+computecanada)
COMET INFO: Experiment is live on comet.com https://www.comet.com/enhancing-gradient/random-square-masking-effect/00465eb32d534079a2085a37cfccaca8

2024-03-19 09:08:56.607342: I tensorflow/core/platform/cpu_feature_guard.cc:151] This TensorFlow binary is optimized with oneAPI Deep Neural Network Library (oneDNN) to use the following CPU instructions in performance-critical operations:  AVX2 FMA
To enable them in other operations, rebuild TensorFlow with the appropriate compiler flags.
2024-03-19 09:08:57.652807: I tensorflow/core/common_runtime/gpu/gpu_device.cc:1525] Created device /job:localhost/replica:0/task:0/device:GPU:0 with 38212 MB memory:  -> device: 0, name: NVIDIA A100-SXM4-40GB, pci bus id: 0000:c1:00.0, compute capability: 8.0
WARNING:tensorflow:No training configuration found in the save file, so the model was *not* compiled. Compile it manually.
2024-03-19 09:09:01.695148: I tensorflow/stream_executor/cuda/cuda_dnn.cc:368] Loaded cuDNN version 8200
2024-03-19 09:09:02.268121: I tensorflow/core/platform/default/subprocess.cc:304] Start cannot spawn child process: No such file or directory
2024-03-19 09:09:02.268808: I tensorflow/core/platform/default/subprocess.cc:304] Start cannot spawn child process: No such file or directory
2024-03-19 09:09:02.268834: W tensorflow/stream_executor/gpu/asm_compiler.cc:80] Couldn't get ptxas version string: INTERNAL: Couldn't invoke ptxas --version
2024-03-19 09:09:02.269532: I tensorflow/core/platform/default/subprocess.cc:304] Start cannot spawn child process: No such file or directory
2024-03-19 09:09:02.269606: W tensorflow/stream_executor/gpu/redzone_allocator.cc:314] INTERNAL: Failed to launch ptxas
Relying on driver to perform ptx compilation. 
Modify $PATH to customize ptxas location.
This message will be only logged once.
Summary for pairs_01.txt with 1 masks 0.3 threshold:
  Accuracy: 0.5617
  Precision: 0.5335
  Recall: 0.9833
  F1 Score: 0.6917

Summary for pairs_02.txt with 1 masks 0.3 threshold:
  Accuracy: 0.5633
  Precision: 0.5349
  Recall: 0.9700
  F1 Score: 0.6896

Summary for pairs_03.txt with 1 masks 0.3 threshold:
  Accuracy: 0.5433
  Precision: 0.5236
  Recall: 0.9633
  F1 Score: 0.6784

Summary for pairs_04.txt with 1 masks 0.3 threshold:
  Accuracy: 0.5600
  Precision: 0.5333
  Recall: 0.9600
  F1 Score: 0.6857

Summary for pairs_05.txt with 1 masks 0.3 threshold:
  Accuracy: 0.5267
  Precision: 0.5148
  Recall: 0.9267
  F1 Score: 0.6619

Summary for pairs_06.txt with 1 masks 0.3 threshold:
  Accuracy: 0.5533
  Precision: 0.5291
  Recall: 0.9700
  F1 Score: 0.6847

Summary for pairs_07.txt with 1 masks 0.3 threshold:
  Accuracy: 0.5567
  Precision: 0.5310
  Recall: 0.9700
  F1 Score: 0.6863

Summary for pairs_08.txt with 1 masks 0.3 threshold:
  Accuracy: 0.5483
  Precision: 0.5266
  Recall: 0.9567
  F1 Score: 0.6793

Summary for pairs_09.txt with 1 masks 0.3 threshold:
  Accuracy: 0.5567
  Precision: 0.5309
  Recall: 0.9733
  F1 Score: 0.6871

Summary for pairs_10.txt with 1 masks 0.3 threshold:
  Accuracy: 0.5583
  Precision: 0.5316
  Recall: 0.9800
  F1 Score: 0.6893

COMET WARNING: Cannot safely convert {'accuracy': 0.5528333333333334, 'precision': 0.5289352203275961, 'recall': 0.9653333333333333, 'f1': 0.6833979870961567} object to a scalar value, using its string representation for logging. Resulting string might be invalid
COMET WARNING: Cannot safely convert {'accuracy': [], 'precision': [], 'recall': [], 'f1': []} object to a scalar value, using its string representation for logging. Resulting string might be invalid
COMET WARNING: Cannot safely convert {'accuracy': [], 'precision': [], 'recall': [], 'f1': []} object to a scalar value, using its string representation for logging. Resulting string might be invalid
COMET WARNING: Cannot safely convert {'accuracy': [], 'precision': [], 'recall': [], 'f1': []} object to a scalar value, using its string representation for logging. Resulting string might be invalid
COMET WARNING: Cannot safely convert {'accuracy': [], 'precision': [], 'recall': [], 'f1': []} object to a scalar value, using its string representation for logging. Resulting string might be invalid
COMET WARNING: Cannot safely convert {'accuracy': [], 'precision': [], 'recall': [], 'f1': []} object to a scalar value, using its string representation for logging. Resulting string might be invalid
COMET WARNING: Cannot safely convert {'accuracy': [], 'precision': [], 'recall': [], 'f1': []} object to a scalar value, using its string representation for logging. Resulting string might be invalid
COMET WARNING: Cannot safely convert {'accuracy': [], 'precision': [], 'recall': [], 'f1': []} object to a scalar value, using its string representation for logging. Resulting string might be invalid
COMET WARNING: Cannot safely convert {'accuracy': [], 'precision': [], 'recall': [], 'f1': []} object to a scalar value, using its string representation for logging. Resulting string might be invalid
COMET WARNING: Cannot safely convert {'accuracy': [], 'precision': [], 'recall': [], 'f1': []} object to a scalar value, using its string representation for logging. Resulting string might be invalid
Summary for pairs_01.txt with 2 masks 0.3 threshold:
  Accuracy: 0.5433
  Precision: 0.5237
  Recall: 0.9567
  F1 Score: 0.6769

Summary for pairs_02.txt with 2 masks 0.3 threshold:
  Accuracy: 0.5417
  Precision: 0.5229
  Recall: 0.9500
  F1 Score: 0.6746

Summary for pairs_03.txt with 2 masks 0.3 threshold:
  Accuracy: 0.5383
  Precision: 0.5214
  Recall: 0.9333
  F1 Score: 0.6691

Summary for pairs_04.txt with 2 masks 0.3 threshold:
  Accuracy: 0.5467
  Precision: 0.5266
  Recall: 0.9233
  F1 Score: 0.6707

Summary for pairs_05.txt with 2 masks 0.3 threshold:
  Accuracy: 0.5517
  Precision: 0.5305
  Recall: 0.9000
  F1 Score: 0.6675

Summary for pairs_06.txt with 2 masks 0.3 threshold:
  Accuracy: 0.5500
  Precision: 0.5276
  Recall: 0.9567
  F1 Score: 0.6801

Summary for pairs_07.txt with 2 masks 0.3 threshold:
  Accuracy: 0.5483
  Precision: 0.5269
  Recall: 0.9467
  F1 Score: 0.6770

Summary for pairs_08.txt with 2 masks 0.3 threshold:
  Accuracy: 0.5667
  Precision: 0.5370
  Recall: 0.9667
  F1 Score: 0.6905

Summary for pairs_09.txt with 2 masks 0.3 threshold:
  Accuracy: 0.5600
  Precision: 0.5331
  Recall: 0.9667
  F1 Score: 0.6872

Summary for pairs_10.txt with 2 masks 0.3 threshold:
  Accuracy: 0.5567
  Precision: 0.5318
  Recall: 0.9467
  F1 Score: 0.6811

COMET WARNING: Cannot safely convert {'accuracy': 0.5528333333333334, 'precision': 0.5289352203275961, 'recall': 0.9653333333333333, 'f1': 0.6833979870961567} object to a scalar value, using its string representation for logging. Resulting string might be invalid
COMET WARNING: Cannot safely convert {'accuracy': 0.5503333333333333, 'precision': 0.5281577191053067, 'recall': 0.9446666666666668, 'f1': 0.6774518415735087} object to a scalar value, using its string representation for logging. Resulting string might be invalid
COMET WARNING: Cannot safely convert {'accuracy': [], 'precision': [], 'recall': [], 'f1': []} object to a scalar value, using its string representation for logging. Resulting string might be invalid
COMET WARNING: Cannot safely convert {'accuracy': [], 'precision': [], 'recall': [], 'f1': []} object to a scalar value, using its string representation for logging. Resulting string might be invalid
COMET WARNING: Cannot safely convert {'accuracy': [], 'precision': [], 'recall': [], 'f1': []} object to a scalar value, using its string representation for logging. Resulting string might be invalid
COMET WARNING: Cannot safely convert {'accuracy': [], 'precision': [], 'recall': [], 'f1': []} object to a scalar value, using its string representation for logging. Resulting string might be invalid
COMET WARNING: Cannot safely convert {'accuracy': [], 'precision': [], 'recall': [], 'f1': []} object to a scalar value, using its string representation for logging. Resulting string might be invalid
COMET WARNING: Cannot safely convert {'accuracy': [], 'precision': [], 'recall': [], 'f1': []} object to a scalar value, using its string representation for logging. Resulting string might be invalid
COMET WARNING: Cannot safely convert {'accuracy': [], 'precision': [], 'recall': [], 'f1': []} object to a scalar value, using its string representation for logging. Resulting string might be invalid
COMET WARNING: Cannot safely convert {'accuracy': [], 'precision': [], 'recall': [], 'f1': []} object to a scalar value, using its string representation for logging. Resulting string might be invalid
Summary for pairs_01.txt with 3 masks 0.3 threshold:
  Accuracy: 0.5450
  Precision: 0.5253
  Recall: 0.9333
  F1 Score: 0.6723

Summary for pairs_02.txt with 3 masks 0.3 threshold:
  Accuracy: 0.5533
  Precision: 0.5311
  Recall: 0.9100
  F1 Score: 0.6708

Summary for pairs_03.txt with 3 masks 0.3 threshold:
  Accuracy: 0.5533
  Precision: 0.5302
  Recall: 0.9367
  F1 Score: 0.6771

Summary for pairs_04.txt with 3 masks 0.3 threshold:
  Accuracy: 0.5850
  Precision: 0.5499
  Recall: 0.9367
  F1 Score: 0.6930

Summary for pairs_05.txt with 3 masks 0.3 threshold:
  Accuracy: 0.5617
  Precision: 0.5368
  Recall: 0.9000
  F1 Score: 0.6725

Summary for pairs_06.txt with 3 masks 0.3 threshold:
  Accuracy: 0.5500
  Precision: 0.5287
  Recall: 0.9200
  F1 Score: 0.6715

Summary for pairs_07.txt with 3 masks 0.3 threshold:
  Accuracy: 0.5717
  Precision: 0.5410
  Recall: 0.9467
  F1 Score: 0.6885

Summary for pairs_08.txt with 3 masks 0.3 threshold:
  Accuracy: 0.5500
  Precision: 0.5286
  Recall: 0.9233
  F1 Score: 0.6723

Summary for pairs_09.txt with 3 masks 0.3 threshold:
  Accuracy: 0.5633
  Precision: 0.5363
  Recall: 0.9367
  F1 Score: 0.6820

Summary for pairs_10.txt with 3 masks 0.3 threshold:
  Accuracy: 0.5583
  Precision: 0.5333
  Recall: 0.9333
  F1 Score: 0.6788

COMET WARNING: Cannot safely convert {'accuracy': 0.5528333333333334, 'precision': 0.5289352203275961, 'recall': 0.9653333333333333, 'f1': 0.6833979870961567} object to a scalar value, using its string representation for logging. Resulting string might be invalid
COMET WARNING: Cannot safely convert {'accuracy': 0.5503333333333333, 'precision': 0.5281577191053067, 'recall': 0.9446666666666668, 'f1': 0.6774518415735087} object to a scalar value, using its string representation for logging. Resulting string might be invalid
COMET WARNING: Cannot safely convert {'accuracy': 0.5591666666666667, 'precision': 0.5341233733471296, 'recall': 0.9276666666666668, 'f1': 0.6778763364761986} object to a scalar value, using its string representation for logging. Resulting string might be invalid
COMET WARNING: Cannot safely convert {'accuracy': [], 'precision': [], 'recall': [], 'f1': []} object to a scalar value, using its string representation for logging. Resulting string might be invalid
COMET WARNING: Cannot safely convert {'accuracy': [], 'precision': [], 'recall': [], 'f1': []} object to a scalar value, using its string representation for logging. Resulting string might be invalid
COMET WARNING: Cannot safely convert {'accuracy': [], 'precision': [], 'recall': [], 'f1': []} object to a scalar value, using its string representation for logging. Resulting string might be invalid
COMET WARNING: Cannot safely convert {'accuracy': [], 'precision': [], 'recall': [], 'f1': []} object to a scalar value, using its string representation for logging. Resulting string might be invalid
COMET WARNING: Cannot safely convert {'accuracy': [], 'precision': [], 'recall': [], 'f1': []} object to a scalar value, using its string representation for logging. Resulting string might be invalid
COMET WARNING: Cannot safely convert {'accuracy': [], 'precision': [], 'recall': [], 'f1': []} object to a scalar value, using its string representation for logging. Resulting string might be invalid
COMET WARNING: Cannot safely convert {'accuracy': [], 'precision': [], 'recall': [], 'f1': []} object to a scalar value, using its string representation for logging. Resulting string might be invalid
Summary for pairs_01.txt with 4 masks 0.3 threshold:
  Accuracy: 0.5517
  Precision: 0.5290
  Recall: 0.9433
  F1 Score: 0.6778

Summary for pairs_02.txt with 4 masks 0.3 threshold:
  Accuracy: 0.5417
  Precision: 0.5246
  Recall: 0.8900
  F1 Score: 0.6601

Summary for pairs_03.txt with 4 masks 0.3 threshold:
  Accuracy: 0.5617
  Precision: 0.5358
  Recall: 0.9233
  F1 Score: 0.6781

Summary for pairs_04.txt with 4 masks 0.3 threshold:
  Accuracy: 0.5733
  Precision: 0.5437
  Recall: 0.9133
  F1 Score: 0.6816

Summary for pairs_05.txt with 4 masks 0.3 threshold:
  Accuracy: 0.5333
  Precision: 0.5197
  Recall: 0.8800
  F1 Score: 0.6535

Summary for pairs_06.txt with 4 masks 0.3 threshold:
  Accuracy: 0.5450
  Precision: 0.5266
  Recall: 0.8900
  F1 Score: 0.6617

Summary for pairs_07.txt with 4 masks 0.3 threshold:
  Accuracy: 0.5667
  Precision: 0.5386
  Recall: 0.9300
  F1 Score: 0.6822

Summary for pairs_08.txt with 4 masks 0.3 threshold:
  Accuracy: 0.5383
  Precision: 0.5223
  Recall: 0.8967
  F1 Score: 0.6601

Summary for pairs_09.txt with 4 masks 0.3 threshold:
  Accuracy: 0.5633
  Precision: 0.5375
  Recall: 0.9067
  F1 Score: 0.6749

Summary for pairs_10.txt with 4 masks 0.3 threshold:
  Accuracy: 0.5417
  Precision: 0.5241
  Recall: 0.9067
  F1 Score: 0.6642

COMET WARNING: Cannot safely convert {'accuracy': 0.5528333333333334, 'precision': 0.5289352203275961, 'recall': 0.9653333333333333, 'f1': 0.6833979870961567} object to a scalar value, using its string representation for logging. Resulting string might be invalid
COMET WARNING: Cannot safely convert {'accuracy': 0.5503333333333333, 'precision': 0.5281577191053067, 'recall': 0.9446666666666668, 'f1': 0.6774518415735087} object to a scalar value, using its string representation for logging. Resulting string might be invalid
COMET WARNING: Cannot safely convert {'accuracy': 0.5591666666666667, 'precision': 0.5341233733471296, 'recall': 0.9276666666666668, 'f1': 0.6778763364761986} object to a scalar value, using its string representation for logging. Resulting string might be invalid
COMET WARNING: Cannot safely convert {'accuracy': 0.5516666666666667, 'precision': 0.5301850658153282, 'recall': 0.908, 'f1': 0.6694213393913369} object to a scalar value, using its string representation for logging. Resulting string might be invalid
COMET WARNING: Cannot safely convert {'accuracy': [], 'precision': [], 'recall': [], 'f1': []} object to a scalar value, using its string representation for logging. Resulting string might be invalid
COMET WARNING: Cannot safely convert {'accuracy': [], 'precision': [], 'recall': [], 'f1': []} object to a scalar value, using its string representation for logging. Resulting string might be invalid
COMET WARNING: Cannot safely convert {'accuracy': [], 'precision': [], 'recall': [], 'f1': []} object to a scalar value, using its string representation for logging. Resulting string might be invalid
COMET WARNING: Cannot safely convert {'accuracy': [], 'precision': [], 'recall': [], 'f1': []} object to a scalar value, using its string representation for logging. Resulting string might be invalid
COMET WARNING: Cannot safely convert {'accuracy': [], 'precision': [], 'recall': [], 'f1': []} object to a scalar value, using its string representation for logging. Resulting string might be invalid
COMET WARNING: Cannot safely convert {'accuracy': [], 'precision': [], 'recall': [], 'f1': []} object to a scalar value, using its string representation for logging. Resulting string might be invalid
Summary for pairs_01.txt with 5 masks 0.3 threshold:
  Accuracy: 0.5500
  Precision: 0.5286
  Recall: 0.9233
  F1 Score: 0.6723

Summary for pairs_02.txt with 5 masks 0.3 threshold:
  Accuracy: 0.5283
  Precision: 0.5164
  Recall: 0.8900
  F1 Score: 0.6536

Summary for pairs_03.txt with 5 masks 0.3 threshold:
  Accuracy: 0.5567
  Precision: 0.5331
  Recall: 0.9133
  F1 Score: 0.6732

Summary for pairs_04.txt with 5 masks 0.3 threshold:
  Accuracy: 0.5483
  Precision: 0.5278
  Recall: 0.9167
  F1 Score: 0.6699

Summary for pairs_05.txt with 5 masks 0.3 threshold:
  Accuracy: 0.5383
  Precision: 0.5229
  Recall: 0.8767
  F1 Score: 0.6550

Summary for pairs_06.txt with 5 masks 0.3 threshold:
  Accuracy: 0.5500
  Precision: 0.5290
  Recall: 0.9133
  F1 Score: 0.6699

Summary for pairs_07.txt with 5 masks 0.3 threshold:
  Accuracy: 0.5433
  Precision: 0.5259
  Recall: 0.8800
  F1 Score: 0.6584

Summary for pairs_08.txt with 5 masks 0.3 threshold:
  Accuracy: 0.5650
  Precision: 0.5376
  Recall: 0.9300
  F1 Score: 0.6813

Summary for pairs_09.txt with 5 masks 0.3 threshold:
  Accuracy: 0.5417
  Precision: 0.5246
  Recall: 0.8900
  F1 Score: 0.6601

Summary for pairs_10.txt with 5 masks 0.3 threshold:
  Accuracy: 0.5667
  Precision: 0.5392
  Recall: 0.9167
  F1 Score: 0.6790

COMET WARNING: Cannot safely convert {'accuracy': 0.5528333333333334, 'precision': 0.5289352203275961, 'recall': 0.9653333333333333, 'f1': 0.6833979870961567} object to a scalar value, using its string representation for logging. Resulting string might be invalid
COMET WARNING: Cannot safely convert {'accuracy': 0.5503333333333333, 'precision': 0.5281577191053067, 'recall': 0.9446666666666668, 'f1': 0.6774518415735087} object to a scalar value, using its string representation for logging. Resulting string might be invalid
COMET WARNING: Cannot safely convert {'accuracy': 0.5591666666666667, 'precision': 0.5341233733471296, 'recall': 0.9276666666666668, 'f1': 0.6778763364761986} object to a scalar value, using its string representation for logging. Resulting string might be invalid
COMET WARNING: Cannot safely convert {'accuracy': 0.5516666666666667, 'precision': 0.5301850658153282, 'recall': 0.908, 'f1': 0.6694213393913369} object to a scalar value, using its string representation for logging. Resulting string might be invalid
COMET WARNING: Cannot safely convert {'accuracy': 0.5488333333333334, 'precision': 0.5285034647761729, 'recall': 0.905, 'f1': 0.6672803823808806} object to a scalar value, using its string representation for logging. Resulting string might be invalid
COMET WARNING: Cannot safely convert {'accuracy': [], 'precision': [], 'recall': [], 'f1': []} object to a scalar value, using its string representation for logging. Resulting string might be invalid
COMET WARNING: Cannot safely convert {'accuracy': [], 'precision': [], 'recall': [], 'f1': []} object to a scalar value, using its string representation for logging. Resulting string might be invalid
COMET WARNING: Cannot safely convert {'accuracy': [], 'precision': [], 'recall': [], 'f1': []} object to a scalar value, using its string representation for logging. Resulting string might be invalid
COMET WARNING: Cannot safely convert {'accuracy': [], 'precision': [], 'recall': [], 'f1': []} object to a scalar value, using its string representation for logging. Resulting string might be invalid
COMET WARNING: Cannot safely convert {'accuracy': [], 'precision': [], 'recall': [], 'f1': []} object to a scalar value, using its string representation for logging. Resulting string might be invalid
Summary for pairs_01.txt with 6 masks 0.3 threshold:
  Accuracy: 0.5383
  Precision: 0.5218
  Recall: 0.9167
  F1 Score: 0.6651

Summary for pairs_02.txt with 6 masks 0.3 threshold:
  Accuracy: 0.5467
  Precision: 0.5278
  Recall: 0.8867
  F1 Score: 0.6617

Summary for pairs_03.txt with 6 masks 0.3 threshold:
  Accuracy: 0.5367
  Precision: 0.5213
  Recall: 0.8967
  F1 Score: 0.6593

Summary for pairs_04.txt with 6 masks 0.3 threshold:
  Accuracy: 0.5550
  Precision: 0.5339
  Recall: 0.8667
  F1 Score: 0.6607

Summary for pairs_05.txt with 6 masks 0.3 threshold:
  Accuracy: 0.5567
  Precision: 0.5337
  Recall: 0.8967
  F1 Score: 0.6692

Summary for pairs_06.txt with 6 masks 0.3 threshold:
  Accuracy: 0.5400
  Precision: 0.5225
  Recall: 0.9300
  F1 Score: 0.6691

Summary for pairs_07.txt with 6 masks 0.3 threshold:
  Accuracy: 0.5383
  Precision: 0.5229
  Recall: 0.8767
  F1 Score: 0.6550

Summary for pairs_08.txt with 6 masks 0.3 threshold:
  Accuracy: 0.5483
  Precision: 0.5282
  Recall: 0.9067
  F1 Score: 0.6675

Summary for pairs_09.txt with 6 masks 0.3 threshold:
  Accuracy: 0.5467
  Precision: 0.5272
  Recall: 0.9033
  F1 Score: 0.6658

Summary for pairs_10.txt with 6 masks 0.3 threshold:
  Accuracy: 0.5733
  Precision: 0.5426
  Recall: 0.9333
  F1 Score: 0.6863

COMET WARNING: Cannot safely convert {'accuracy': 0.5528333333333334, 'precision': 0.5289352203275961, 'recall': 0.9653333333333333, 'f1': 0.6833979870961567} object to a scalar value, using its string representation for logging. Resulting string might be invalid
COMET WARNING: Cannot safely convert {'accuracy': 0.5503333333333333, 'precision': 0.5281577191053067, 'recall': 0.9446666666666668, 'f1': 0.6774518415735087} object to a scalar value, using its string representation for logging. Resulting string might be invalid
COMET WARNING: Cannot safely convert {'accuracy': 0.5591666666666667, 'precision': 0.5341233733471296, 'recall': 0.9276666666666668, 'f1': 0.6778763364761986} object to a scalar value, using its string representation for logging. Resulting string might be invalid
COMET WARNING: Cannot safely convert {'accuracy': 0.5516666666666667, 'precision': 0.5301850658153282, 'recall': 0.908, 'f1': 0.6694213393913369} object to a scalar value, using its string representation for logging. Resulting string might be invalid
COMET WARNING: Cannot safely convert {'accuracy': 0.5488333333333334, 'precision': 0.5285034647761729, 'recall': 0.905, 'f1': 0.6672803823808806} object to a scalar value, using its string representation for logging. Resulting string might be invalid
COMET WARNING: Cannot safely convert {'accuracy': 0.548, 'precision': 0.5281891387314765, 'recall': 0.9013333333333332, 'f1': 0.6659666059015239} object to a scalar value, using its string representation for logging. Resulting string might be invalid
COMET WARNING: Cannot safely convert {'accuracy': [], 'precision': [], 'recall': [], 'f1': []} object to a scalar value, using its string representation for logging. Resulting string might be invalid
COMET WARNING: Cannot safely convert {'accuracy': [], 'precision': [], 'recall': [], 'f1': []} object to a scalar value, using its string representation for logging. Resulting string might be invalid
COMET WARNING: Cannot safely convert {'accuracy': [], 'precision': [], 'recall': [], 'f1': []} object to a scalar value, using its string representation for logging. Resulting string might be invalid
COMET WARNING: Cannot safely convert {'accuracy': [], 'precision': [], 'recall': [], 'f1': []} object to a scalar value, using its string representation for logging. Resulting string might be invalid
Summary for pairs_01.txt with 7 masks 0.3 threshold:
  Accuracy: 0.5533
  Precision: 0.5310
  Recall: 0.9133
  F1 Score: 0.6716

Summary for pairs_02.txt with 7 masks 0.3 threshold:
  Accuracy: 0.5417
  Precision: 0.5237
  Recall: 0.9200
  F1 Score: 0.6675

Summary for pairs_03.txt with 7 masks 0.3 threshold:
  Accuracy: 0.5450
  Precision: 0.5265
  Recall: 0.8933
  F1 Score: 0.6625

Summary for pairs_04.txt with 7 masks 0.3 threshold:
  Accuracy: 0.5317
  Precision: 0.5183
  Recall: 0.8967
  F1 Score: 0.6569

Summary for pairs_05.txt with 7 masks 0.3 threshold:
  Accuracy: 0.5383
  Precision: 0.5219
  Recall: 0.9133
  F1 Score: 0.6642

Summary for pairs_06.txt with 7 masks 0.3 threshold:
  Accuracy: 0.5367
  Precision: 0.5214
  Recall: 0.8933
  F1 Score: 0.6585

Summary for pairs_07.txt with 7 masks 0.3 threshold:
  Accuracy: 0.5633
  Precision: 0.5365
  Recall: 0.9300
  F1 Score: 0.6805

Summary for pairs_08.txt with 7 masks 0.3 threshold:
  Accuracy: 0.5267
  Precision: 0.5153
  Recall: 0.8967
  F1 Score: 0.6545

