
Due to MODULEPATH changes, the following have been reloaded:
  1) mii/1.1.2

The following have been reloaded with a version change:
  1) StdEnv/2023 => StdEnv/2020
  2) blis/0.9.0 => blis/0.8.1
  3) flexiblas/3.3.1 => flexiblas/3.0.4
  4) gcccore/.12.3 => gcccore/.9.3.0
  5) gentoo/2023 => gentoo/2020
  6) libfabric/1.18.0 => libfabric/1.10.1
  7) openmpi/4.1.5 => openmpi/4.0.3
  8) ucx/1.14.1 => ucx/1.8.0

Defaulting to user installation because normal site-packages is not writeable
Looking in links: /cvmfs/soft.computecanada.ca/custom/python/wheelhouse/gentoo2020/avx2, /cvmfs/soft.computecanada.ca/custom/python/wheelhouse/gentoo/avx2, /cvmfs/soft.computecanada.ca/custom/python/wheelhouse/gentoo2020/generic, /cvmfs/soft.computecanada.ca/custom/python/wheelhouse/gentoo/generic, /cvmfs/soft.computecanada.ca/custom/python/wheelhouse/generic
Requirement already satisfied: tensorflow==2.8 in /home/yaldaw/.local/lib/python3.10/site-packages (2.8.0+computecanada)
Requirement already satisfied: h5py>=2.9.0 in /home/yaldaw/.local/lib/python3.10/site-packages (from tensorflow==2.8) (3.8.0+computecanada)
Requirement already satisfied: six>=1.12.0 in /cvmfs/soft.computecanada.ca/easybuild/software/2020/avx2/Core/python/3.10.2/lib/python3.10/site-packages (from tensorflow==2.8) (1.16.0)
Requirement already satisfied: astunparse>=1.6.0 in /home/yaldaw/.local/lib/python3.10/site-packages (from tensorflow==2.8) (1.6.3+computecanada)
Requirement already satisfied: protobuf>=3.9.2 in /home/yaldaw/.local/lib/python3.10/site-packages (from tensorflow==2.8) (3.20.3+computecanada)
Requirement already satisfied: tf-estimator-nightly==2.8.0.dev2021122109 in /home/yaldaw/.local/lib/python3.10/site-packages (from tensorflow==2.8) (2.8.0.dev2021122109+computecanada)
Requirement already satisfied: libclang>=9.0.1 in /home/yaldaw/.local/lib/python3.10/site-packages (from tensorflow==2.8) (14.0.1+computecanada)
Requirement already satisfied: termcolor>=1.1.0 in /home/yaldaw/.local/lib/python3.10/site-packages (from tensorflow==2.8) (2.4.0+computecanada)
Requirement already satisfied: tensorflow-io-gcs-filesystem>=0.23.1 in /home/yaldaw/.local/lib/python3.10/site-packages (from tensorflow==2.8) (0.32.0+computecanada)
Requirement already satisfied: numpy>=1.20 in /home/yaldaw/.local/lib/python3.10/site-packages (from tensorflow==2.8) (1.25.2+computecanada)
Requirement already satisfied: keras<2.9,>=2.8.0rc0 in /home/yaldaw/.local/lib/python3.10/site-packages (from tensorflow==2.8) (2.8.0+computecanada)
Requirement already satisfied: absl-py>=0.4.0 in /home/yaldaw/.local/lib/python3.10/site-packages (from tensorflow==2.8) (1.4.0+computecanada)
Requirement already satisfied: opt-einsum>=2.3.2 in /home/yaldaw/.local/lib/python3.10/site-packages (from tensorflow==2.8) (3.3.0+computecanada)
Requirement already satisfied: keras-preprocessing>=1.1.1 in /home/yaldaw/.local/lib/python3.10/site-packages (from tensorflow==2.8) (1.1.2+computecanada)
Requirement already satisfied: wrapt>=1.11.0 in /home/yaldaw/.local/lib/python3.10/site-packages (from tensorflow==2.8) (1.14.1+computecanada)
Requirement already satisfied: grpcio<2.0,>=1.24.3 in /home/yaldaw/.local/lib/python3.10/site-packages (from tensorflow==2.8) (1.57.0+computecanada)
Requirement already satisfied: tensorboard<2.9,>=2.8 in /home/yaldaw/.local/lib/python3.10/site-packages (from tensorflow==2.8) (2.8.0+computecanada)
Requirement already satisfied: gast>=0.2.1 in /home/yaldaw/.local/lib/python3.10/site-packages (from tensorflow==2.8) (0.5.4+computecanada)
Requirement already satisfied: google-pasta>=0.1.1 in /home/yaldaw/.local/lib/python3.10/site-packages (from tensorflow==2.8) (0.2.0+computecanada)
Requirement already satisfied: typing-extensions>=3.6.6 in /home/yaldaw/.local/lib/python3.10/site-packages (from tensorflow==2.8) (4.10.0+computecanada)
Requirement already satisfied: setuptools in /cvmfs/soft.computecanada.ca/easybuild/software/2020/avx2/Core/python/3.10.2/lib/python3.10/site-packages (from tensorflow==2.8) (60.7.1)
Requirement already satisfied: flatbuffers>=1.12 in /home/yaldaw/.local/lib/python3.10/site-packages (from tensorflow==2.8) (20190709135844+computecanada)
Requirement already satisfied: wheel<1.0,>=0.23.0 in /cvmfs/soft.computecanada.ca/easybuild/software/2020/avx2/Core/python/3.10.2/lib/python3.10/site-packages (from astunparse>=1.6.0->tensorflow==2.8) (0.37.1)
Requirement already satisfied: google-auth-oauthlib<0.5,>=0.4.1 in /home/yaldaw/.local/lib/python3.10/site-packages (from tensorboard<2.9,>=2.8->tensorflow==2.8) (0.4.6+computecanada)
Requirement already satisfied: tensorboard-data-server<0.7.0,>=0.6.0 in /home/yaldaw/.local/lib/python3.10/site-packages (from tensorboard<2.9,>=2.8->tensorflow==2.8) (0.6.1+computecanada)
Requirement already satisfied: google-auth<3,>=1.6.3 in /home/yaldaw/.local/lib/python3.10/site-packages (from tensorboard<2.9,>=2.8->tensorflow==2.8) (2.28.2)
Requirement already satisfied: requests<3,>=2.21.0 in /home/yaldaw/.local/lib/python3.10/site-packages (from tensorboard<2.9,>=2.8->tensorflow==2.8) (2.31.0+computecanada)
Requirement already satisfied: tensorboard-plugin-wit>=1.6.0 in /home/yaldaw/.local/lib/python3.10/site-packages (from tensorboard<2.9,>=2.8->tensorflow==2.8) (1.8.1+computecanada)
Requirement already satisfied: markdown>=2.6.8 in /home/yaldaw/.local/lib/python3.10/site-packages (from tensorboard<2.9,>=2.8->tensorflow==2.8) (3.5.2+computecanada)
Requirement already satisfied: werkzeug>=0.11.15 in /home/yaldaw/.local/lib/python3.10/site-packages (from tensorboard<2.9,>=2.8->tensorflow==2.8) (3.0.1+computecanada)
Requirement already satisfied: rsa<5,>=3.1.4 in /home/yaldaw/.local/lib/python3.10/site-packages (from google-auth<3,>=1.6.3->tensorboard<2.9,>=2.8->tensorflow==2.8) (4.9+computecanada)
Requirement already satisfied: cachetools<6.0,>=2.0.0 in /home/yaldaw/.local/lib/python3.10/site-packages (from google-auth<3,>=1.6.3->tensorboard<2.9,>=2.8->tensorflow==2.8) (5.3.3)
Requirement already satisfied: pyasn1-modules>=0.2.1 in /home/yaldaw/.local/lib/python3.10/site-packages (from google-auth<3,>=1.6.3->tensorboard<2.9,>=2.8->tensorflow==2.8) (0.3.0+computecanada)
Requirement already satisfied: requests-oauthlib>=0.7.0 in /home/yaldaw/.local/lib/python3.10/site-packages (from google-auth-oauthlib<0.5,>=0.4.1->tensorboard<2.9,>=2.8->tensorflow==2.8) (1.4.0)
Requirement already satisfied: charset-normalizer<4,>=2 in /home/yaldaw/.local/lib/python3.10/site-packages (from requests<3,>=2.21.0->tensorboard<2.9,>=2.8->tensorflow==2.8) (3.3.2)
Requirement already satisfied: urllib3<3,>=1.21.1 in /home/yaldaw/.local/lib/python3.10/site-packages (from requests<3,>=2.21.0->tensorboard<2.9,>=2.8->tensorflow==2.8) (2.0.7+computecanada)
Requirement already satisfied: idna<4,>=2.5 in /home/yaldaw/.local/lib/python3.10/site-packages (from requests<3,>=2.21.0->tensorboard<2.9,>=2.8->tensorflow==2.8) (3.6)
Requirement already satisfied: certifi>=2017.4.17 in /home/yaldaw/.local/lib/python3.10/site-packages (from requests<3,>=2.21.0->tensorboard<2.9,>=2.8->tensorflow==2.8) (2024.2.2)
Requirement already satisfied: MarkupSafe>=2.1.1 in /home/yaldaw/.local/lib/python3.10/site-packages (from werkzeug>=0.11.15->tensorboard<2.9,>=2.8->tensorflow==2.8) (2.1.3+computecanada)
Requirement already satisfied: pyasn1<0.6.0,>=0.4.6 in /home/yaldaw/.local/lib/python3.10/site-packages (from pyasn1-modules>=0.2.1->google-auth<3,>=1.6.3->tensorboard<2.9,>=2.8->tensorflow==2.8) (0.5.1+computecanada)
Requirement already satisfied: oauthlib>=3.0.0 in /home/yaldaw/.local/lib/python3.10/site-packages (from requests-oauthlib>=0.7.0->google-auth-oauthlib<0.5,>=0.4.1->tensorboard<2.9,>=2.8->tensorflow==2.8) (3.2.2+computecanada)
Defaulting to user installation because normal site-packages is not writeable
Looking in links: /cvmfs/soft.computecanada.ca/custom/python/wheelhouse/gentoo2020/avx2, /cvmfs/soft.computecanada.ca/custom/python/wheelhouse/gentoo/avx2, /cvmfs/soft.computecanada.ca/custom/python/wheelhouse/gentoo2020/generic, /cvmfs/soft.computecanada.ca/custom/python/wheelhouse/gentoo/generic, /cvmfs/soft.computecanada.ca/custom/python/wheelhouse/generic
Requirement already satisfied: comet_ml in /home/yaldaw/.local/lib/python3.10/site-packages (3.35.4+computecanada)
Requirement already satisfied: dulwich!=0.20.33,>=0.20.6 in /home/yaldaw/.local/lib/python3.10/site-packages (from comet_ml) (0.21.3+computecanada)
Requirement already satisfied: rich>=13.3.2 in /home/yaldaw/.local/lib/python3.10/site-packages (from comet_ml) (13.7.1+computecanada)
Requirement already satisfied: jsonschema!=3.1.0,>=2.6.0 in /home/yaldaw/.local/lib/python3.10/site-packages (from comet_ml) (4.21.1+computecanada)
Requirement already satisfied: requests>=2.18.4 in /home/yaldaw/.local/lib/python3.10/site-packages (from comet_ml) (2.31.0+computecanada)
Requirement already satisfied: wurlitzer>=1.0.2 in /home/yaldaw/.local/lib/python3.10/site-packages (from comet_ml) (3.0.3+computecanada)
Requirement already satisfied: python-box<7.0.0 in /home/yaldaw/.local/lib/python3.10/site-packages (from comet_ml) (6.1.0+computecanada)
Requirement already satisfied: simplejson in /home/yaldaw/.local/lib/python3.10/site-packages (from comet_ml) (3.19.2+computecanada)
Requirement already satisfied: six in /cvmfs/soft.computecanada.ca/easybuild/software/2020/avx2/Core/python/3.10.2/lib/python3.10/site-packages (from comet_ml) (1.16.0)
Requirement already satisfied: requests-toolbelt>=0.8.0 in /home/yaldaw/.local/lib/python3.10/site-packages (from comet_ml) (1.0.0+computecanada)
Requirement already satisfied: urllib3>=1.21.1 in /home/yaldaw/.local/lib/python3.10/site-packages (from comet_ml) (2.0.7+computecanada)
Requirement already satisfied: wrapt>=1.11.2 in /home/yaldaw/.local/lib/python3.10/site-packages (from comet_ml) (1.14.1+computecanada)
Requirement already satisfied: semantic-version>=2.8.0 in /home/yaldaw/.local/lib/python3.10/site-packages (from comet_ml) (2.10.0+computecanada)
Requirement already satisfied: everett[ini]<3.2.0,>=1.0.1 in /home/yaldaw/.local/lib/python3.10/site-packages (from comet_ml) (3.1.0+computecanada)
Requirement already satisfied: websocket-client<1.4.0,>=0.55.0 in /home/yaldaw/.local/lib/python3.10/site-packages (from comet_ml) (1.3.3+computecanada)
Requirement already satisfied: psutil>=5.6.3 in /home/yaldaw/.local/lib/python3.10/site-packages (from comet_ml) (5.9.8)
Requirement already satisfied: sentry-sdk>=1.1.0 in /home/yaldaw/.local/lib/python3.10/site-packages (from comet_ml) (1.40.6)
Requirement already satisfied: configobj in /home/yaldaw/.local/lib/python3.10/site-packages (from everett[ini]<3.2.0,>=1.0.1->comet_ml) (5.0.8+computecanada)
Requirement already satisfied: attrs>=22.2.0 in /home/yaldaw/.local/lib/python3.10/site-packages (from jsonschema!=3.1.0,>=2.6.0->comet_ml) (23.2.0+computecanada)
Requirement already satisfied: rpds-py>=0.7.1 in /home/yaldaw/.local/lib/python3.10/site-packages (from jsonschema!=3.1.0,>=2.6.0->comet_ml) (0.10.0+computecanada)
Requirement already satisfied: referencing>=0.28.4 in /home/yaldaw/.local/lib/python3.10/site-packages (from jsonschema!=3.1.0,>=2.6.0->comet_ml) (0.33.0+computecanada)
Requirement already satisfied: jsonschema-specifications>=2023.03.6 in /home/yaldaw/.local/lib/python3.10/site-packages (from jsonschema!=3.1.0,>=2.6.0->comet_ml) (2023.12.1+computecanada)
Requirement already satisfied: certifi>=2017.4.17 in /home/yaldaw/.local/lib/python3.10/site-packages (from requests>=2.18.4->comet_ml) (2024.2.2)
Requirement already satisfied: charset-normalizer<4,>=2 in /home/yaldaw/.local/lib/python3.10/site-packages (from requests>=2.18.4->comet_ml) (3.3.2)
Requirement already satisfied: idna<4,>=2.5 in /home/yaldaw/.local/lib/python3.10/site-packages (from requests>=2.18.4->comet_ml) (3.6)
Requirement already satisfied: pygments<3.0.0,>=2.13.0 in /home/yaldaw/.local/lib/python3.10/site-packages (from rich>=13.3.2->comet_ml) (2.17.2+computecanada)
Requirement already satisfied: markdown-it-py>=2.2.0 in /home/yaldaw/.local/lib/python3.10/site-packages (from rich>=13.3.2->comet_ml) (3.0.0+computecanada)
Requirement already satisfied: mdurl~=0.1 in /home/yaldaw/.local/lib/python3.10/site-packages (from markdown-it-py>=2.2.0->rich>=13.3.2->comet_ml) (0.1.2+computecanada)
COMET INFO: Experiment is live on comet.com https://www.comet.com/enhancing-gradient/swap-differentperson-effect/8bbbc7ffa30d465a919ca119bde0728a

2024-04-10 14:45:27.820145: I tensorflow/core/platform/cpu_feature_guard.cc:151] This TensorFlow binary is optimized with oneAPI Deep Neural Network Library (oneDNN) to use the following CPU instructions in performance-critical operations:  AVX2 FMA
To enable them in other operations, rebuild TensorFlow with the appropriate compiler flags.
2024-04-10 14:45:28.413724: I tensorflow/core/common_runtime/gpu/gpu_device.cc:1525] Created device /job:localhost/replica:0/task:0/device:GPU:0 with 38212 MB memory:  -> device: 0, name: NVIDIA A100-SXM4-40GB, pci bus id: 0000:81:00.0, compute capability: 8.0
WARNING:tensorflow:No training configuration found in the save file, so the model was *not* compiled. Compile it manually.
Skipping malformed line: Abel_Pacheco/Abel_Pacheco_0001.jpg
Skipping malformed line: Abel_Pacheco/Abel_Pacheco_0004.jpg
Skipping malformed line: Abdel_Madi_Shabneh/Abdel_Madi_Shabneh_0001.jpg
Skipping malformed line: Dean_Barker/Dean_Barker_0001.jpg
Skipping malformed line: 
Skipping malformed line: Akhmed_Zakayev/Akhmed_Zakayev_0001.jpg
Skipping malformed line: Akhmed_Zakayev/Akhmed_Zakayev_0003.jpg
Skipping malformed line: Abdel_Madi_Shabneh/Abdel_Madi_Shabneh_0001.jpg
Skipping malformed line: Giancarlo_Fisichella/Giancarlo_Fisichella_0001.jpg
Skipping malformed line: 
Skipping malformed line: Akhmed_Zakayev/Akhmed_Zakayev_0002.jpg
Skipping malformed line: Akhmed_Zakayev/Akhmed_Zakayev_0003.jpg
Skipping malformed line: Abdel_Madi_Shabneh/Abdel_Madi_Shabneh_0001.jpg
Skipping malformed line: Mikhail_Gorbachev/Mikhail_Gorbachev_0001.jpg
Skipping malformed line: 
Skipping malformed line: Amber_Tamblyn/Amber_Tamblyn_0001.jpg
Skipping malformed line: Amber_Tamblyn/Amber_Tamblyn_0002.jpg
Skipping malformed line: Abdul_Rahman/Abdul_Rahman_0001.jpg
Skipping malformed line: Portia_de_Rossi/Portia_de_Rossi_0001.jpg
Skipping malformed line: 
Skipping malformed line: Anders_Fogh_Rasmussen/Anders_Fogh_Rasmussen_0001.jpg
Skipping malformed line: Anders_Fogh_Rasmussen/Anders_Fogh_Rasmussen_0003.jpg
Skipping malformed line: Abel_Pacheco/Abel_Pacheco_0001.jpg
Skipping malformed line: Jong_Thae_Hwa/Jong_Thae_Hwa_0002.jpg
Skipping malformed line: 
Skipping malformed line: Anders_Fogh_Rasmussen/Anders_Fogh_Rasmussen_0001.jpg
Skipping malformed line: Anders_Fogh_Rasmussen/Anders_Fogh_Rasmussen_0004.jpg
Skipping malformed line: Abel_Pacheco/Abel_Pacheco_0002.jpg
Skipping malformed line: Jean-Francois_Lemounier/Jean-Francois_Lemounier_0001.jpg
Skipping malformed line: 
Skipping malformed line: Angela_Bassett/Angela_Bassett_0001.jpg
Skipping malformed line: Angela_Bassett/Angela_Bassett_0005.jpg
Skipping malformed line: Afton_Smith/Afton_Smith_0001.jpg
Skipping malformed line: Dwayne_Wade/Dwayne_Wade_0001.jpg
Skipping malformed line: 
Skipping malformed line: Angela_Bassett/Angela_Bassett_0002.jpg
Skipping malformed line: Angela_Bassett/Angela_Bassett_0005.jpg
Skipping malformed line: Ahmad_Jbarah/Ahmad_Jbarah_0001.jpg
Skipping malformed line: James_Comey/James_Comey_0001.jpg
Skipping malformed line: 
Skipping malformed line: Angela_Bassett/Angela_Bassett_0003.jpg
Skipping malformed line: Angela_Bassett/Angela_Bassett_0004.jpg
Skipping malformed line: Akhmed_Zakayev/Akhmed_Zakayev_0002.jpg
Skipping malformed line: Donna_Morrissey/Donna_Morrissey_0001.jpg
Skipping malformed line: 
Skipping malformed line: Ann_Veneman/Ann_Veneman_0003.jpg
Skipping malformed line: Ann_Veneman/Ann_Veneman_0005.jpg
Skipping malformed line: Alan_Dershowitz/Alan_Dershowitz_0001.jpg
Skipping malformed line: Bertrand_Bonello/Bertrand_Bonello_0001.jpg
Skipping malformed line: 
Skipping malformed line: Ann_Veneman/Ann_Veneman_0006.jpg
Skipping malformed line: Ann_Veneman/Ann_Veneman_0010.jpg
Skipping malformed line: Alanis_Morissette/Alanis_Morissette_0001.jpg
Skipping malformed line: Martin_Cauchon/Martin_Cauchon_0001.jpg
Skipping malformed line: 
Skipping malformed line: Ann_Veneman/Ann_Veneman_0010.jpg
Skipping malformed line: Ann_Veneman/Ann_Veneman_0011.jpg
Skipping malformed line: Alexander_Lukashenko/Alexander_Lukashenko_0001.jpg
Skipping malformed line: Heather_Chinnock/Heather_Chinnock_0001.jpg
Skipping malformed line: 
Skipping malformed line: Anthony_Fauci/Anthony_Fauci_0001.jpg
Skipping malformed line: Anthony_Fauci/Anthony_Fauci_0002.jpg
Skipping malformed line: Alfonso_Cuaron/Alfonso_Cuaron_0001.jpg
Skipping malformed line: Jason_Priestley/Jason_Priestley_0001.jpg
Skipping malformed line: 
Skipping malformed line: Antony_Leung/Antony_Leung_0001.jpg
Skipping malformed line: Antony_Leung/Antony_Leung_0002.jpg
Skipping malformed line: Alfonso_Cuaron/Alfonso_Cuaron_0001.jpg
Skipping malformed line: Patty_Schnyder/Patty_Schnyder_0002.jpg
Skipping malformed line: 
Skipping malformed line: Antony_Leung/Antony_Leung_0002.jpg
Skipping malformed line: Antony_Leung/Antony_Leung_0003.jpg
Skipping malformed line: Alfonso_Soriano/Alfonso_Soriano_0001.jpg
Skipping malformed line: Bill_Nelson/Bill_Nelson_0002.jpg
Skipping malformed line: 
Skipping malformed line: Anwar_Ibrahim/Anwar_Ibrahim_0001.jpg
Skipping malformed line: Anwar_Ibrahim/Anwar_Ibrahim_0002.jpg
Skipping malformed line: Alfonso_Soriano/Alfonso_Soriano_0001.jpg
Skipping malformed line: Julio_De_Brun/Julio_De_Brun_0001.jpg
Skipping malformed line: 
Skipping malformed line: Augusto_Pinochet/Augusto_Pinochet_0001.jpg
Skipping malformed line: Augusto_Pinochet/Augusto_Pinochet_0002.jpg
Skipping malformed line: Alfonso_Soriano/Alfonso_Soriano_0001.jpg
Skipping malformed line: Patty_Schnyder/Patty_Schnyder_0003.jpg
Skipping malformed line: 
Skipping malformed line: Barbara_Brezigar/Barbara_Brezigar_0001.jpg
Skipping malformed line: Barbara_Brezigar/Barbara_Brezigar_0002.jpg
Skipping malformed line: Alonzo_Mourning/Alonzo_Mourning_0001.jpg
Skipping malformed line: Cecilia_Cheung/Cecilia_Cheung_0001.jpg
Skipping malformed line: 
Skipping malformed line: Benjamin_Netanyahu/Benjamin_Netanyahu_0001.jpg
Skipping malformed line: Benjamin_Netanyahu/Benjamin_Netanyahu_0004.jpg
Skipping malformed line: Amber_Tamblyn/Amber_Tamblyn_0002.jpg
Skipping malformed line: Benjamin_Netanyahu/Benjamin_Netanyahu_0001.jpg
Skipping malformed line: 
Skipping malformed line: Benjamin_Netanyahu/Benjamin_Netanyahu_0004.jpg
Skipping malformed line: Benjamin_Netanyahu/Benjamin_Netanyahu_0005.jpg
Skipping malformed line: Amporn_Falise/Amporn_Falise_0001.jpg
Skipping malformed line: Joe_Pantoliano/Joe_Pantoliano_0001.jpg
Skipping malformed line: 
Skipping malformed line: Bernard_Law/Bernard_Law_0002.jpg
Skipping malformed line: Bernard_Law/Bernard_Law_0003.jpg
Skipping malformed line: Anders_Fogh_Rasmussen/Anders_Fogh_Rasmussen_0002.jpg
Skipping malformed line: Johnson_Panjaitan/Johnson_Panjaitan_0002.jpg
Skipping malformed line: 
Skipping malformed line: Bernard_Law/Bernard_Law_0003.jpg
Skipping malformed line: Bernard_Law/Bernard_Law_0004.jpg
Skipping malformed line: Andre_Bucher/Andre_Bucher_0001.jpg
Skipping malformed line: Joseph_Ralston/Joseph_Ralston_0001.jpg
Skipping malformed line: 
Skipping malformed line: Bertrand_Bonello/Bertrand_Bonello_0001.jpg
Skipping malformed line: Bertrand_Bonello/Bertrand_Bonello_0002.jpg
Skipping malformed line: Andre_Bucher/Andre_Bucher_0001.jpg
Skipping malformed line: Maria_Garcia/Maria_Garcia_0001.jpg
Skipping malformed line: 
Skipping malformed line: Bill_Frist/Bill_Frist_0002.jpg
Skipping malformed line: Bill_Frist/Bill_Frist_0009.jpg
Skipping malformed line: Andrew_Gilligan/Andrew_Gilligan_0001.jpg
Skipping malformed line: Henry_Castellanos/Henry_Castellanos_0001.jpg
Skipping malformed line: 
Skipping malformed line: Bill_Frist/Bill_Frist_0004.jpg
Skipping malformed line: Bill_Frist/Bill_Frist_0005.jpg
Skipping malformed line: Andrew_Shutley/Andrew_Shutley_0001.jpg
Skipping malformed line: Edmund_Stoiber/Edmund_Stoiber_0005.jpg
Skipping malformed line: 
Skipping malformed line: Bob_Graham/Bob_Graham_0002.jpg
Skipping malformed line: Bob_Graham/Bob_Graham_0004.jpg
Skipping malformed line: Andrew_Shutley/Andrew_Shutley_0001.jpg
Skipping malformed line: Mitchell_Swartz/Mitchell_Swartz_0001.jpg
Skipping malformed line: 
Skipping malformed line: Bob_Graham/Bob_Graham_0003.jpg
Skipping malformed line: Bob_Graham/Bob_Graham_0006.jpg
Skipping malformed line: Andrew_Shutley/Andrew_Shutley_0001.jpg
Skipping malformed line: Saeb_Erekat/Saeb_Erekat_0002.jpg
Skipping malformed line: 
Skipping malformed line: Bob_Graham/Bob_Graham_0004.jpg
Skipping malformed line: Bob_Graham/Bob_Graham_0006.jpg
Skipping malformed line: Andy_Dick/Andy_Dick_0001.jpg
Skipping malformed line: Simon_Yam/Simon_Yam_0001.jpg
Skipping malformed line: 
Skipping malformed line: Bob_Graham/Bob_Graham_0005.jpg
Skipping malformed line: Bob_Graham/Bob_Graham_0006.jpg
Skipping malformed line: Andy_Griffith/Andy_Griffith_0001.jpg
Skipping malformed line: Osrat_Iosef/Osrat_Iosef_0001.jpg
Skipping malformed line: 
Skipping malformed line: Boris_Becker/Boris_Becker_0002.jpg
Skipping malformed line: Boris_Becker/Boris_Becker_0006.jpg
Skipping malformed line: Andy_Wisecarver/Andy_Wisecarver_0001.jpg
Skipping malformed line: Dimitar_Berbatov/Dimitar_Berbatov_0001.jpg
Skipping malformed line: 
Skipping malformed line: Brad_Johnson/Brad_Johnson_0001.jpg
Skipping malformed line: Brad_Johnson/Brad_Johnson_0003.jpg
Skipping malformed line: Angela_Lansbury/Angela_Lansbury_0001.jpg
Skipping malformed line: Steven_Van_Zandt/Steven_Van_Zandt_0001.jpg
Skipping malformed line: 
Skipping malformed line: Brad_Johnson/Brad_Johnson_0002.jpg
Skipping malformed line: Brad_Johnson/Brad_Johnson_0003.jpg
Skipping malformed line: Angela_Lansbury/Angela_Lansbury_0002.jpg
Skipping malformed line: John_Coomber/John_Coomber_0001.jpg
Skipping malformed line: 
Skipping malformed line: Brad_Johnson/Brad_Johnson_0002.jpg
Skipping malformed line: Brad_Johnson/Brad_Johnson_0004.jpg
Skipping malformed line: Ann_Veneman/Ann_Veneman_0006.jpg
Skipping malformed line: Sergio_Garcia/Sergio_Garcia_0002.jpg
Skipping malformed line: 
Skipping malformed line: Brian_Griese/Brian_Griese_0001.jpg
Skipping malformed line: Brian_Griese/Brian_Griese_0002.jpg
Skipping malformed line: Ann_Veneman/Ann_Veneman_0008.jpg
Skipping malformed line: Ted_Williams/Ted_Williams_0001.jpg
Skipping malformed line: 
Skipping malformed line: Candice_Bergen/Candice_Bergen_0001.jpg
Skipping malformed line: Candice_Bergen/Candice_Bergen_0002.jpg
Skipping malformed line: Annie-Jeanne_Reynaud/Annie-Jeanne_Reynaud_0001.jpg
Skipping malformed line: SJ_Twu/SJ_Twu_0001.jpg
Skipping malformed line: 
Skipping malformed line: Candice_Bergen/Candice_Bergen_0002.jpg
Skipping malformed line: Candice_Bergen/Candice_Bergen_0003.jpg
Skipping malformed line: Anthony_Carter/Anthony_Carter_0001.jpg
Skipping malformed line: Eliza_Dushku/Eliza_Dushku_0001.jpg
Skipping malformed line: 
Skipping malformed line: Carla_Myers/Carla_Myers_0001.jpg
Skipping malformed line: Carla_Myers/Carla_Myers_0002.jpg
Skipping malformed line: Antonio_Cassano/Antonio_Cassano_0001.jpg
Skipping malformed line: Paul_Celluci/Paul_Celluci_0001.jpg
Skipping malformed line: 
Skipping malformed line: Cathy_Freeman/Cathy_Freeman_0001.jpg
Skipping malformed line: Cathy_Freeman/Cathy_Freeman_0002.jpg
Skipping malformed line: Anwar_Ibrahim/Anwar_Ibrahim_0001.jpg
Skipping malformed line: David_Alpay/David_Alpay_0001.jpg
Skipping malformed line: 
Skipping malformed line: Chang_Dae-whan/Chang_Dae-whan_0001.jpg
Skipping malformed line: Chang_Dae-whan/Chang_Dae-whan_0002.jpg
Skipping malformed line: Armand_Sargen/Armand_Sargen_0001.jpg
Skipping malformed line: Daryl_Sabara/Daryl_Sabara_0001.jpg
Skipping malformed line: 
Skipping malformed line: Charles_Grassley/Charles_Grassley_0001.jpg
Skipping malformed line: Charles_Grassley/Charles_Grassley_0002.jpg
Skipping malformed line: Armand_Sargen/Armand_Sargen_0001.jpg
Skipping malformed line: Kelvin_Sampson/Kelvin_Sampson_0003.jpg
Skipping malformed line: 
Skipping malformed line: Clare_Short/Clare_Short_0001.jpg
Skipping malformed line: Clare_Short/Clare_Short_0003.jpg
Skipping malformed line: Armand_Sargen/Armand_Sargen_0001.jpg
Skipping malformed line: Lisa_Gottsegen/Lisa_Gottsegen_0002.jpg
Skipping malformed line: 
Skipping malformed line: Clare_Short/Clare_Short_0001.jpg
Skipping malformed line: Clare_Short/Clare_Short_0004.jpg
Skipping malformed line: Atom_Egoyan/Atom_Egoyan_0001.jpg
Skipping malformed line: Bill_Stapleton/Bill_Stapleton_0001.jpg
Skipping malformed line: 
Skipping malformed line: Corinne_Coman/Corinne_Coman_0001.jpg
Skipping malformed line: Corinne_Coman/Corinne_Coman_0002.jpg
Skipping malformed line: Atom_Egoyan/Atom_Egoyan_0001.jpg
Skipping malformed line: Janis_Ruth_Coulter/Janis_Ruth_Coulter_0001.jpg
Skipping malformed line: 
Skipping malformed line: Dai_Bachtiar/Dai_Bachtiar_0001.jpg
Skipping malformed line: Dai_Bachtiar/Dai_Bachtiar_0002.jpg
Skipping malformed line: Barbara_Brezigar/Barbara_Brezigar_0002.jpg
Skipping malformed line: Doris_Roberts/Doris_Roberts_0002.jpg
Skipping malformed line: 
Skipping malformed line: Dale_Earnhardt_Jr/Dale_Earnhardt_Jr_0001.jpg
Skipping malformed line: Dale_Earnhardt_Jr/Dale_Earnhardt_Jr_0003.jpg
Skipping malformed line: Barbara_Felt-Miller/Barbara_Felt-Miller_0001.jpg
Skipping malformed line: Leticia_Dolera/Leticia_Dolera_0001.jpg
Skipping malformed line: 
Skipping malformed line: David_Caruso/David_Caruso_0001.jpg
Skipping malformed line: David_Caruso/David_Caruso_0002.jpg
Skipping malformed line: Bart_Freundlich/Bart_Freundlich_0001.jpg
Skipping malformed line: Ernie_Grunfeld/Ernie_Grunfeld_0001.jpg
Skipping malformed line: 
Skipping malformed line: Demi_Moore/Demi_Moore_0001.jpg
Skipping malformed line: Demi_Moore/Demi_Moore_0003.jpg
Skipping malformed line: Bart_Freundlich/Bart_Freundlich_0001.jpg
Skipping malformed line: Kirsten_Gilham/Kirsten_Gilham_0001.jpg
Skipping malformed line: 
Skipping malformed line: Dick_Vermeil/Dick_Vermeil_0001.jpg
Skipping malformed line: Dick_Vermeil/Dick_Vermeil_0002.jpg
Skipping malformed line: Benjamin_Martinez/Benjamin_Martinez_0001.jpg
Skipping malformed line: Garry_McCoy/Garry_McCoy_0001.jpg
Skipping malformed line: 
Skipping malformed line: Doris_Roberts/Doris_Roberts_0001.jpg
Skipping malformed line: Doris_Roberts/Doris_Roberts_0002.jpg
Skipping malformed line: Benjamin_Netanyahu/Benjamin_Netanyahu_0001.jpg
Skipping malformed line: Maria_Callas/Maria_Callas_0001.jpg
Skipping malformed line: 
Skipping malformed line: Doris_Roberts/Doris_Roberts_0001.jpg
Skipping malformed line: Doris_Roberts/Doris_Roberts_0003.jpg
Skipping malformed line: Benjamin_Netanyahu/Benjamin_Netanyahu_0005.jpg
Skipping malformed line: Frank_Beamer/Frank_Beamer_0001.jpg
Skipping malformed line: 
Skipping malformed line: Drew_Barrymore/Drew_Barrymore_0001.jpg
Skipping malformed line: Drew_Barrymore/Drew_Barrymore_0002.jpg
Skipping malformed line: Bernard_Law/Bernard_Law_0001.jpg
Skipping malformed line: Liu_Xiaoqing/Liu_Xiaoqing_0001.jpg
Skipping malformed line: 
Skipping malformed line: Edmund_Stoiber/Edmund_Stoiber_0004.jpg
Skipping malformed line: Edmund_Stoiber/Edmund_Stoiber_0007.jpg
Skipping malformed line: Bernard_Law/Bernard_Law_0003.jpg
Skipping malformed line: Valerie_Harper/Valerie_Harper_0002.jpg
Skipping malformed line: 
Skipping malformed line: Edmund_Stoiber/Edmund_Stoiber_0005.jpg
Skipping malformed line: Edmund_Stoiber/Edmund_Stoiber_0007.jpg
Skipping malformed line: Bertrand_Bonello/Bertrand_Bonello_0001.jpg
Skipping malformed line: Jong_Thae_Hwa/Jong_Thae_Hwa_0002.jpg
Skipping malformed line: 
Skipping malformed line: Edmund_Stoiber/Edmund_Stoiber_0007.jpg
Skipping malformed line: Edmund_Stoiber/Edmund_Stoiber_0012.jpg
Skipping malformed line: Bill_Bradley/Bill_Bradley_0001.jpg
Skipping malformed line: Chen_Tsai-chin/Chen_Tsai-chin_0001.jpg
Skipping malformed line: 
Skipping malformed line: Edmund_Stoiber/Edmund_Stoiber_0009.jpg
Skipping malformed line: Edmund_Stoiber/Edmund_Stoiber_0011.jpg
Skipping malformed line: Bill_Bradley/Bill_Bradley_0001.jpg
Skipping malformed line: Helen_Alvare/Helen_Alvare_0001.jpg
Skipping malformed line: 
Skipping malformed line: Elinor_Caplan/Elinor_Caplan_0001.jpg
Skipping malformed line: Elinor_Caplan/Elinor_Caplan_0002.jpg
Skipping malformed line: Bill_Elliott/Bill_Elliott_0001.jpg
Skipping malformed line: Mary_Anne_Souza/Mary_Anne_Souza_0001.jpg
Skipping malformed line: 
Skipping malformed line: Emmanuelle_Beart/Emmanuelle_Beart_0001.jpg
Skipping malformed line: Emmanuelle_Beart/Emmanuelle_Beart_0002.jpg
Skipping malformed line: Bill_Frist/Bill_Frist_0005.jpg
Skipping malformed line: Jimmy_Kimmel/Jimmy_Kimmel_0002.jpg
Skipping malformed line: 
Skipping malformed line: Emmanuelle_Beart/Emmanuelle_Beart_0001.jpg
Skipping malformed line: Emmanuelle_Beart/Emmanuelle_Beart_0003.jpg
Skipping malformed line: Bill_Maher/Bill_Maher_0001.jpg
Skipping malformed line: Brad_Russ/Brad_Russ_0001.jpg
Skipping malformed line: 
Skipping malformed line: Federico_Trillo/Federico_Trillo_0001.jpg
Skipping malformed line: Federico_Trillo/Federico_Trillo_0002.jpg
Skipping malformed line: Bill_Maher/Bill_Maher_0001.jpg
Skipping malformed line: Juliette_Binoche/Juliette_Binoche_0001.jpg
Skipping malformed line: 
Skipping malformed line: Federico_Trillo/Federico_Trillo_0001.jpg
Skipping malformed line: Federico_Trillo/Federico_Trillo_0003.jpg
Skipping malformed line: Bill_Nelson/Bill_Nelson_0001.jpg
Skipping malformed line: Kim_Jong-Il/Kim_Jong-Il_0003.jpg
Skipping malformed line: 
Skipping malformed line: Federico_Trillo/Federico_Trillo_0002.jpg
Skipping malformed line: Federico_Trillo/Federico_Trillo_0003.jpg
Skipping malformed line: Bill_Nelson/Bill_Nelson_0002.jpg
Skipping malformed line: Gillian_Anderson/Gillian_Anderson_0001.jpg
Skipping malformed line: 
Skipping malformed line: Francis_Ford_Coppola/Francis_Ford_Coppola_0001.jpg
Skipping malformed line: Francis_Ford_Coppola/Francis_Ford_Coppola_0002.jpg
Skipping malformed line: Bill_Stapleton/Bill_Stapleton_0001.jpg
Skipping malformed line: Sedigh_Barmak/Sedigh_Barmak_0001.jpg
Skipping malformed line: 
Skipping malformed line: Fred_Thompson/Fred_Thompson_0001.jpg
Skipping malformed line: Fred_Thompson/Fred_Thompson_0002.jpg
Skipping malformed line: Bill_Stapleton/Bill_Stapleton_0001.jpg
Skipping malformed line: Valerie_Harper/Valerie_Harper_0001.jpg
Skipping malformed line: 
Skipping malformed line: Fred_Thompson/Fred_Thompson_0001.jpg
Skipping malformed line: Fred_Thompson/Fred_Thompson_0003.jpg
Skipping malformed line: Billy_Bob_Thornton/Billy_Bob_Thornton_0001.jpg
Skipping malformed line: Herb_Dhaliwal/Herb_Dhaliwal_0001.jpg
Skipping malformed line: 
Skipping malformed line: Fred_Thompson/Fred_Thompson_0002.jpg
Skipping malformed line: Fred_Thompson/Fred_Thompson_0003.jpg
Skipping malformed line: Billy_Bob_Thornton/Billy_Bob_Thornton_0001.jpg
Skipping malformed line: Nong_Duc_Manh/Nong_Duc_Manh_0001.jpg
Skipping malformed line: 
Skipping malformed line: Garry_Trudeau/Garry_Trudeau_0001.jpg
Skipping malformed line: Garry_Trudeau/Garry_Trudeau_0002.jpg
Skipping malformed line: Bob_Alper/Bob_Alper_0001.jpg
Skipping malformed line: Kevin_Millwood/Kevin_Millwood_0001.jpg
Skipping malformed line: 
Skipping malformed line: Gary_Williams/Gary_Williams_0001.jpg
Skipping malformed line: Gary_Williams/Gary_Williams_0002.jpg
Skipping malformed line: Bob_Graham/Bob_Graham_0002.jpg
Skipping malformed line: Dwayne_Wade/Dwayne_Wade_0001.jpg
Skipping malformed line: 
Skipping malformed line: Gene_Robinson/Gene_Robinson_0001.jpg
Skipping malformed line: Gene_Robinson/Gene_Robinson_0002.jpg
Skipping malformed line: Bob_Petrino/Bob_Petrino_0001.jpg
Skipping malformed line: Geraldine_Chaplin/Geraldine_Chaplin_0004.jpg
Skipping malformed line: 
Skipping malformed line: Gene_Robinson/Gene_Robinson_0001.jpg
Skipping malformed line: Gene_Robinson/Gene_Robinson_0003.jpg
Skipping malformed line: Bob_Petrino/Bob_Petrino_0001.jpg
Skipping malformed line: Jorge_Castaneda/Jorge_Castaneda_0001.jpg
Skipping malformed line: 
Skipping malformed line: Gene_Robinson/Gene_Robinson_0002.jpg
Skipping malformed line: Gene_Robinson/Gene_Robinson_0003.jpg
Skipping malformed line: Boris_Becker/Boris_Becker_0004.jpg
Skipping malformed line: Julianna_Margulies/Julianna_Margulies_0002.jpg
Skipping malformed line: 
Skipping malformed line: George_Galloway/George_Galloway_0001.jpg
Skipping malformed line: George_Galloway/George_Galloway_0003.jpg
Skipping malformed line: Brad_Russ/Brad_Russ_0001.jpg
Skipping malformed line: Hana_Urushima/Hana_Urushima_0001.jpg
Skipping malformed line: 
Skipping malformed line: George_Galloway/George_Galloway_0002.jpg
Skipping malformed line: George_Galloway/George_Galloway_0003.jpg
Skipping malformed line: Brad_Russ/Brad_Russ_0001.jpg
Skipping malformed line: Romeo_Gigli/Romeo_Gigli_0001.jpg
Skipping malformed line: 
Skipping malformed line: George_Galloway/George_Galloway_0002.jpg
Skipping malformed line: George_Galloway/George_Galloway_0004.jpg
Skipping malformed line: Brawley_King/Brawley_King_0001.jpg
Skipping malformed line: Tom_Glavine/Tom_Glavine_0002.jpg
Skipping malformed line: 
Skipping malformed line: Geraldine_Chaplin/Geraldine_Chaplin_0001.jpg
Skipping malformed line: Geraldine_Chaplin/Geraldine_Chaplin_0002.jpg
Skipping malformed line: Brian_Griese/Brian_Griese_0002.jpg
Skipping malformed line: Jeffrey_Archer/Jeffrey_Archer_0002.jpg
Skipping malformed line: 
Skipping malformed line: Geraldine_Chaplin/Geraldine_Chaplin_0001.jpg
Skipping malformed line: Geraldine_Chaplin/Geraldine_Chaplin_0004.jpg
Skipping malformed line: Brian_Griese/Brian_Griese_0002.jpg
Skipping malformed line: Laura_Elena_Harring/Laura_Elena_Harring_0001.jpg
Skipping malformed line: 
Skipping malformed line: Geraldine_Chaplin/Geraldine_Chaplin_0003.jpg
Skipping malformed line: Geraldine_Chaplin/Geraldine_Chaplin_0004.jpg
Skipping malformed line: Brian_Griese/Brian_Griese_0002.jpg
Skipping malformed line: Nicolas_Lapentti/Nicolas_Lapentti_0002.jpg
Skipping malformed line: 
Skipping malformed line: Gerardo_Gambala/Gerardo_Gambala_0001.jpg
Skipping malformed line: Gerardo_Gambala/Gerardo_Gambala_0002.jpg
Skipping malformed line: Bryan_Adams/Bryan_Adams_0001.jpg
Skipping malformed line: Michael_Kors/Michael_Kors_0001.jpg
Skipping malformed line: 
Skipping malformed line: Gian_Marco/Gian_Marco_0001.jpg
Skipping malformed line: Gian_Marco/Gian_Marco_0002.jpg
Skipping malformed line: Bryan_Adams/Bryan_Adams_0001.jpg
Skipping malformed line: Mohamed_Seineldin/Mohamed_Seineldin_0001.jpg
Skipping malformed line: 
Skipping malformed line: Gian_Marco/Gian_Marco_0002.jpg
Skipping malformed line: Gian_Marco/Gian_Marco_0003.jpg
Skipping malformed line: Calbert_Cheaney/Calbert_Cheaney_0001.jpg
Skipping malformed line: Ian_Smith/Ian_Smith_0001.jpg
Skipping malformed line: 
Skipping malformed line: Gillian_Anderson/Gillian_Anderson_0001.jpg
Skipping malformed line: Gillian_Anderson/Gillian_Anderson_0002.jpg
Skipping malformed line: Calbert_Cheaney/Calbert_Cheaney_0001.jpg
Skipping malformed line: Robert_Downey_Jr/Robert_Downey_Jr_0001.jpg
Skipping malformed line: 
Skipping malformed line: Gordon_Brown/Gordon_Brown_0006.jpg
Skipping malformed line: Gordon_Brown/Gordon_Brown_0009.jpg
Skipping malformed line: Carl_Reiner/Carl_Reiner_0001.jpg
Skipping malformed line: Hamid_Efendi/Hamid_Efendi_0001.jpg
Skipping malformed line: 
Skipping malformed line: Gordon_Brown/Gordon_Brown_0010.jpg
Skipping malformed line: Gordon_Brown/Gordon_Brown_0013.jpg
Skipping malformed line: Carl_Reiner/Carl_Reiner_0002.jpg
Skipping malformed line: John_Engler/John_Engler_0001.jpg
Skipping malformed line: 
Skipping malformed line: Grant_Hackett/Grant_Hackett_0001.jpg
Skipping malformed line: Grant_Hackett/Grant_Hackett_0002.jpg
Skipping malformed line: Carl_Reiner/Carl_Reiner_0002.jpg
Skipping malformed line: Prince_Rainier_III/Prince_Rainier_III_0001.jpg
Skipping malformed line: 
Skipping malformed line: Grant_Hackett/Grant_Hackett_0001.jpg
Skipping malformed line: Grant_Hackett/Grant_Hackett_0003.jpg
Skipping malformed line: Carl_Reiner/Carl_Reiner_0002.jpg
Skipping malformed line: Tom_Glavine/Tom_Glavine_0002.jpg
Skipping malformed line: 
Skipping malformed line: Grant_Hackett/Grant_Hackett_0001.jpg
Skipping malformed line: Grant_Hackett/Grant_Hackett_0005.jpg
Skipping malformed line: Carlo_Azeglio_Ciampi/Carlo_Azeglio_Ciampi_0001.jpg
Skipping malformed line: Francis_Ford_Coppola/Francis_Ford_Coppola_0001.jpg
Skipping malformed line: 
Skipping malformed line: Gray_Davis/Gray_Davis_0007.jpg
Skipping malformed line: Gray_Davis/Gray_Davis_0022.jpg
Skipping malformed line: Carlos_Arroyo/Carlos_Arroyo_0001.jpg
Skipping malformed line: Shane_Phillips/Shane_Phillips_0001.jpg
Skipping malformed line: 
Skipping malformed line: Gray_Davis/Gray_Davis_0021.jpg
Skipping malformed line: Gray_Davis/Gray_Davis_0026.jpg
Skipping malformed line: Carlos_Paternina/Carlos_Paternina_0001.jpg
Skipping malformed line: Emily_Stevens/Emily_Stevens_0001.jpg
Skipping malformed line: 
Skipping malformed line: Gregg_Popovich/Gregg_Popovich_0001.jpg
Skipping malformed line: Gregg_Popovich/Gregg_Popovich_0005.jpg
Skipping malformed line: Carlos_Paternina/Carlos_Paternina_0001.jpg
Skipping malformed line: Paul_Sarbanes/Paul_Sarbanes_0001.jpg
Skipping malformed line: 
Skipping malformed line: Gregg_Popovich/Gregg_Popovich_0003.jpg
Skipping malformed line: Gregg_Popovich/Gregg_Popovich_0004.jpg
Skipping malformed line: Casey_Mears/Casey_Mears_0001.jpg
Skipping malformed line: Mike_Davis/Mike_Davis_0001.jpg
Skipping malformed line: 
Skipping malformed line: Guy_Ritchie/Guy_Ritchie_0001.jpg
Skipping malformed line: Guy_Ritchie/Guy_Ritchie_0002.jpg
Skipping malformed line: Casey_Mears/Casey_Mears_0001.jpg
Skipping malformed line: Yukiko_Okudo/Yukiko_Okudo_0001.jpg
Skipping malformed line: 
Skipping malformed line: Hamzah_Haz/Hamzah_Haz_0001.jpg
Skipping malformed line: Hamzah_Haz/Hamzah_Haz_0002.jpg
Skipping malformed line: Cathy_Freeman/Cathy_Freeman_0002.jpg
Skipping malformed line: William_Martin/William_Martin_0002.jpg
Skipping malformed line: 
Skipping malformed line: Harbhajan_Singh/Harbhajan_Singh_0001.jpg
Skipping malformed line: Harbhajan_Singh/Harbhajan_Singh_0002.jpg
Skipping malformed line: Cecilia_Cheung/Cecilia_Cheung_0001.jpg
Skipping malformed line: Daryl_Parks/Daryl_Parks_0001.jpg
Skipping malformed line: 
Skipping malformed line: Hootie_Johnson/Hootie_Johnson_0001.jpg
Skipping malformed line: Hootie_Johnson/Hootie_Johnson_0002.jpg
Skipping malformed line: Cecilia_Cheung/Cecilia_Cheung_0001.jpg
Skipping malformed line: Pascal_Affi_Nguessan/Pascal_Affi_Nguessan_0001.jpg
Skipping malformed line: 
Skipping malformed line: Hugo_Chavez/Hugo_Chavez_0002.jpg
Skipping malformed line: Hugo_Chavez/Hugo_Chavez_0027.jpg
Skipping malformed line: Chen_Tsai-chin/Chen_Tsai-chin_0001.jpg
Skipping malformed line: Dereck_Whittenburg/Dereck_Whittenburg_0001.jpg
Skipping malformed line: 
Skipping malformed line: Hugo_Chavez/Hugo_Chavez_0027.jpg
Skipping malformed line: Hugo_Chavez/Hugo_Chavez_0053.jpg
Skipping malformed line: Chen_Tsai-chin/Chen_Tsai-chin_0001.jpg
Skipping malformed line: Mamdouh_Habib/Mamdouh_Habib_0001.jpg
Skipping malformed line: 
Skipping malformed line: Hugo_Chavez/Hugo_Chavez_0036.jpg
Skipping malformed line: Hugo_Chavez/Hugo_Chavez_0051.jpg
Skipping malformed line: Cho_Myung-kyun/Cho_Myung-kyun_0001.jpg
Skipping malformed line: David_Bell/David_Bell_0001.jpg
Skipping malformed line: 
Skipping malformed line: Hugo_Chavez/Hugo_Chavez_0041.jpg
Skipping malformed line: Hugo_Chavez/Hugo_Chavez_0050.jpg
Skipping malformed line: Cho_Myung-kyun/Cho_Myung-kyun_0001.jpg
Skipping malformed line: Fernando_Sanz/Fernando_Sanz_0001.jpg
Skipping malformed line: 
Skipping malformed line: Hugo_Chavez/Hugo_Chavez_0045.jpg
Skipping malformed line: Hugo_Chavez/Hugo_Chavez_0056.jpg
Skipping malformed line: Cho_Myung-kyun/Cho_Myung-kyun_0001.jpg
Skipping malformed line: Georgia_Giddings/Georgia_Giddings_0001.jpg
Skipping malformed line: 
Skipping malformed line: Isaiah_Washington/Isaiah_Washington_0001.jpg
Skipping malformed line: Isaiah_Washington/Isaiah_Washington_0002.jpg
Skipping malformed line: Cho_Myung-kyun/Cho_Myung-kyun_0001.jpg
Skipping malformed line: Richard_Fine/Richard_Fine_0001.jpg
Skipping malformed line: 
Skipping malformed line: Jack_Grubman/Jack_Grubman_0001.jpg
Skipping malformed line: Jack_Grubman/Jack_Grubman_0002.jpg
Skipping malformed line: Choi_Yun-yong/Choi_Yun-yong_0001.jpg
Skipping malformed line: Chuck_Eidson/Chuck_Eidson_0001.jpg
Skipping malformed line: 
Skipping malformed line: Jacques_Rogge/Jacques_Rogge_0001.jpg
Skipping malformed line: Jacques_Rogge/Jacques_Rogge_0009.jpg
Skipping malformed line: Chris_Dodd/Chris_Dodd_0001.jpg
Skipping malformed line: Taylor_Twellman/Taylor_Twellman_0001.jpg
Skipping malformed line: 
Skipping malformed line: Jacques_Rogge/Jacques_Rogge_0003.jpg
Skipping malformed line: Jacques_Rogge/Jacques_Rogge_0007.jpg
Skipping malformed line: Chris_Swecker/Chris_Swecker_0001.jpg
Skipping malformed line: Tom_Vilsack/Tom_Vilsack_0001.jpg
Skipping malformed line: 
Skipping malformed line: Jacques_Rogge/Jacques_Rogge_0003.jpg
Skipping malformed line: Jacques_Rogge/Jacques_Rogge_0010.jpg
Skipping malformed line: Christian_Lacroix/Christian_Lacroix_0001.jpg
Skipping malformed line: Laura_Elena_Harring/Laura_Elena_Harring_0001.jpg
Skipping malformed line: 
Skipping malformed line: Jacques_Rogge/Jacques_Rogge_0004.jpg
Skipping malformed line: Jacques_Rogge/Jacques_Rogge_0006.jpg
Skipping malformed line: Christian_Lacroix/Christian_Lacroix_0001.jpg
Skipping malformed line: Ornella_Muti/Ornella_Muti_0001.jpg
Skipping malformed line: 
Skipping malformed line: Jacques_Rogge/Jacques_Rogge_0004.jpg
Skipping malformed line: Jacques_Rogge/Jacques_Rogge_0009.jpg
Skipping malformed line: Chuck_Eidson/Chuck_Eidson_0001.jpg
Skipping malformed line: Sigourney_Weaver/Sigourney_Weaver_0001.jpg
Skipping malformed line: 
Skipping malformed line: Jacques_Rogge/Jacques_Rogge_0005.jpg
Skipping malformed line: Jacques_Rogge/Jacques_Rogge_0008.jpg
Skipping malformed line: Clare_Short/Clare_Short_0004.jpg
Skipping malformed line: Don_Carcieri/Don_Carcieri_0001.jpg
Skipping malformed line: 
Skipping malformed line: Jacques_Rogge/Jacques_Rogge_0006.jpg
Skipping malformed line: Jacques_Rogge/Jacques_Rogge_0008.jpg
Skipping malformed line: Coco_dEste/Coco_dEste_0001.jpg
Skipping malformed line: Darvis_Patton/Darvis_Patton_0001.jpg
Skipping malformed line: 
Skipping malformed line: James_Caan/James_Caan_0001.jpg
Skipping malformed line: James_Caan/James_Caan_0002.jpg
Skipping malformed line: Coco_dEste/Coco_dEste_0001.jpg
Skipping malformed line: Melina_Kanakaredes/Melina_Kanakaredes_0001.jpg
Skipping malformed line: 
Skipping malformed line: James_Caan/James_Caan_0001.jpg
Skipping malformed line: James_Caan/James_Caan_0003.jpg
Skipping malformed line: Coco_dEste/Coco_dEste_0001.jpg
Skipping malformed line: Tom_Rouen/Tom_Rouen_0001.jpg
Skipping malformed line: 
Skipping malformed line: James_Caan/James_Caan_0002.jpg
Skipping malformed line: James_Caan/James_Caan_0003.jpg
Skipping malformed line: Coleen_Rowley/Coleen_Rowley_0001.jpg
Skipping malformed line: Nong_Duc_Manh/Nong_Duc_Manh_0001.jpg
Skipping malformed line: 
Skipping malformed line: James_Jones/James_Jones_0001.jpg
Skipping malformed line: James_Jones/James_Jones_0002.jpg
Skipping malformed line: Corinne_Coman/Corinne_Coman_0002.jpg
Skipping malformed line: Frank_Beamer/Frank_Beamer_0001.jpg
Skipping malformed line: 
Skipping malformed line: Jamling_Norgay/Jamling_Norgay_0001.jpg
Skipping malformed line: Jamling_Norgay/Jamling_Norgay_0002.jpg
Skipping malformed line: Dale_Earnhardt_Jr/Dale_Earnhardt_Jr_0001.jpg
Skipping malformed line: Nick_Reilly/Nick_Reilly_0001.jpg
Skipping malformed line: 
Skipping malformed line: Janica_Kostelic/Janica_Kostelic_0001.jpg
Skipping malformed line: Janica_Kostelic/Janica_Kostelic_0002.jpg
Skipping malformed line: Dario_Franchitti/Dario_Franchitti_0001.jpg
Skipping malformed line: Henry_Castellanos/Henry_Castellanos_0001.jpg
Skipping malformed line: 
Skipping malformed line: Jeanne_Moreau/Jeanne_Moreau_0001.jpg
Skipping malformed line: Jeanne_Moreau/Jeanne_Moreau_0002.jpg
Skipping malformed line: Darren_Campel/Darren_Campel_0001.jpg
Skipping malformed line: Hilary_McKay/Hilary_McKay_0001.jpg
Skipping malformed line: 
Skipping malformed line: Jeffrey_Archer/Jeffrey_Archer_0001.jpg
Skipping malformed line: Jeffrey_Archer/Jeffrey_Archer_0002.jpg
Skipping malformed line: Darvis_Patton/Darvis_Patton_0001.jpg
Skipping malformed line: Gerard_Tronche/Gerard_Tronche_0001.jpg
Skipping malformed line: 
Skipping malformed line: Jennifer_Garner/Jennifer_Garner_0001.jpg
Skipping malformed line: Jennifer_Garner/Jennifer_Garner_0003.jpg
Skipping malformed line: Darvis_Patton/Darvis_Patton_0001.jpg
Skipping malformed line: William_Macy/William_Macy_0004.jpg
Skipping malformed line: 
Skipping malformed line: Jennifer_Garner/Jennifer_Garner_0004.jpg
Skipping malformed line: Jennifer_Garner/Jennifer_Garner_0009.jpg
Skipping malformed line: Daryl_Parks/Daryl_Parks_0001.jpg
Skipping malformed line: Guus_Hiddink/Guus_Hiddink_0001.jpg
Skipping malformed line: 
Skipping malformed line: Jennifer_Garner/Jennifer_Garner_0005.jpg
Skipping malformed line: Jennifer_Garner/Jennifer_Garner_0006.jpg
Skipping malformed line: Daryl_Sabara/Daryl_Sabara_0001.jpg
Skipping malformed line: Nick_Reilly/Nick_Reilly_0001.jpg
Skipping malformed line: 
Skipping malformed line: Jennifer_Garner/Jennifer_Garner_0005.jpg
Skipping malformed line: Jennifer_Garner/Jennifer_Garner_0009.jpg
Skipping malformed line: Daryl_Sabara/Daryl_Sabara_0001.jpg
Skipping malformed line: Valentina_Tereshkova/Valentina_Tereshkova_0001.jpg
Skipping malformed line: 
Skipping malformed line: Jennifer_Garner/Jennifer_Garner_0007.jpg
Skipping malformed line: Jennifer_Garner/Jennifer_Garner_0012.jpg
Skipping malformed line: Dave_Johnson/Dave_Johnson_0001.jpg
Skipping malformed line: Howard_Stern/Howard_Stern_0001.jpg
Skipping malformed line: 
Skipping malformed line: Jennifer_Garner/Jennifer_Garner_0008.jpg
Skipping malformed line: Jennifer_Garner/Jennifer_Garner_0011.jpg
Skipping malformed line: Dave_Tucker/Dave_Tucker_0001.jpg
Skipping malformed line: Gary_Gitnick/Gary_Gitnick_0001.jpg
Skipping malformed line: 
Skipping malformed line: Jeremy_Greenstock/Jeremy_Greenstock_0002.jpg
Skipping malformed line: Jeremy_Greenstock/Jeremy_Greenstock_0024.jpg
Skipping malformed line: David_Collenette/David_Collenette_0001.jpg
Skipping malformed line: Salman_Khan/Salman_Khan_0001.jpg
Skipping malformed line: 
Skipping malformed line: Jeremy_Greenstock/Jeremy_Greenstock_0003.jpg
Skipping malformed line: Jeremy_Greenstock/Jeremy_Greenstock_0022.jpg
Skipping malformed line: David_Westerfield/David_Westerfield_0001.jpg
Skipping malformed line: Stan_Kroenke/Stan_Kroenke_0001.jpg
Skipping malformed line: 
Skipping malformed line: Jeremy_Greenstock/Jeremy_Greenstock_0005.jpg
Skipping malformed line: Jeremy_Greenstock/Jeremy_Greenstock_0011.jpg
Skipping malformed line: Dean_Jacek/Dean_Jacek_0001.jpg
Skipping malformed line: Larry_Wilmore/Larry_Wilmore_0001.jpg
Skipping malformed line: 
Skipping malformed line: Jeremy_Greenstock/Jeremy_Greenstock_0010.jpg
Skipping malformed line: Jeremy_Greenstock/Jeremy_Greenstock_0014.jpg
Skipping malformed line: Demi_Moore/Demi_Moore_0002.jpg
Skipping malformed line: Fred_Thompson/Fred_Thompson_0001.jpg
Skipping malformed line: 
Skipping malformed line: Jeremy_Greenstock/Jeremy_Greenstock_0017.jpg
Skipping malformed line: Jeremy_Greenstock/Jeremy_Greenstock_0021.jpg
Skipping malformed line: Demi_Moore/Demi_Moore_0002.jpg
Skipping malformed line: Linus_Roache/Linus_Roache_0001.jpg
Skipping malformed line: 
Skipping malformed line: Jessica_Lange/Jessica_Lange_0001.jpg
Skipping malformed line: Jessica_Lange/Jessica_Lange_0002.jpg
Skipping malformed line: Dereck_Whittenburg/Dereck_Whittenburg_0001.jpg
Skipping malformed line: Lindsey_Graham/Lindsey_Graham_0002.jpg
Skipping malformed line: 
Skipping malformed line: Jimmy_Carter/Jimmy_Carter_0001.jpg
Skipping malformed line: Jimmy_Carter/Jimmy_Carter_0007.jpg
Skipping malformed line: Dianne_Reeves/Dianne_Reeves_0001.jpg
Skipping malformed line: Larry_Wilmore/Larry_Wilmore_0001.jpg
Skipping malformed line: 
Skipping malformed line: Jimmy_Carter/Jimmy_Carter_0004.jpg
Skipping malformed line: Jimmy_Carter/Jimmy_Carter_0006.jpg
Skipping malformed line: Dianne_Reeves/Dianne_Reeves_0001.jpg
Skipping malformed line: Romeo_Gigli/Romeo_Gigli_0001.jpg
Skipping malformed line: 
Skipping malformed line: Jimmy_Carter/Jimmy_Carter_0005.jpg
Skipping malformed line: Jimmy_Carter/Jimmy_Carter_0008.jpg
Skipping malformed line: Don_Carcieri/Don_Carcieri_0001.jpg
Skipping malformed line: Janica_Kostelic/Janica_Kostelic_0001.jpg
Skipping malformed line: 
Skipping malformed line: Jimmy_Carter/Jimmy_Carter_0006.jpg
Skipping malformed line: Jimmy_Carter/Jimmy_Carter_0007.jpg
Skipping malformed line: Dora_Bakoyianni/Dora_Bakoyianni_0001.jpg
Skipping malformed line: Richard_Sambrook/Richard_Sambrook_0002.jpg
Skipping malformed line: 
Skipping malformed line: Jodie_Foster/Jodie_Foster_0001.jpg
Skipping malformed line: Jodie_Foster/Jodie_Foster_0002.jpg
Skipping malformed line: Dora_Bakoyianni/Dora_Bakoyianni_0001.jpg
Skipping malformed line: Saeb_Erekat/Saeb_Erekat_0002.jpg
Skipping malformed line: 
Skipping malformed line: John_Manley/John_Manley_0001.jpg
Skipping malformed line: John_Manley/John_Manley_0006.jpg
Skipping malformed line: Doris_Roberts/Doris_Roberts_0001.jpg
Skipping malformed line: Nong_Duc_Manh/Nong_Duc_Manh_0001.jpg
Skipping malformed line: 
Skipping malformed line: John_Manley/John_Manley_0002.jpg
Skipping malformed line: John_Manley/John_Manley_0005.jpg
Skipping malformed line: Doug_Wilson/Doug_Wilson_0001.jpg
Skipping malformed line: Szu_Yu_Chen/Szu_Yu_Chen_0001.jpg
Skipping malformed line: 
Skipping malformed line: John_McCain/John_McCain_0002.jpg
Skipping malformed line: John_McCain/John_McCain_0003.jpg
Skipping malformed line: Douglas_Gansler/Douglas_Gansler_0001.jpg
Skipping malformed line: Martin_Brooke/Martin_Brooke_0001.jpg
Skipping malformed line: 
Skipping malformed line: John_McCain/John_McCain_0003.jpg
Skipping malformed line: John_McCain/John_McCain_0007.jpg
Skipping malformed line: Douglas_Gansler/Douglas_Gansler_0001.jpg
Skipping malformed line: Ronald_Kadish/Ronald_Kadish_0001.jpg
Skipping malformed line: 
Skipping malformed line: John_McCain/John_McCain_0006.jpg
Skipping malformed line: John_McCain/John_McCain_0007.jpg
Skipping malformed line: Dwayne_Wade/Dwayne_Wade_0001.jpg
Skipping malformed line: Mike_Farrar/Mike_Farrar_0001.jpg
Skipping malformed line: 
Skipping malformed line: John_Snow/John_Snow_0003.jpg
Skipping malformed line: John_Snow/John_Snow_0015.jpg
Skipping malformed line: Edward_Arsenault/Edward_Arsenault_0001.jpg
Skipping malformed line: Jim_Hardin/Jim_Hardin_0001.jpg
Skipping malformed line: 
Skipping malformed line: John_Snow/John_Snow_0004.jpg
Skipping malformed line: John_Snow/John_Snow_0016.jpg
Skipping malformed line: Einars_Repse/Einars_Repse_0001.jpg
Skipping malformed line: Minnie_Mendoza/Minnie_Mendoza_0001.jpg
Skipping malformed line: 
Skipping malformed line: John_Snow/John_Snow_0009.jpg
Skipping malformed line: John_Snow/John_Snow_0011.jpg
Skipping malformed line: Einars_Repse/Einars_Repse_0001.jpg
Skipping malformed line: Tim_Blake_Nelson/Tim_Blake_Nelson_0001.jpg
Skipping malformed line: 
Skipping malformed line: Johnson_Panjaitan/Johnson_Panjaitan_0001.jpg
Skipping malformed line: Johnson_Panjaitan/Johnson_Panjaitan_0002.jpg
Skipping malformed line: Elinor_Caplan/Elinor_Caplan_0001.jpg
Skipping malformed line: Hilary_McKay/Hilary_McKay_0001.jpg
Skipping malformed line: 
Skipping malformed line: Jorge_Castaneda/Jorge_Castaneda_0001.jpg
Skipping malformed line: Jorge_Castaneda/Jorge_Castaneda_0002.jpg
Skipping malformed line: Eliza_Dushku/Eliza_Dushku_0001.jpg
Skipping malformed line: George_Lucas/George_Lucas_0001.jpg
Skipping malformed line: 
Skipping malformed line: Jose_Serra/Jose_Serra_0001.jpg
Skipping malformed line: Jose_Serra/Jose_Serra_0009.jpg
Skipping malformed line: Eliza_Dushku/Eliza_Dushku_0001.jpg
Skipping malformed line: Itzhak_Perlman/Itzhak_Perlman_0001.jpg
Skipping malformed line: 
Skipping malformed line: Jose_Serra/Jose_Serra_0002.jpg
Skipping malformed line: Jose_Serra/Jose_Serra_0008.jpg
Skipping malformed line: Emily_Stevens/Emily_Stevens_0001.jpg
Skipping malformed line: Janez_Drnovsek/Janez_Drnovsek_0001.jpg
Skipping malformed line: 
Skipping malformed line: Jose_Serra/Jose_Serra_0003.jpg
Skipping malformed line: Jose_Serra/Jose_Serra_0005.jpg
Skipping malformed line: Emmanuelle_Beart/Emmanuelle_Beart_0002.jpg
Skipping malformed line: Phil_Jackson/Phil_Jackson_0001.jpg
Skipping malformed line: 
Skipping malformed line: Jose_Serra/Jose_Serra_0003.jpg
Skipping malformed line: Jose_Serra/Jose_Serra_0007.jpg
Skipping malformed line: Eric_Daze/Eric_Daze_0001.jpg
Skipping malformed line: Sterling_Hitchcock/Sterling_Hitchcock_0001.jpg
Skipping malformed line: 
Skipping malformed line: Jose_Serra/Jose_Serra_0006.jpg
Skipping malformed line: Jose_Serra/Jose_Serra_0009.jpg
Skipping malformed line: Erika_Christensen/Erika_Christensen_0002.jpg
Skipping malformed line: Michael_Dell/Michael_Dell_0001.jpg
Skipping malformed line: 
Skipping malformed line: Jose_Theodore/Jose_Theodore_0001.jpg
Skipping malformed line: Jose_Theodore/Jose_Theodore_0002.jpg
Skipping malformed line: Erika_Christensen/Erika_Christensen_0002.jpg
Skipping malformed line: Woody_Allen/Woody_Allen_0002.jpg
Skipping malformed line: 
Skipping malformed line: Joseph_Blatter/Joseph_Blatter_0001.jpg
Skipping malformed line: Joseph_Blatter/Joseph_Blatter_0002.jpg
Skipping malformed line: Eriko_Tamura/Eriko_Tamura_0001.jpg
Skipping malformed line: Georgia_Giddings/Georgia_Giddings_0001.jpg
Skipping malformed line: 
Skipping malformed line: Joseph_Ralston/Joseph_Ralston_0001.jpg
Skipping malformed line: Joseph_Ralston/Joseph_Ralston_0002.jpg
Skipping malformed line: Ernie_Grunfeld/Ernie_Grunfeld_0001.jpg
Skipping malformed line: Frank_Coraci/Frank_Coraci_0001.jpg
Skipping malformed line: 
Skipping malformed line: Juan_Pablo_Montoya/Juan_Pablo_Montoya_0001.jpg
Skipping malformed line: Juan_Pablo_Montoya/Juan_Pablo_Montoya_0008.jpg
Skipping malformed line: Eugene_Melnyk/Eugene_Melnyk_0001.jpg
Skipping malformed line: Mahima_Chaudhari/Mahima_Chaudhari_0001.jpg
Skipping malformed line: 
Skipping malformed line: Juan_Pablo_Montoya/Juan_Pablo_Montoya_0002.jpg
Skipping malformed line: Juan_Pablo_Montoya/Juan_Pablo_Montoya_0004.jpg
Skipping malformed line: Fatma_Kusibeh/Fatma_Kusibeh_0001.jpg
Skipping malformed line: Lee_Baca/Lee_Baca_0001.jpg
Skipping malformed line: 
Skipping malformed line: Juan_Pablo_Montoya/Juan_Pablo_Montoya_0004.jpg
Skipping malformed line: Juan_Pablo_Montoya/Juan_Pablo_Montoya_0005.jpg
Skipping malformed line: Federico_Trillo/Federico_Trillo_0001.jpg
Skipping malformed line: Jonathan_Woodgate/Jonathan_Woodgate_0001.jpg
Skipping malformed line: 
Skipping malformed line: Julianna_Margulies/Julianna_Margulies_0001.jpg
Skipping malformed line: Julianna_Margulies/Julianna_Margulies_0002.jpg
Skipping malformed line: Fernando_Alonso/Fernando_Alonso_0001.jpg
Skipping malformed line: Sam_Brownback/Sam_Brownback_0001.jpg
Skipping malformed line: 
Skipping malformed line: Justin_Guarini/Justin_Guarini_0001.jpg
Skipping malformed line: Justin_Guarini/Justin_Guarini_0002.jpg
Skipping malformed line: Fernando_Sanz/Fernando_Sanz_0001.jpg
Skipping malformed line: Miranda_Otto/Miranda_Otto_0001.jpg
Skipping malformed line: 
Skipping malformed line: Justin_Guarini/Justin_Guarini_0002.jpg
Skipping malformed line: Justin_Guarini/Justin_Guarini_0003.jpg
Skipping malformed line: Fernando_Sanz/Fernando_Sanz_0001.jpg
Skipping malformed line: Roy_Moore/Roy_Moore_0001.jpg
Skipping malformed line: 
Skipping malformed line: Justine_Henin/Justine_Henin_0002.jpg
Skipping malformed line: Justine_Henin/Justine_Henin_0003.jpg
Skipping malformed line: Flor_Montulo/Flor_Montulo_0002.jpg
Skipping malformed line: Juan_Pablo_Montoya/Juan_Pablo_Montoya_0001.jpg
Skipping malformed line: 
Skipping malformed line: Kate_Winslet/Kate_Winslet_0001.jpg
Skipping malformed line: Kate_Winslet/Kate_Winslet_0002.jpg
Skipping malformed line: Francisco_Garcia/Francisco_Garcia_0001.jpg
Skipping malformed line: Marsha_Sharp/Marsha_Sharp_0001.jpg
Skipping malformed line: 
Skipping malformed line: Kate_Winslet/Kate_Winslet_0001.jpg
Skipping malformed line: Kate_Winslet/Kate_Winslet_0004.jpg
Skipping malformed line: Francois_Ozon/Francois_Ozon_0001.jpg
Skipping malformed line: Makiya_Ali_Hassan/Makiya_Ali_Hassan_0001.jpg
Skipping malformed line: 
Skipping malformed line: Kate_Winslet/Kate_Winslet_0002.jpg
Skipping malformed line: Kate_Winslet/Kate_Winslet_0003.jpg
Skipping malformed line: Frank_Coraci/Frank_Coraci_0001.jpg
Skipping malformed line: Tomoko_Hagiwara/Tomoko_Hagiwara_0002.jpg
Skipping malformed line: 
Skipping malformed line: Kate_Winslet/Kate_Winslet_0002.jpg
Skipping malformed line: Kate_Winslet/Kate_Winslet_0004.jpg
Skipping malformed line: Frank_Van_Ecke/Frank_Van_Ecke_0001.jpg
Skipping malformed line: Tsutomu_Takebe/Tsutomu_Takebe_0001.jpg
Skipping malformed line: 
Skipping malformed line: Kathy_Winters/Kathy_Winters_0001.jpg
Skipping malformed line: Kathy_Winters/Kathy_Winters_0002.jpg
Skipping malformed line: Fred_Thompson/Fred_Thompson_0002.jpg
Skipping malformed line: Helen_Alvare/Helen_Alvare_0001.jpg
Skipping malformed line: 
Skipping malformed line: Kelvin_Sampson/Kelvin_Sampson_0001.jpg
Skipping malformed line: Kelvin_Sampson/Kelvin_Sampson_0002.jpg
Skipping malformed line: Fred_Thompson/Fred_Thompson_0002.jpg
Skipping malformed line: Sterling_Hitchcock/Sterling_Hitchcock_0001.jpg
Skipping malformed line: 
Skipping malformed line: Kevin_Stallings/Kevin_Stallings_0001.jpg
Skipping malformed line: Kevin_Stallings/Kevin_Stallings_0002.jpg
Skipping malformed line: Fred_Thompson/Fred_Thompson_0003.jpg
Skipping malformed line: Magda_Kertasz/Magda_Kertasz_0001.jpg
Skipping malformed line: 
Skipping malformed line: Kim_Jong-Il/Kim_Jong-Il_0002.jpg
Skipping malformed line: Kim_Jong-Il/Kim_Jong-Il_0003.jpg
Skipping malformed line: Garry_Trudeau/Garry_Trudeau_0001.jpg
Skipping malformed line: Pat_Riley/Pat_Riley_0001.jpg
Skipping malformed line: 
Skipping malformed line: Kristin_Davis/Kristin_Davis_0001.jpg
Skipping malformed line: Kristin_Davis/Kristin_Davis_0002.jpg
Skipping malformed line: Garry_Witherall/Garry_Witherall_0001.jpg
Skipping malformed line: Howard_Stern/Howard_Stern_0001.jpg
Skipping malformed line: 
Skipping malformed line: Kristin_Davis/Kristin_Davis_0002.jpg
Skipping malformed line: Kristin_Davis/Kristin_Davis_0003.jpg
Skipping malformed line: Garry_Witherall/Garry_Witherall_0001.jpg
Skipping malformed line: Ingrid_Betancourt/Ingrid_Betancourt_0001.jpg
Skipping malformed line: 
Skipping malformed line: Lance_Armstrong/Lance_Armstrong_0001.jpg
Skipping malformed line: Lance_Armstrong/Lance_Armstrong_0017.jpg
Skipping malformed line: Garry_Witherall/Garry_Witherall_0001.jpg
Skipping malformed line: Martin_Keown/Martin_Keown_0001.jpg
Skipping malformed line: 
Skipping malformed line: Lance_Armstrong/Lance_Armstrong_0005.jpg
Skipping malformed line: Lance_Armstrong/Lance_Armstrong_0010.jpg
Skipping malformed line: Gary_Gero/Gary_Gero_0001.jpg
Skipping malformed line: Kim_Hong-gul/Kim_Hong-gul_0001.jpg
Skipping malformed line: 
Skipping malformed line: Lance_Armstrong/Lance_Armstrong_0007.jpg
Skipping malformed line: Lance_Armstrong/Lance_Armstrong_0011.jpg
Skipping malformed line: Gary_Gero/Gary_Gero_0001.jpg
Skipping malformed line: Phil_Gramm/Phil_Gramm_0001.jpg
Skipping malformed line: 
Skipping malformed line: Lance_Armstrong/Lance_Armstrong_0010.jpg
Skipping malformed line: Lance_Armstrong/Lance_Armstrong_0018.jpg
Skipping malformed line: Gavin_Degraw/Gavin_Degraw_0001.jpg
Skipping malformed line: Jeffrey_Archer/Jeffrey_Archer_0001.jpg
Skipping malformed line: 
Skipping malformed line: Lance_Armstrong/Lance_Armstrong_0014.jpg
Skipping malformed line: Lance_Armstrong/Lance_Armstrong_0017.jpg
Skipping malformed line: Gene_Robinson/Gene_Robinson_0003.jpg
Skipping malformed line: Martha_Bowen/Martha_Bowen_0002.jpg
Skipping malformed line: 
Skipping malformed line: Laurent_Jalabert/Laurent_Jalabert_0001.jpg
Skipping malformed line: Laurent_Jalabert/Laurent_Jalabert_0002.jpg
Skipping malformed line: Georgia_Giddings/Georgia_Giddings_0001.jpg
Skipping malformed line: Mahima_Chaudhari/Mahima_Chaudhari_0001.jpg
Skipping malformed line: 
Skipping malformed line: Lindsey_Graham/Lindsey_Graham_0001.jpg
Skipping malformed line: Lindsey_Graham/Lindsey_Graham_0002.jpg
Skipping malformed line: Geovani_Lapentti/Geovani_Lapentti_0001.jpg
Skipping malformed line: Rodney_Rempt/Rodney_Rempt_0001.jpg
Skipping malformed line: 
Skipping malformed line: Lisa_Gottsegen/Lisa_Gottsegen_0001.jpg
Skipping malformed line: Lisa_Gottsegen/Lisa_Gottsegen_0002.jpg
Skipping malformed line: Geovani_Lapentti/Geovani_Lapentti_0001.jpg
Skipping malformed line: Sam_Brownback/Sam_Brownback_0001.jpg
Skipping malformed line: 
Skipping malformed line: Lleyton_Hewitt/Lleyton_Hewitt_0001.jpg
Skipping malformed line: Lleyton_Hewitt/Lleyton_Hewitt_0013.jpg
Skipping malformed line: Gerard_de_Cortanze/Gerard_de_Cortanze_0001.jpg
Skipping malformed line: Mark_Wahlberg/Mark_Wahlberg_0001.jpg
Skipping malformed line: 
Skipping malformed line: Lleyton_Hewitt/Lleyton_Hewitt_0016.jpg
Skipping malformed line: Lleyton_Hewitt/Lleyton_Hewitt_0027.jpg
Skipping malformed line: Gian_Marco/Gian_Marco_0002.jpg
Skipping malformed line: Kevin_Stallings/Kevin_Stallings_0002.jpg
Skipping malformed line: 
Skipping malformed line: Lleyton_Hewitt/Lleyton_Hewitt_0018.jpg
Skipping malformed line: Lleyton_Hewitt/Lleyton_Hewitt_0037.jpg
Skipping malformed line: Giancarlo_Fisichella/Giancarlo_Fisichella_0001.jpg
Skipping malformed line: Maria_Callas/Maria_Callas_0001.jpg
Skipping malformed line: 
Skipping malformed line: Lleyton_Hewitt/Lleyton_Hewitt_0024.jpg
Skipping malformed line: Lleyton_Hewitt/Lleyton_Hewitt_0036.jpg
Skipping malformed line: Gideon_Yago/Gideon_Yago_0001.jpg
Skipping malformed line: Natalie_Williams/Natalie_Williams_0001.jpg
Skipping malformed line: 
Skipping malformed line: Luis_Ernesto_Derbez_Bautista/Luis_Ernesto_Derbez_Bautista_0003.jpg
Skipping malformed line: Luis_Ernesto_Derbez_Bautista/Luis_Ernesto_Derbez_Bautista_0006.jpg
Skipping malformed line: Gideon_Yago/Gideon_Yago_0001.jpg
Skipping malformed line: Paul_William_Hurley/Paul_William_Hurley_0001.jpg
Skipping malformed line: 
Skipping malformed line: Mario_Dumont/Mario_Dumont_0001.jpg
Skipping malformed line: Mario_Dumont/Mario_Dumont_0002.jpg
Skipping malformed line: Glenn_Plummer/Glenn_Plummer_0001.jpg
Skipping malformed line: Maria_Garcia/Maria_Garcia_0001.jpg
Skipping malformed line: 
Skipping malformed line: Mark_Wahlberg/Mark_Wahlberg_0001.jpg
Skipping malformed line: Mark_Wahlberg/Mark_Wahlberg_0003.jpg
Skipping malformed line: Grant_Hackett/Grant_Hackett_0001.jpg
Skipping malformed line: Todd_Robbins/Todd_Robbins_0001.jpg
Skipping malformed line: 
Skipping malformed line: Mark_Wahlberg/Mark_Wahlberg_0002.jpg
Skipping malformed line: Mark_Wahlberg/Mark_Wahlberg_0003.jpg
Skipping malformed line: Grant_Hackett/Grant_Hackett_0003.jpg
Skipping malformed line: Milo_Djukanovic/Milo_Djukanovic_0003.jpg
Skipping malformed line: 
Skipping malformed line: Mark_Wahlberg/Mark_Wahlberg_0002.jpg
Skipping malformed line: Mark_Wahlberg/Mark_Wahlberg_0004.jpg
Skipping malformed line: Gray_Davis/Gray_Davis_0026.jpg
Skipping malformed line: Karen_Lynn_Gorney/Karen_Lynn_Gorney_0001.jpg
Skipping malformed line: 
Skipping malformed line: Marlene_Weingartner/Marlene_Weingartner_0001.jpg
Skipping malformed line: Marlene_Weingartner/Marlene_Weingartner_0002.jpg
Skipping malformed line: Gregg_Popovich/Gregg_Popovich_0003.jpg
Skipping malformed line: Vernon_Forrest/Vernon_Forrest_0001.jpg
Skipping malformed line: 
Skipping malformed line: Martha_Bowen/Martha_Bowen_0001.jpg
Skipping malformed line: Martha_Bowen/Martha_Bowen_0002.jpg
Skipping malformed line: Gregor_Gysi/Gregor_Gysi_0001.jpg
Skipping malformed line: Tomoko_Hagiwara/Tomoko_Hagiwara_0001.jpg
Skipping malformed line: 
Skipping malformed line: Martin_Cauchon/Martin_Cauchon_0001.jpg
Skipping malformed line: Martin_Cauchon/Martin_Cauchon_0002.jpg
Skipping malformed line: Guy_Ritchie/Guy_Ritchie_0002.jpg
Skipping malformed line: Herb_Dhaliwal/Herb_Dhaliwal_0001.jpg
Skipping malformed line: 
Skipping malformed line: Martin_Hoellwarth/Martin_Hoellwarth_0001.jpg
Skipping malformed line: Martin_Hoellwarth/Martin_Hoellwarth_0002.jpg
Skipping malformed line: Guy_Ritchie/Guy_Ritchie_0002.jpg
Skipping malformed line: William_Macy/William_Macy_0001.jpg
Skipping malformed line: 
Skipping malformed line: Martin_Sheen/Martin_Sheen_0001.jpg
Skipping malformed line: Martin_Sheen/Martin_Sheen_0002.jpg
Skipping malformed line: Hamid_Efendi/Hamid_Efendi_0001.jpg
Skipping malformed line: Jimmy_Carter/Jimmy_Carter_0008.jpg
Skipping malformed line: 
Skipping malformed line: Matthew_Broderick/Matthew_Broderick_0001.jpg
Skipping malformed line: Matthew_Broderick/Matthew_Broderick_0004.jpg
Skipping malformed line: Hamzah_Haz/Hamzah_Haz_0002.jpg
Skipping malformed line: Hilary_McKay/Hilary_McKay_0001.jpg
Skipping malformed line: 
Skipping malformed line: Matthew_Broderick/Matthew_Broderick_0002.jpg
Skipping malformed line: Matthew_Broderick/Matthew_Broderick_0003.jpg
Skipping malformed line: Harald_Ringstorff/Harald_Ringstorff_0001.jpg
Skipping malformed line: Pat_Riley/Pat_Riley_0001.jpg
Skipping malformed line: 
Skipping malformed line: Mike_Krzyzewski/Mike_Krzyzewski_0001.jpg
Skipping malformed line: Mike_Krzyzewski/Mike_Krzyzewski_0006.jpg
Skipping malformed line: Harald_Ringstorff/Harald_Ringstorff_0001.jpg
Skipping malformed line: Romano_Prodi/Romano_Prodi_0006.jpg
Skipping malformed line: 
Skipping malformed line: Mikhail_Gorbachev/Mikhail_Gorbachev_0001.jpg
Skipping malformed line: Mikhail_Gorbachev/Mikhail_Gorbachev_0002.jpg
Skipping malformed line: Heather_Chinnock/Heather_Chinnock_0001.jpg
Skipping malformed line: Jean-Francois_Lemounier/Jean-Francois_Lemounier_0001.jpg
Skipping malformed line: 
Skipping malformed line: Monica_Bellucci/Monica_Bellucci_0001.jpg
Skipping malformed line: Monica_Bellucci/Monica_Bellucci_0004.jpg
Skipping malformed line: Helen_Alvare/Helen_Alvare_0001.jpg
Skipping malformed line: Milo_Djukanovic/Milo_Djukanovic_0001.jpg
Skipping malformed line: 
Skipping malformed line: Monica_Bellucci/Monica_Bellucci_0002.jpg
Skipping malformed line: Monica_Bellucci/Monica_Bellucci_0004.jpg
Skipping malformed line: Henry_Castellanos/Henry_Castellanos_0001.jpg
Skipping malformed line: Pamela_Anderson/Pamela_Anderson_0004.jpg
Skipping malformed line: 
Skipping malformed line: Naomi_Campbell/Naomi_Campbell_0001.jpg
Skipping malformed line: Naomi_Campbell/Naomi_Campbell_0002.jpg
Skipping malformed line: Henry_Castellanos/Henry_Castellanos_0001.jpg
Skipping malformed line: Tommy_Shane_Steiner/Tommy_Shane_Steiner_0001.jpg
Skipping malformed line: 
Skipping malformed line: Nestor_Kirchner/Nestor_Kirchner_0003.jpg
Skipping malformed line: Nestor_Kirchner/Nestor_Kirchner_0030.jpg
Skipping malformed line: Herb_Dhaliwal/Herb_Dhaliwal_0001.jpg
Skipping malformed line: Hung_Wan-ting/Hung_Wan-ting_0001.jpg
Skipping malformed line: 
Skipping malformed line: Nestor_Kirchner/Nestor_Kirchner_0012.jpg
Skipping malformed line: Nestor_Kirchner/Nestor_Kirchner_0021.jpg
Skipping malformed line: Hilary_McKay/Hilary_McKay_0001.jpg
Skipping malformed line: Kevin_Millwood/Kevin_Millwood_0001.jpg
Skipping malformed line: 
Skipping malformed line: Nestor_Kirchner/Nestor_Kirchner_0017.jpg
Skipping malformed line: Nestor_Kirchner/Nestor_Kirchner_0025.jpg
Skipping malformed line: Howard_Stern/Howard_Stern_0001.jpg
Skipping malformed line: Maria_Callas/Maria_Callas_0001.jpg
Skipping malformed line: 
Skipping malformed line: Nicolas_Lapentti/Nicolas_Lapentti_0001.jpg
Skipping malformed line: Nicolas_Lapentti/Nicolas_Lapentti_0002.jpg
Skipping malformed line: Hugo_Chavez/Hugo_Chavez_0033.jpg
Skipping malformed line: Karen_Lynn_Gorney/Karen_Lynn_Gorney_0001.jpg
Skipping malformed line: 
Skipping malformed line: Noah_Wyle/Noah_Wyle_0002.jpg
Skipping malformed line: Noah_Wyle/Noah_Wyle_0003.jpg
Skipping malformed line: Hugo_Chavez/Hugo_Chavez_0060.jpg
Skipping malformed line: Steve_Shiver/Steve_Shiver_0001.jpg
Skipping malformed line: 
Skipping malformed line: Nora_Bendijo/Nora_Bendijo_0001.jpg
Skipping malformed line: Nora_Bendijo/Nora_Bendijo_0002.jpg
Skipping malformed line: Imam_Samudra/Imam_Samudra_0001.jpg
Skipping malformed line: Ivana_Trump/Ivana_Trump_0001.jpg
Skipping malformed line: 
Skipping malformed line: Nursultan_Nazarbayev/Nursultan_Nazarbayev_0001.jpg
Skipping malformed line: Nursultan_Nazarbayev/Nursultan_Nazarbayev_0002.jpg
Skipping malformed line: Imelda_Marcos/Imelda_Marcos_0001.jpg
Skipping malformed line: Patty_Schnyder/Patty_Schnyder_0004.jpg
Skipping malformed line: 
Skipping malformed line: Pamela_Anderson/Pamela_Anderson_0001.jpg
Skipping malformed line: Pamela_Anderson/Pamela_Anderson_0002.jpg
Skipping malformed line: Jack_Smith/Jack_Smith_0001.jpg
Skipping malformed line: Mary_Jo_Myers/Mary_Jo_Myers_0001.jpg
Skipping malformed line: 
Skipping malformed line: Pamela_Anderson/Pamela_Anderson_0001.jpg
Skipping malformed line: Pamela_Anderson/Pamela_Anderson_0005.jpg
Skipping malformed line: James_Caan/James_Caan_0002.jpg
Skipping malformed line: Paul_Sarbanes/Paul_Sarbanes_0002.jpg
Skipping malformed line: 
Skipping malformed line: Patricia_Heaton/Patricia_Heaton_0001.jpg
Skipping malformed line: Patricia_Heaton/Patricia_Heaton_0002.jpg
Skipping malformed line: James_Comey/James_Comey_0001.jpg
Skipping malformed line: Juan_Carlos_Morales/Juan_Carlos_Morales_0001.jpg
Skipping malformed line: 
Skipping malformed line: Patty_Schnyder/Patty_Schnyder_0001.jpg
Skipping malformed line: Patty_Schnyder/Patty_Schnyder_0002.jpg
Skipping malformed line: James_Comey/James_Comey_0001.jpg
Skipping malformed line: Paul_William_Hurley/Paul_William_Hurley_0001.jpg
Skipping malformed line: 
Skipping malformed line: Patty_Schnyder/Patty_Schnyder_0002.jpg
Skipping malformed line: Patty_Schnyder/Patty_Schnyder_0003.jpg
Skipping malformed line: Jamling_Norgay/Jamling_Norgay_0001.jpg
Skipping malformed line: Zico/Zico_0002.jpg
Skipping malformed line: 
Skipping malformed line: Patty_Schnyder/Patty_Schnyder_0002.jpg
Skipping malformed line: Patty_Schnyder/Patty_Schnyder_0004.jpg
Skipping malformed line: Jan_Pronk/Jan_Pronk_0001.jpg
Skipping malformed line: Kim_Dong-hwa/Kim_Dong-hwa_0001.jpg
Skipping malformed line: 
Skipping malformed line: Patty_Schnyder/Patty_Schnyder_0003.jpg
Skipping malformed line: Patty_Schnyder/Patty_Schnyder_0004.jpg
Skipping malformed line: Janez_Drnovsek/Janez_Drnovsek_0001.jpg
Skipping malformed line: Sterling_Hitchcock/Sterling_Hitchcock_0001.jpg
Skipping malformed line: 
Skipping malformed line: Paul_Bremer/Paul_Bremer_0006.jpg
Skipping malformed line: Paul_Bremer/Paul_Bremer_0017.jpg
Skipping malformed line: Janica_Kostelic/Janica_Kostelic_0002.jpg
Skipping malformed line: Yasushi_Akashi/Yasushi_Akashi_0001.jpg
Skipping malformed line: 
Skipping malformed line: Paul_Bremer/Paul_Bremer_0007.jpg
Skipping malformed line: Paul_Bremer/Paul_Bremer_0010.jpg
Skipping malformed line: Janice_Abreu/Janice_Abreu_0001.jpg
Skipping malformed line: Kevin_Sorbo/Kevin_Sorbo_0001.jpg
Skipping malformed line: 
Skipping malformed line: Paul_Bremer/Paul_Bremer_0009.jpg
Skipping malformed line: Paul_Bremer/Paul_Bremer_0015.jpg
Skipping malformed line: Jeffrey_Ashby/Jeffrey_Ashby_0001.jpg
Skipping malformed line: Michael_Dell/Michael_Dell_0001.jpg
Skipping malformed line: 
Skipping malformed line: Paul_Bremer/Paul_Bremer_0014.jpg
Skipping malformed line: Paul_Bremer/Paul_Bremer_0016.jpg
Skipping malformed line: Jennifer_Garner/Jennifer_Garner_0006.jpg
Skipping malformed line: Mike_Duke/Mike_Duke_0001.jpg
Skipping malformed line: 
Skipping malformed line: Paul_Sarbanes/Paul_Sarbanes_0001.jpg
Skipping malformed line: Paul_Sarbanes/Paul_Sarbanes_0003.jpg
Skipping malformed line: Jennifer_Renee_Short/Jennifer_Renee_Short_0001.jpg
Skipping malformed line: Taylor_Twellman/Taylor_Twellman_0001.jpg
Skipping malformed line: 
Skipping malformed line: Paul_Sarbanes/Paul_Sarbanes_0002.jpg
Skipping malformed line: Paul_Sarbanes/Paul_Sarbanes_0003.jpg
Skipping malformed line: Jerry_Seinfeld/Jerry_Seinfeld_0001.jpg
Skipping malformed line: Tim_Blake_Nelson/Tim_Blake_Nelson_0001.jpg
Skipping malformed line: 
Skipping malformed line: Paul_William_Hurley/Paul_William_Hurley_0001.jpg
Skipping malformed line: Paul_William_Hurley/Paul_William_Hurley_0002.jpg
Skipping malformed line: Jerry_Tarkanian/Jerry_Tarkanian_0001.jpg
Skipping malformed line: Thomas_Rupprath/Thomas_Rupprath_0001.jpg
Skipping malformed line: 
Skipping malformed line: Pervez_Musharraf/Pervez_Musharraf_0001.jpg
Skipping malformed line: Pervez_Musharraf/Pervez_Musharraf_0006.jpg
Skipping malformed line: Jessica_Lange/Jessica_Lange_0002.jpg
Skipping malformed line: Sedigh_Barmak/Sedigh_Barmak_0001.jpg
Skipping malformed line: 
Skipping malformed line: Pervez_Musharraf/Pervez_Musharraf_0002.jpg
Skipping malformed line: Pervez_Musharraf/Pervez_Musharraf_0016.jpg
Skipping malformed line: Jim_Freudenberg/Jim_Freudenberg_0001.jpg
Skipping malformed line: Nigel_Redden/Nigel_Redden_0001.jpg
Skipping malformed line: 
Skipping malformed line: Pervez_Musharraf/Pervez_Musharraf_0003.jpg
Skipping malformed line: Pervez_Musharraf/Pervez_Musharraf_0010.jpg
Skipping malformed line: Jim_Freudenberg/Jim_Freudenberg_0001.jpg
Skipping malformed line: Tina_Pisnik/Tina_Pisnik_0001.jpg
Skipping malformed line: 
Skipping malformed line: Pervez_Musharraf/Pervez_Musharraf_0004.jpg
Skipping malformed line: Pervez_Musharraf/Pervez_Musharraf_0014.jpg
Skipping malformed line: Jim_Haslett/Jim_Haslett_0001.jpg
Skipping malformed line: Tsutomu_Takebe/Tsutomu_Takebe_0001.jpg
Skipping malformed line: 
Skipping malformed line: Pervez_Musharraf/Pervez_Musharraf_0005.jpg
Skipping malformed line: Pervez_Musharraf/Pervez_Musharraf_0007.jpg
Skipping malformed line: Jim_Otto/Jim_Otto_0001.jpg
Skipping malformed line: Rafiq_Hariri/Rafiq_Hariri_0001.jpg
Skipping malformed line: 
Skipping malformed line: Pervez_Musharraf/Pervez_Musharraf_0005.jpg
Skipping malformed line: Pervez_Musharraf/Pervez_Musharraf_0015.jpg
Skipping malformed line: Jimmy_Gurule/Jimmy_Gurule_0001.jpg
Skipping malformed line: Terry_McAuliffe/Terry_McAuliffe_0001.jpg
Skipping malformed line: 
Skipping malformed line: Phil_Gramm/Phil_Gramm_0001.jpg
Skipping malformed line: Phil_Gramm/Phil_Gramm_0002.jpg
Skipping malformed line: Jodie_Foster/Jodie_Foster_0003.jpg
Skipping malformed line: Joe_Pantoliano/Joe_Pantoliano_0001.jpg
Skipping malformed line: 
Skipping malformed line: Prince_Edward/Prince_Edward_0001.jpg
Skipping malformed line: Prince_Edward/Prince_Edward_0002.jpg
Skipping malformed line: John_Herrington/John_Herrington_0001.jpg
Skipping malformed line: Luis_Ernesto_Derbez_Bautista/Luis_Ernesto_Derbez_Bautista_0002.jpg
Skipping malformed line: 
Skipping malformed line: Ricardo_Lagos/Ricardo_Lagos_0003.jpg
Skipping malformed line: Ricardo_Lagos/Ricardo_Lagos_0012.jpg
Skipping malformed line: John_Richardson/John_Richardson_0001.jpg
Skipping malformed line: Yasushi_Akashi/Yasushi_Akashi_0001.jpg
Skipping malformed line: 
Skipping malformed line: Ricardo_Lagos/Ricardo_Lagos_0023.jpg
Skipping malformed line: Ricardo_Lagos/Ricardo_Lagos_0027.jpg
Skipping malformed line: John_Snow/John_Snow_0017.jpg
Skipping malformed line: Se_Hyuk_Joo/Se_Hyuk_Joo_0001.jpg
Skipping malformed line: 
Skipping malformed line: Ricardo_Monasterio/Ricardo_Monasterio_0001.jpg
Skipping malformed line: Ricardo_Monasterio/Ricardo_Monasterio_0002.jpg
Skipping malformed line: Jonathan_Arden/Jonathan_Arden_0001.jpg
Skipping malformed line: Joseph_Ralston/Joseph_Ralston_0001.jpg
Skipping malformed line: 
Skipping malformed line: Rich_Gannon/Rich_Gannon_0001.jpg
Skipping malformed line: Rich_Gannon/Rich_Gannon_0002.jpg
Skipping malformed line: Jorge_Castaneda/Jorge_Castaneda_0001.jpg
Skipping malformed line: Robert_Fico/Robert_Fico_0001.jpg
Skipping malformed line: 
Skipping malformed line: Rick_Perry/Rick_Perry_0001.jpg
Skipping malformed line: Rick_Perry/Rick_Perry_0004.jpg
Skipping malformed line: Jose_Rosado/Jose_Rosado_0001.jpg
Skipping malformed line: Micky_Arison/Micky_Arison_0001.jpg
Skipping malformed line: 
Skipping malformed line: Rick_Perry/Rick_Perry_0001.jpg
Skipping malformed line: Rick_Perry/Rick_Perry_0005.jpg
Skipping malformed line: Joseph_Blatter/Joseph_Blatter_0001.jpg
Skipping malformed line: Ronald_Kadish/Ronald_Kadish_0001.jpg
Skipping malformed line: 
Skipping malformed line: Rick_Perry/Rick_Perry_0002.jpg
Skipping malformed line: Rick_Perry/Rick_Perry_0004.jpg
Skipping malformed line: Joseph_Ralston/Joseph_Ralston_0002.jpg
Skipping malformed line: Juan_Pablo_Montoya/Juan_Pablo_Montoya_0005.jpg
Skipping malformed line: 
Skipping malformed line: Rick_Perry/Rick_Perry_0003.jpg
Skipping malformed line: Rick_Perry/Rick_Perry_0004.jpg
Skipping malformed line: Joseph_Ralston/Joseph_Ralston_0002.jpg
Skipping malformed line: Yoshiyuki_Kamei/Yoshiyuki_Kamei_0001.jpg
Skipping malformed line: 
Skipping malformed line: Robert_Bonner/Robert_Bonner_0002.jpg
Skipping malformed line: Robert_Bonner/Robert_Bonner_0003.jpg
Skipping malformed line: Juliette_Binoche/Juliette_Binoche_0001.jpg
Skipping malformed line: Matthew_Broderick/Matthew_Broderick_0003.jpg
Skipping malformed line: 
Skipping malformed line: Robert_Evans/Robert_Evans_0002.jpg
Skipping malformed line: Robert_Evans/Robert_Evans_0003.jpg
Skipping malformed line: Julio_De_Brun/Julio_De_Brun_0001.jpg
Skipping malformed line: Patty_Schnyder/Patty_Schnyder_0001.jpg
Skipping malformed line: 
Skipping malformed line: Robert_Fico/Robert_Fico_0001.jpg
Skipping malformed line: Robert_Fico/Robert_Fico_0002.jpg
Skipping malformed line: Julio_De_Brun/Julio_De_Brun_0001.jpg
Skipping malformed line: Vernon_Forrest/Vernon_Forrest_0001.jpg
Skipping malformed line: 
Skipping malformed line: Romano_Prodi/Romano_Prodi_0003.jpg
Skipping malformed line: Romano_Prodi/Romano_Prodi_0005.jpg
Skipping malformed line: Justin_Guarini/Justin_Guarini_0002.jpg
Skipping malformed line: Prince_Edward/Prince_Edward_0001.jpg
Skipping malformed line: 
Skipping malformed line: Roy_Moore/Roy_Moore_0002.jpg
Skipping malformed line: Roy_Moore/Roy_Moore_0005.jpg
Skipping malformed line: Kate_Winslet/Kate_Winslet_0002.jpg
Skipping malformed line: Mike_Duke/Mike_Duke_0001.jpg
Skipping malformed line: 
Skipping malformed line: Roy_Moore/Roy_Moore_0003.jpg
Skipping malformed line: Roy_Moore/Roy_Moore_0006.jpg
Skipping malformed line: Katie_Wagner/Katie_Wagner_0001.jpg
Skipping malformed line: Stan_Kroenke/Stan_Kroenke_0001.jpg
Skipping malformed line: 
Skipping malformed line: Sachiko_Yamada/Sachiko_Yamada_0001.jpg
Skipping malformed line: Sachiko_Yamada/Sachiko_Yamada_0002.jpg
Skipping malformed line: Keith_Lowen/Keith_Lowen_0001.jpg
Skipping malformed line: Robert_Evans/Robert_Evans_0002.jpg
Skipping malformed line: 
Skipping malformed line: Sachiko_Yamada/Sachiko_Yamada_0001.jpg
Skipping malformed line: Sachiko_Yamada/Sachiko_Yamada_0004.jpg
Skipping malformed line: Keith_Lowen/Keith_Lowen_0001.jpg
Skipping malformed line: Silvia_Farina_Elia/Silvia_Farina_Elia_0002.jpg
Skipping malformed line: 
Skipping malformed line: Sachiko_Yamada/Sachiko_Yamada_0002.jpg
Skipping malformed line: Sachiko_Yamada/Sachiko_Yamada_0003.jpg
Skipping malformed line: Ken_Loach/Ken_Loach_0001.jpg
Skipping malformed line: Taku_Yamasaki/Taku_Yamasaki_0001.jpg
Skipping malformed line: 
Skipping malformed line: Sachiko_Yamada/Sachiko_Yamada_0002.jpg
Skipping malformed line: Sachiko_Yamada/Sachiko_Yamada_0004.jpg
Skipping malformed line: Kevin_Crane/Kevin_Crane_0001.jpg
Skipping malformed line: Mike_Krzyzewski/Mike_Krzyzewski_0002.jpg
Skipping malformed line: 
Skipping malformed line: Saeb_Erekat/Saeb_Erekat_0001.jpg
Skipping malformed line: Saeb_Erekat/Saeb_Erekat_0002.jpg
Skipping malformed line: Kevin_Millwood/Kevin_Millwood_0001.jpg
Skipping malformed line: Mitchell_Crooks/Mitchell_Crooks_0001.jpg
Skipping malformed line: 
Skipping malformed line: Sam_Bith/Sam_Bith_0001.jpg
Skipping malformed line: Sam_Bith/Sam_Bith_0002.jpg
Skipping malformed line: Kim_Clijsters/Kim_Clijsters_0004.jpg
Skipping malformed line: Martin_Short/Martin_Short_0001.jpg
Skipping malformed line: 
Skipping malformed line: Sam_Bith/Sam_Bith_0001.jpg
Skipping malformed line: Sam_Bith/Sam_Bith_0003.jpg
Skipping malformed line: Kim_Hong-gul/Kim_Hong-gul_0001.jpg
Skipping malformed line: Milo_Djukanovic/Milo_Djukanovic_0003.jpg
Skipping malformed line: 
Skipping malformed line: Sam_Bith/Sam_Bith_0002.jpg
Skipping malformed line: Sam_Bith/Sam_Bith_0003.jpg
Skipping malformed line: Kim_Jong-Il/Kim_Jong-Il_0003.jpg
Skipping malformed line: Rick_Reed/Rick_Reed_0001.jpg
Skipping malformed line: 
Skipping malformed line: Sean_Hayes/Sean_Hayes_0001.jpg
Skipping malformed line: Sean_Hayes/Sean_Hayes_0002.jpg
Skipping malformed line: Lance_Armstrong/Lance_Armstrong_0009.jpg
Skipping malformed line: Maria_Garcia/Maria_Garcia_0001.jpg
Skipping malformed line: 
Skipping malformed line: Sergio_Garcia/Sergio_Garcia_0001.jpg
Skipping malformed line: Sergio_Garcia/Sergio_Garcia_0002.jpg
Skipping malformed line: Laurent_Jalabert/Laurent_Jalabert_0002.jpg
Skipping malformed line: Vincent_Gallo/Vincent_Gallo_0001.jpg
Skipping malformed line: 
Skipping malformed line: Silvia_Farina_Elia/Silvia_Farina_Elia_0001.jpg
Skipping malformed line: Silvia_Farina_Elia/Silvia_Farina_Elia_0002.jpg
Skipping malformed line: Leon_LaPorte/Leon_LaPorte_0001.jpg
Skipping malformed line: Ted_Williams/Ted_Williams_0001.jpg
Skipping malformed line: 
Skipping malformed line: Steve_Ballmer/Steve_Ballmer_0001.jpg
Skipping malformed line: Steve_Ballmer/Steve_Ballmer_0002.jpg
Skipping malformed line: Leon_LaPorte/Leon_LaPorte_0001.jpg
Skipping malformed line: Tommy_Thompson/Tommy_Thompson_0005.jpg
Skipping malformed line: 
Skipping malformed line: Steve_Ballmer/Steve_Ballmer_0001.jpg
Skipping malformed line: Steve_Ballmer/Steve_Ballmer_0003.jpg
Skipping malformed line: Leonardo_Fernandez/Leonardo_Fernandez_0001.jpg
Skipping malformed line: Romano_Prodi/Romano_Prodi_0007.jpg
Skipping malformed line: 
Skipping malformed line: Stockard_Channing/Stockard_Channing_0001.jpg
Skipping malformed line: Stockard_Channing/Stockard_Channing_0003.jpg
Skipping malformed line: Leticia_Dolera/Leticia_Dolera_0001.jpg
Skipping malformed line: Tom_Glavine/Tom_Glavine_0001.jpg
Skipping malformed line: 
Skipping malformed line: Stockard_Channing/Stockard_Channing_0002.jpg
Skipping malformed line: Stockard_Channing/Stockard_Channing_0003.jpg
Skipping malformed line: Lorraine_Bracco/Lorraine_Bracco_0001.jpg
Skipping malformed line: Momcilo_Perisic/Momcilo_Perisic_0001.jpg
Skipping malformed line: 
Skipping malformed line: Terry_McAuliffe/Terry_McAuliffe_0001.jpg
Skipping malformed line: Terry_McAuliffe/Terry_McAuliffe_0002.jpg
Skipping malformed line: Luis_Ernesto_Derbez_Bautista/Luis_Ernesto_Derbez_Bautista_0001.jpg
Skipping malformed line: Tyra_Banks/Tyra_Banks_0001.jpg
Skipping malformed line: 
Skipping malformed line: Terry_McAuliffe/Terry_McAuliffe_0001.jpg
Skipping malformed line: Terry_McAuliffe/Terry_McAuliffe_0003.jpg
Skipping malformed line: Maria_Burks/Maria_Burks_0001.jpg
Skipping malformed line: Todd_Parrott/Todd_Parrott_0001.jpg
Skipping malformed line: 
Skipping malformed line: Thomas_Rupprath/Thomas_Rupprath_0001.jpg
Skipping malformed line: Thomas_Rupprath/Thomas_Rupprath_0003.jpg
Skipping malformed line: Mario_Lemieux/Mario_Lemieux_0001.jpg
Skipping malformed line: Stan_Kroenke/Stan_Kroenke_0001.jpg
Skipping malformed line: 
Skipping malformed line: Thomas_Rupprath/Thomas_Rupprath_0002.jpg
Skipping malformed line: Thomas_Rupprath/Thomas_Rupprath_0003.jpg
Skipping malformed line: Mark_Everson/Mark_Everson_0001.jpg
Skipping malformed line: Martin_Sheen/Martin_Sheen_0002.jpg
Skipping malformed line: 
Skipping malformed line: Tom_Ridge/Tom_Ridge_0006.jpg
Skipping malformed line: Tom_Ridge/Tom_Ridge_0016.jpg
Skipping malformed line: Marquier_Montano_Contreras/Marquier_Montano_Contreras_0001.jpg
Skipping malformed line: SJ_Twu/SJ_Twu_0001.jpg
Skipping malformed line: 
Skipping malformed line: Tom_Ridge/Tom_Ridge_0008.jpg
Skipping malformed line: Tom_Ridge/Tom_Ridge_0025.jpg
Skipping malformed line: Marsha_Sharp/Marsha_Sharp_0001.jpg
Skipping malformed line: Steve_Shiver/Steve_Shiver_0001.jpg
Skipping malformed line: 
Skipping malformed line: Tom_Ridge/Tom_Ridge_0009.jpg
Skipping malformed line: Tom_Ridge/Tom_Ridge_0026.jpg
Skipping malformed line: Martin_Cauchon/Martin_Cauchon_0002.jpg
Skipping malformed line: Vitali_Klitschko/Vitali_Klitschko_0003.jpg
Skipping malformed line: 
Skipping malformed line: Tom_Ridge/Tom_Ridge_0018.jpg
Skipping malformed line: Tom_Ridge/Tom_Ridge_0022.jpg
Skipping malformed line: Martin_Hoellwarth/Martin_Hoellwarth_0002.jpg
Skipping malformed line: Mary_Katherine_Smart/Mary_Katherine_Smart_0001.jpg
Skipping malformed line: 
Skipping malformed line: Tommy_Haas/Tommy_Haas_0004.jpg
Skipping malformed line: Tommy_Haas/Tommy_Haas_0005.jpg
Skipping malformed line: Martina_Hingis/Martina_Hingis_0001.jpg
Skipping malformed line: Terry_McAuliffe/Terry_McAuliffe_0002.jpg
Skipping malformed line: 
Skipping malformed line: Tommy_Thompson/Tommy_Thompson_0001.jpg
Skipping malformed line: Tommy_Thompson/Tommy_Thompson_0002.jpg
Skipping malformed line: Melina_Kanakaredes/Melina_Kanakaredes_0001.jpg
Skipping malformed line: Ornella_Muti/Ornella_Muti_0001.jpg
Skipping malformed line: 
Skipping malformed line: Tommy_Thompson/Tommy_Thompson_0001.jpg
Skipping malformed line: Tommy_Thompson/Tommy_Thompson_0007.jpg
Skipping malformed line: Michael_Dell/Michael_Dell_0001.jpg
Skipping malformed line: Mike_Duke/Mike_Duke_0001.jpg
Skipping malformed line: 
Skipping malformed line: Tommy_Thompson/Tommy_Thompson_0002.jpg
Skipping malformed line: Tommy_Thompson/Tommy_Thompson_0008.jpg
Skipping malformed line: Michael_Dell/Michael_Dell_0001.jpg
Skipping malformed line: Nigel_Redden/Nigel_Redden_0001.jpg
Skipping malformed line: 
Skipping malformed line: Tommy_Thompson/Tommy_Thompson_0004.jpg
Skipping malformed line: Tommy_Thompson/Tommy_Thompson_0008.jpg
Skipping malformed line: Michael_Richards/Michael_Richards_0001.jpg
Skipping malformed line: Silvia_Farina_Elia/Silvia_Farina_Elia_0003.jpg
Skipping malformed line: 
Skipping malformed line: Tommy_Thompson/Tommy_Thompson_0006.jpg
Skipping malformed line: Tommy_Thompson/Tommy_Thompson_0009.jpg
Skipping malformed line: Milan_Kucan/Milan_Kucan_0001.jpg
Skipping malformed line: Salman_Khan/Salman_Khan_0001.jpg
Skipping malformed line: 
Skipping malformed line: Tomoko_Hagiwara/Tomoko_Hagiwara_0001.jpg
Skipping malformed line: Tomoko_Hagiwara/Tomoko_Hagiwara_0002.jpg
Skipping malformed line: Nancy_Kerrigan/Nancy_Kerrigan_0001.jpg
Skipping malformed line: Sam_Brownback/Sam_Brownback_0001.jpg
Skipping malformed line: 
Skipping malformed line: Trent_Lott/Trent_Lott_0001.jpg
Skipping malformed line: Trent_Lott/Trent_Lott_0002.jpg
Skipping malformed line: Naomi_Campbell/Naomi_Campbell_0001.jpg
Skipping malformed line: Tom_Ridge/Tom_Ridge_0016.jpg
Skipping malformed line: 
Skipping malformed line: Trent_Lott/Trent_Lott_0002.jpg
Skipping malformed line: Trent_Lott/Trent_Lott_0003.jpg
Skipping malformed line: Nina_Jacobson/Nina_Jacobson_0001.jpg
Skipping malformed line: Portia_de_Rossi/Portia_de_Rossi_0001.jpg
Skipping malformed line: 
Skipping malformed line: Trent_Lott/Trent_Lott_0002.jpg
Skipping malformed line: Trent_Lott/Trent_Lott_0008.jpg
Skipping malformed line: Noah_Wyle/Noah_Wyle_0003.jpg
Skipping malformed line: Robbie_Coltrane/Robbie_Coltrane_0001.jpg
Skipping malformed line: 
Skipping malformed line: Trent_Lott/Trent_Lott_0006.jpg
Skipping malformed line: Trent_Lott/Trent_Lott_0011.jpg
Skipping malformed line: Nora_Bendijo/Nora_Bendijo_0001.jpg
Skipping malformed line: William_Martin/William_Martin_0002.jpg
Skipping malformed line: 
Skipping malformed line: Trent_Lott/Trent_Lott_0007.jpg
Skipping malformed line: Trent_Lott/Trent_Lott_0010.jpg
Skipping malformed line: Nursultan_Nazarbayev/Nursultan_Nazarbayev_0001.jpg
Skipping malformed line: Robert_Bonner/Robert_Bonner_0001.jpg
Skipping malformed line: 
Skipping malformed line: Trent_Lott/Trent_Lott_0008.jpg
Skipping malformed line: Trent_Lott/Trent_Lott_0016.jpg
Skipping malformed line: Pascal_Affi_Nguessan/Pascal_Affi_Nguessan_0001.jpg
Skipping malformed line: Tom_Moss/Tom_Moss_0001.jpg
Skipping malformed line: 
Skipping malformed line: Tsutomu_Takebe/Tsutomu_Takebe_0001.jpg
Skipping malformed line: Tsutomu_Takebe/Tsutomu_Takebe_0002.jpg
Skipping malformed line: Pat_Summitt/Pat_Summitt_0001.jpg
Skipping malformed line: Paul_Celluci/Paul_Celluci_0001.jpg
Skipping malformed line: 
Skipping malformed line: Tyler_Hamilton/Tyler_Hamilton_0001.jpg
Skipping malformed line: Tyler_Hamilton/Tyler_Hamilton_0002.jpg
Skipping malformed line: Patty_Schnyder/Patty_Schnyder_0003.jpg
Skipping malformed line: Pernilla_Bjorn/Pernilla_Bjorn_0001.jpg
Skipping malformed line: 
Skipping malformed line: Tyra_Banks/Tyra_Banks_0001.jpg
Skipping malformed line: Tyra_Banks/Tyra_Banks_0002.jpg
Skipping malformed line: Patty_Schnyder/Patty_Schnyder_0003.jpg
Skipping malformed line: Prince_Philippe/Prince_Philippe_0001.jpg
Skipping malformed line: 
Skipping malformed line: Vaclav_Havel/Vaclav_Havel_0002.jpg
Skipping malformed line: Vaclav_Havel/Vaclav_Havel_0004.jpg
Skipping malformed line: Patty_Schnyder/Patty_Schnyder_0004.jpg
Skipping malformed line: Ricardo_Lagos/Ricardo_Lagos_0025.jpg
Skipping malformed line: 
Skipping malformed line: Vaclav_Havel/Vaclav_Havel_0002.jpg
Skipping malformed line: Vaclav_Havel/Vaclav_Havel_0005.jpg
Skipping malformed line: Pervez_Musharraf/Pervez_Musharraf_0003.jpg
Skipping malformed line: Richard_Rodriguez/Richard_Rodriguez_0001.jpg
Skipping malformed line: 
Skipping malformed line: Vaclav_Havel/Vaclav_Havel_0002.jpg
Skipping malformed line: Vaclav_Havel/Vaclav_Havel_0006.jpg
Skipping malformed line: Phil_Gramm/Phil_Gramm_0002.jpg
Skipping malformed line: Stefan_Tafrov/Stefan_Tafrov_0001.jpg
Skipping malformed line: 
Skipping malformed line: Vaclav_Havel/Vaclav_Havel_0004.jpg
Skipping malformed line: Vaclav_Havel/Vaclav_Havel_0009.jpg
Skipping malformed line: Rachel_Kempson/Rachel_Kempson_0001.jpg
Skipping malformed line: Zorica_Radovic/Zorica_Radovic_0001.jpg
Skipping malformed line: 
Skipping malformed line: Vaclav_Havel/Vaclav_Havel_0005.jpg
Skipping malformed line: Vaclav_Havel/Vaclav_Havel_0007.jpg
Skipping malformed line: Rachel_Roy/Rachel_Roy_0001.jpg
Skipping malformed line: Steve_Shiver/Steve_Shiver_0001.jpg
Skipping malformed line: 
Skipping malformed line: Valerie_Harper/Valerie_Harper_0001.jpg
Skipping malformed line: Valerie_Harper/Valerie_Harper_0002.jpg
Skipping malformed line: Richard_Fine/Richard_Fine_0001.jpg
Skipping malformed line: Richard_Rodriguez/Richard_Rodriguez_0001.jpg
Skipping malformed line: 
Skipping malformed line: Vince_Carter/Vince_Carter_0003.jpg
Skipping malformed line: Vince_Carter/Vince_Carter_0004.jpg
Skipping malformed line: Rick_Reed/Rick_Reed_0001.jpg
Skipping malformed line: Ruth_Bader_Ginsburg/Ruth_Bader_Ginsburg_0001.jpg
Skipping malformed line: 
Skipping malformed line: Vincent_Brooks/Vincent_Brooks_0002.jpg
Skipping malformed line: Vincent_Brooks/Vincent_Brooks_0003.jpg
Skipping malformed line: Robbie_Naish/Robbie_Naish_0001.jpg
Skipping malformed line: Zhong_Nanshan/Zhong_Nanshan_0001.jpg
Skipping malformed line: 
Skipping malformed line: Vincent_Brooks/Vincent_Brooks_0002.jpg
Skipping malformed line: Vincent_Brooks/Vincent_Brooks_0007.jpg
Skipping malformed line: Robert_Bonner/Robert_Bonner_0002.jpg
Skipping malformed line: Vincent_Brooks/Vincent_Brooks_0002.jpg
Skipping malformed line: 
Skipping malformed line: Vincent_Brooks/Vincent_Brooks_0004.jpg
Skipping malformed line: Vincent_Brooks/Vincent_Brooks_0005.jpg
Skipping malformed line: Robert_Downey_Jr/Robert_Downey_Jr_0001.jpg
Skipping malformed line: Tommy_Shane_Steiner/Tommy_Shane_Steiner_0001.jpg
Skipping malformed line: 
Skipping malformed line: Vincent_Brooks/Vincent_Brooks_0004.jpg
Skipping malformed line: Vincent_Brooks/Vincent_Brooks_0007.jpg
Skipping malformed line: Robert_Evans/Robert_Evans_0001.jpg
Skipping malformed line: Todd_Robbins/Todd_Robbins_0001.jpg
Skipping malformed line: 
Skipping malformed line: Vincent_Gallo/Vincent_Gallo_0001.jpg
Skipping malformed line: Vincent_Gallo/Vincent_Gallo_0002.jpg
Skipping malformed line: Romeo_Gigli/Romeo_Gigli_0001.jpg
Skipping malformed line: Tom_Harkin/Tom_Harkin_0004.jpg
Skipping malformed line: 
Skipping malformed line: Vitali_Klitschko/Vitali_Klitschko_0001.jpg
Skipping malformed line: Vitali_Klitschko/Vitali_Klitschko_0002.jpg
Skipping malformed line: Saeb_Erekat/Saeb_Erekat_0001.jpg
Skipping malformed line: Tom_Coverdale/Tom_Coverdale_0002.jpg
Skipping malformed line: 
Skipping malformed line: Vitali_Klitschko/Vitali_Klitschko_0003.jpg
Skipping malformed line: Vitali_Klitschko/Vitali_Klitschko_0004.jpg
Skipping malformed line: Se_Hyuk_Joo/Se_Hyuk_Joo_0001.jpg
Skipping malformed line: Tom_Rouen/Tom_Rouen_0001.jpg
Skipping malformed line: 
Skipping malformed line: William_Macy/William_Macy_0001.jpg
Skipping malformed line: William_Macy/William_Macy_0004.jpg
Skipping malformed line: Sergio_Garcia/Sergio_Garcia_0002.jpg
Skipping malformed line: Thomas_Watjen/Thomas_Watjen_0001.jpg
Skipping malformed line: 
Skipping malformed line: William_Macy/William_Macy_0002.jpg
Skipping malformed line: William_Macy/William_Macy_0004.jpg
Skipping malformed line: Simon_Yam/Simon_Yam_0001.jpg
Skipping malformed line: Terry_McAuliffe/Terry_McAuliffe_0003.jpg
Skipping malformed line: 
Skipping malformed line: William_Macy/William_Macy_0003.jpg
Skipping malformed line: William_Macy/William_Macy_0004.jpg
Skipping malformed line: Simon_Yam/Simon_Yam_0001.jpg
Skipping malformed line: Tommy_Haas/Tommy_Haas_0005.jpg
Skipping malformed line: 
Skipping malformed line: Woody_Allen/Woody_Allen_0002.jpg
Skipping malformed line: Woody_Allen/Woody_Allen_0004.jpg
Skipping malformed line: Stan_Kroenke/Stan_Kroenke_0001.jpg
Skipping malformed line: William_Hyde/William_Hyde_0001.jpg
Skipping malformed line: 
Skipping malformed line: Woody_Allen/Woody_Allen_0003.jpg
Skipping malformed line: Woody_Allen/Woody_Allen_0005.jpg
Skipping malformed line: Steve_Ballmer/Steve_Ballmer_0001.jpg
Skipping malformed line: Tina_Pisnik/Tina_Pisnik_0001.jpg
Skipping malformed line: 
Skipping malformed line: Yukiko_Okudo/Yukiko_Okudo_0001.jpg
Skipping malformed line: Yukiko_Okudo/Yukiko_Okudo_0002.jpg
Skipping malformed line: Steve_Ballmer/Steve_Ballmer_0002.jpg
Skipping malformed line: Vincent_Gallo/Vincent_Gallo_0003.jpg
Skipping malformed line: 
Skipping malformed line: Zico/Zico_0001.jpg
Skipping malformed line: Zico/Zico_0002.jpg
Skipping malformed line: Steve_Shiver/Steve_Shiver_0001.jpg
Skipping malformed line: Thomas_Rupprath/Thomas_Rupprath_0003.jpg
Skipping malformed line: 
Skipping malformed line: Zico/Zico_0002.jpg
Skipping malformed line: Zico/Zico_0003.jpg
Skipping malformed line: Tina_Fey/Tina_Fey_0001.jpg
Skipping malformed line: Todd_Parrott/Todd_Parrott_0001.jpg
Skipping malformed line: 
Traceback (most recent call last):
  File "/home/yaldaw/working_dir/yalda/ghostfacenet-ex/swap.py", line 319, in <module>
    main()
  File "/home/yaldaw/working_dir/yalda/ghostfacenet-ex/swap.py", line 294, in main
    labels, similarities = evaluate_lfw(model, dataset_dir, pairs_files, mask_thickness)
  File "/home/yaldaw/working_dir/yalda/ghostfacenet-ex/swap.py", line 270, in evaluate_lfw
    embeddings = model.predict(dataset)
  File "/home/yaldaw/.local/lib/python3.10/site-packages/keras/utils/traceback_utils.py", line 67, in error_handler
    raise e.with_traceback(filtered_tb) from None
  File "/home/yaldaw/.local/lib/python3.10/site-packages/keras/engine/training.py", line 1997, in predict
    raise ValueError('Unexpected result of `predict_function` '
ValueError: Unexpected result of `predict_function` (Empty batch_outputs). Please use `Model.compile(..., run_eagerly=True)`, or `tf.config.run_functions_eagerly(True)` for more information of where went wrong, or file a issue/bug to `tf.keras`.
COMET INFO: ---------------------------------------------------------------------------------------
COMET INFO: Comet.ml Experiment Summary
COMET INFO: ---------------------------------------------------------------------------------------
COMET INFO:   Data:
COMET INFO:     display_summary_level : 1
COMET INFO:     url                   : https://www.comet.com/enhancing-gradient/swap-differentperson-effect/8bbbc7ffa30d465a919ca119bde0728a
COMET INFO:   Uploads:
COMET INFO:     environment details      : 1
COMET INFO:     filename                 : 1
COMET INFO:     git metadata             : 1
COMET INFO:     git-patch (uncompressed) : 1 (380.10 KB)
COMET INFO:     installed packages       : 1
COMET INFO:     source_code              : 1 (14.09 KB)
COMET INFO: 
