
Due to MODULEPATH changes, the following have been reloaded:
  1) mii/1.1.2

The following have been reloaded with a version change:
  1) StdEnv/2023 => StdEnv/2020
  2) blis/0.9.0 => blis/0.8.1
  3) flexiblas/3.3.1 => flexiblas/3.0.4
  4) gcccore/.12.3 => gcccore/.9.3.0
  5) gentoo/2023 => gentoo/2020
  6) libfabric/1.18.0 => libfabric/1.10.1
  7) openmpi/4.1.5 => openmpi/4.0.3
  8) ucx/1.14.1 => ucx/1.8.0

Defaulting to user installation because normal site-packages is not writeable
Looking in links: /cvmfs/soft.computecanada.ca/custom/python/wheelhouse/gentoo2020/avx2, /cvmfs/soft.computecanada.ca/custom/python/wheelhouse/gentoo/avx2, /cvmfs/soft.computecanada.ca/custom/python/wheelhouse/gentoo2020/generic, /cvmfs/soft.computecanada.ca/custom/python/wheelhouse/gentoo/generic, /cvmfs/soft.computecanada.ca/custom/python/wheelhouse/generic
Requirement already satisfied: tensorflow==2.8 in /home/yaldaw/.local/lib/python3.10/site-packages (2.8.0+computecanada)
Requirement already satisfied: grpcio<2.0,>=1.24.3 in /home/yaldaw/.local/lib/python3.10/site-packages (from tensorflow==2.8) (1.57.0+computecanada)
Requirement already satisfied: absl-py>=0.4.0 in /home/yaldaw/.local/lib/python3.10/site-packages (from tensorflow==2.8) (1.4.0+computecanada)
Requirement already satisfied: flatbuffers>=1.12 in /home/yaldaw/.local/lib/python3.10/site-packages (from tensorflow==2.8) (20190709135844+computecanada)
Requirement already satisfied: typing-extensions>=3.6.6 in /home/yaldaw/.local/lib/python3.10/site-packages (from tensorflow==2.8) (4.10.0+computecanada)
Requirement already satisfied: termcolor>=1.1.0 in /home/yaldaw/.local/lib/python3.10/site-packages (from tensorflow==2.8) (2.4.0+computecanada)
Requirement already satisfied: numpy>=1.20 in /home/yaldaw/.local/lib/python3.10/site-packages (from tensorflow==2.8) (1.25.2+computecanada)
Requirement already satisfied: libclang>=9.0.1 in /home/yaldaw/.local/lib/python3.10/site-packages (from tensorflow==2.8) (14.0.1+computecanada)
Requirement already satisfied: setuptools in /cvmfs/soft.computecanada.ca/easybuild/software/2020/avx2/Core/python/3.10.2/lib/python3.10/site-packages (from tensorflow==2.8) (60.7.1)
Requirement already satisfied: keras<2.9,>=2.8.0rc0 in /home/yaldaw/.local/lib/python3.10/site-packages (from tensorflow==2.8) (2.8.0+computecanada)
Requirement already satisfied: six>=1.12.0 in /cvmfs/soft.computecanada.ca/easybuild/software/2020/avx2/Core/python/3.10.2/lib/python3.10/site-packages (from tensorflow==2.8) (1.16.0)
Requirement already satisfied: tensorboard<2.9,>=2.8 in /home/yaldaw/.local/lib/python3.10/site-packages (from tensorflow==2.8) (2.8.0+computecanada)
Requirement already satisfied: h5py>=2.9.0 in /home/yaldaw/.local/lib/python3.10/site-packages (from tensorflow==2.8) (3.8.0+computecanada)
Requirement already satisfied: google-pasta>=0.1.1 in /home/yaldaw/.local/lib/python3.10/site-packages (from tensorflow==2.8) (0.2.0+computecanada)
Requirement already satisfied: wrapt>=1.11.0 in /home/yaldaw/.local/lib/python3.10/site-packages (from tensorflow==2.8) (1.14.1+computecanada)
Requirement already satisfied: tensorflow-io-gcs-filesystem>=0.23.1 in /home/yaldaw/.local/lib/python3.10/site-packages (from tensorflow==2.8) (0.32.0+computecanada)
Requirement already satisfied: astunparse>=1.6.0 in /home/yaldaw/.local/lib/python3.10/site-packages (from tensorflow==2.8) (1.6.3+computecanada)
Requirement already satisfied: keras-preprocessing>=1.1.1 in /home/yaldaw/.local/lib/python3.10/site-packages (from tensorflow==2.8) (1.1.2+computecanada)
Requirement already satisfied: opt-einsum>=2.3.2 in /home/yaldaw/.local/lib/python3.10/site-packages (from tensorflow==2.8) (3.3.0+computecanada)
Requirement already satisfied: protobuf>=3.9.2 in /home/yaldaw/.local/lib/python3.10/site-packages (from tensorflow==2.8) (3.20.3+computecanada)
Requirement already satisfied: tf-estimator-nightly==2.8.0.dev2021122109 in /home/yaldaw/.local/lib/python3.10/site-packages (from tensorflow==2.8) (2.8.0.dev2021122109+computecanada)
Requirement already satisfied: gast>=0.2.1 in /home/yaldaw/.local/lib/python3.10/site-packages (from tensorflow==2.8) (0.5.4+computecanada)
Requirement already satisfied: wheel<1.0,>=0.23.0 in /cvmfs/soft.computecanada.ca/easybuild/software/2020/avx2/Core/python/3.10.2/lib/python3.10/site-packages (from astunparse>=1.6.0->tensorflow==2.8) (0.37.1)
Requirement already satisfied: markdown>=2.6.8 in /home/yaldaw/.local/lib/python3.10/site-packages (from tensorboard<2.9,>=2.8->tensorflow==2.8) (3.5.2+computecanada)
Requirement already satisfied: google-auth-oauthlib<0.5,>=0.4.1 in /home/yaldaw/.local/lib/python3.10/site-packages (from tensorboard<2.9,>=2.8->tensorflow==2.8) (0.4.6+computecanada)
Requirement already satisfied: tensorboard-data-server<0.7.0,>=0.6.0 in /home/yaldaw/.local/lib/python3.10/site-packages (from tensorboard<2.9,>=2.8->tensorflow==2.8) (0.6.1+computecanada)
Requirement already satisfied: requests<3,>=2.21.0 in /home/yaldaw/.local/lib/python3.10/site-packages (from tensorboard<2.9,>=2.8->tensorflow==2.8) (2.31.0+computecanada)
Requirement already satisfied: google-auth<3,>=1.6.3 in /home/yaldaw/.local/lib/python3.10/site-packages (from tensorboard<2.9,>=2.8->tensorflow==2.8) (2.28.2)
Requirement already satisfied: werkzeug>=0.11.15 in /home/yaldaw/.local/lib/python3.10/site-packages (from tensorboard<2.9,>=2.8->tensorflow==2.8) (3.0.1+computecanada)
Requirement already satisfied: tensorboard-plugin-wit>=1.6.0 in /home/yaldaw/.local/lib/python3.10/site-packages (from tensorboard<2.9,>=2.8->tensorflow==2.8) (1.8.1+computecanada)
Requirement already satisfied: cachetools<6.0,>=2.0.0 in /home/yaldaw/.local/lib/python3.10/site-packages (from google-auth<3,>=1.6.3->tensorboard<2.9,>=2.8->tensorflow==2.8) (5.3.3)
Requirement already satisfied: rsa<5,>=3.1.4 in /home/yaldaw/.local/lib/python3.10/site-packages (from google-auth<3,>=1.6.3->tensorboard<2.9,>=2.8->tensorflow==2.8) (4.9+computecanada)
Requirement already satisfied: pyasn1-modules>=0.2.1 in /home/yaldaw/.local/lib/python3.10/site-packages (from google-auth<3,>=1.6.3->tensorboard<2.9,>=2.8->tensorflow==2.8) (0.3.0+computecanada)
Requirement already satisfied: requests-oauthlib>=0.7.0 in /home/yaldaw/.local/lib/python3.10/site-packages (from google-auth-oauthlib<0.5,>=0.4.1->tensorboard<2.9,>=2.8->tensorflow==2.8) (1.4.0)
Requirement already satisfied: charset-normalizer<4,>=2 in /home/yaldaw/.local/lib/python3.10/site-packages (from requests<3,>=2.21.0->tensorboard<2.9,>=2.8->tensorflow==2.8) (3.3.2)
Requirement already satisfied: urllib3<3,>=1.21.1 in /home/yaldaw/.local/lib/python3.10/site-packages (from requests<3,>=2.21.0->tensorboard<2.9,>=2.8->tensorflow==2.8) (2.0.7+computecanada)
Requirement already satisfied: idna<4,>=2.5 in /home/yaldaw/.local/lib/python3.10/site-packages (from requests<3,>=2.21.0->tensorboard<2.9,>=2.8->tensorflow==2.8) (3.6)
Requirement already satisfied: certifi>=2017.4.17 in /home/yaldaw/.local/lib/python3.10/site-packages (from requests<3,>=2.21.0->tensorboard<2.9,>=2.8->tensorflow==2.8) (2024.2.2)
Requirement already satisfied: MarkupSafe>=2.1.1 in /home/yaldaw/.local/lib/python3.10/site-packages (from werkzeug>=0.11.15->tensorboard<2.9,>=2.8->tensorflow==2.8) (2.1.3+computecanada)
Requirement already satisfied: pyasn1<0.6.0,>=0.4.6 in /home/yaldaw/.local/lib/python3.10/site-packages (from pyasn1-modules>=0.2.1->google-auth<3,>=1.6.3->tensorboard<2.9,>=2.8->tensorflow==2.8) (0.5.1+computecanada)
Requirement already satisfied: oauthlib>=3.0.0 in /home/yaldaw/.local/lib/python3.10/site-packages (from requests-oauthlib>=0.7.0->google-auth-oauthlib<0.5,>=0.4.1->tensorboard<2.9,>=2.8->tensorflow==2.8) (3.2.2+computecanada)
Defaulting to user installation because normal site-packages is not writeable
Looking in links: /cvmfs/soft.computecanada.ca/custom/python/wheelhouse/gentoo2020/avx2, /cvmfs/soft.computecanada.ca/custom/python/wheelhouse/gentoo/avx2, /cvmfs/soft.computecanada.ca/custom/python/wheelhouse/gentoo2020/generic, /cvmfs/soft.computecanada.ca/custom/python/wheelhouse/gentoo/generic, /cvmfs/soft.computecanada.ca/custom/python/wheelhouse/generic
Requirement already satisfied: comet_ml in /home/yaldaw/.local/lib/python3.10/site-packages (3.35.4+computecanada)
Requirement already satisfied: jsonschema!=3.1.0,>=2.6.0 in /home/yaldaw/.local/lib/python3.10/site-packages (from comet_ml) (4.21.1+computecanada)
Requirement already satisfied: six in /cvmfs/soft.computecanada.ca/easybuild/software/2020/avx2/Core/python/3.10.2/lib/python3.10/site-packages (from comet_ml) (1.16.0)
Requirement already satisfied: websocket-client<1.4.0,>=0.55.0 in /home/yaldaw/.local/lib/python3.10/site-packages (from comet_ml) (1.3.3+computecanada)
Requirement already satisfied: everett[ini]<3.2.0,>=1.0.1 in /home/yaldaw/.local/lib/python3.10/site-packages (from comet_ml) (3.1.0+computecanada)
Requirement already satisfied: dulwich!=0.20.33,>=0.20.6 in /home/yaldaw/.local/lib/python3.10/site-packages (from comet_ml) (0.21.3+computecanada)
Requirement already satisfied: rich>=13.3.2 in /home/yaldaw/.local/lib/python3.10/site-packages (from comet_ml) (13.7.1+computecanada)
Requirement already satisfied: requests-toolbelt>=0.8.0 in /home/yaldaw/.local/lib/python3.10/site-packages (from comet_ml) (1.0.0+computecanada)
Requirement already satisfied: python-box<7.0.0 in /home/yaldaw/.local/lib/python3.10/site-packages (from comet_ml) (6.1.0+computecanada)
Requirement already satisfied: psutil>=5.6.3 in /home/yaldaw/.local/lib/python3.10/site-packages (from comet_ml) (5.9.8)
Requirement already satisfied: simplejson in /home/yaldaw/.local/lib/python3.10/site-packages (from comet_ml) (3.19.2+computecanada)
Requirement already satisfied: urllib3>=1.21.1 in /home/yaldaw/.local/lib/python3.10/site-packages (from comet_ml) (2.0.7+computecanada)
Requirement already satisfied: sentry-sdk>=1.1.0 in /home/yaldaw/.local/lib/python3.10/site-packages (from comet_ml) (1.40.6)
Requirement already satisfied: wurlitzer>=1.0.2 in /home/yaldaw/.local/lib/python3.10/site-packages (from comet_ml) (3.0.3+computecanada)
Requirement already satisfied: requests>=2.18.4 in /home/yaldaw/.local/lib/python3.10/site-packages (from comet_ml) (2.31.0+computecanada)
Requirement already satisfied: wrapt>=1.11.2 in /home/yaldaw/.local/lib/python3.10/site-packages (from comet_ml) (1.14.1+computecanada)
Requirement already satisfied: semantic-version>=2.8.0 in /home/yaldaw/.local/lib/python3.10/site-packages (from comet_ml) (2.10.0+computecanada)
Requirement already satisfied: configobj in /home/yaldaw/.local/lib/python3.10/site-packages (from everett[ini]<3.2.0,>=1.0.1->comet_ml) (5.0.8+computecanada)
Requirement already satisfied: rpds-py>=0.7.1 in /home/yaldaw/.local/lib/python3.10/site-packages (from jsonschema!=3.1.0,>=2.6.0->comet_ml) (0.10.0+computecanada)
Requirement already satisfied: jsonschema-specifications>=2023.03.6 in /home/yaldaw/.local/lib/python3.10/site-packages (from jsonschema!=3.1.0,>=2.6.0->comet_ml) (2023.12.1+computecanada)
Requirement already satisfied: attrs>=22.2.0 in /home/yaldaw/.local/lib/python3.10/site-packages (from jsonschema!=3.1.0,>=2.6.0->comet_ml) (23.2.0+computecanada)
Requirement already satisfied: referencing>=0.28.4 in /home/yaldaw/.local/lib/python3.10/site-packages (from jsonschema!=3.1.0,>=2.6.0->comet_ml) (0.33.0+computecanada)
Requirement already satisfied: idna<4,>=2.5 in /home/yaldaw/.local/lib/python3.10/site-packages (from requests>=2.18.4->comet_ml) (3.6)
Requirement already satisfied: certifi>=2017.4.17 in /home/yaldaw/.local/lib/python3.10/site-packages (from requests>=2.18.4->comet_ml) (2024.2.2)
Requirement already satisfied: charset-normalizer<4,>=2 in /home/yaldaw/.local/lib/python3.10/site-packages (from requests>=2.18.4->comet_ml) (3.3.2)
Requirement already satisfied: pygments<3.0.0,>=2.13.0 in /home/yaldaw/.local/lib/python3.10/site-packages (from rich>=13.3.2->comet_ml) (2.17.2+computecanada)
Requirement already satisfied: markdown-it-py>=2.2.0 in /home/yaldaw/.local/lib/python3.10/site-packages (from rich>=13.3.2->comet_ml) (3.0.0+computecanada)
Requirement already satisfied: mdurl~=0.1 in /home/yaldaw/.local/lib/python3.10/site-packages (from markdown-it-py>=2.2.0->rich>=13.3.2->comet_ml) (0.1.2+computecanada)
COMET INFO: Experiment is live on comet.com https://www.comet.com/enhancing-gradient/masking-effect/3ab455de00e3418e8a5075e0cefe9b9d

2024-04-10 14:45:41.932727: I tensorflow/core/platform/cpu_feature_guard.cc:151] This TensorFlow binary is optimized with oneAPI Deep Neural Network Library (oneDNN) to use the following CPU instructions in performance-critical operations:  AVX2 FMA
To enable them in other operations, rebuild TensorFlow with the appropriate compiler flags.
2024-04-10 14:45:42.901184: I tensorflow/core/common_runtime/gpu/gpu_device.cc:1525] Created device /job:localhost/replica:0/task:0/device:GPU:0 with 38212 MB memory:  -> device: 0, name: NVIDIA A100-SXM4-40GB, pci bus id: 0000:c1:00.0, compute capability: 8.0
WARNING:tensorflow:No training configuration found in the save file, so the model was *not* compiled. Compile it manually.
2024-04-10 14:45:45.440399: W tensorflow/core/framework/op_kernel.cc:1745] OP_REQUIRES failed at strided_slice_op.cc:108 : INVALID_ARGUMENT: slice index 2 of dimension 0 out of bounds.
2024-04-10 14:45:45.440422: W tensorflow/core/framework/op_kernel.cc:1745] OP_REQUIRES failed at strided_slice_op.cc:108 : INVALID_ARGUMENT: slice index 2 of dimension 0 out of bounds.
2024-04-10 14:45:45.440440: W tensorflow/core/framework/op_kernel.cc:1745] OP_REQUIRES failed at strided_slice_op.cc:108 : INVALID_ARGUMENT: slice index 2 of dimension 0 out of bounds.
2024-04-10 14:45:45.440457: W tensorflow/core/framework/op_kernel.cc:1745] OP_REQUIRES failed at strided_slice_op.cc:108 : INVALID_ARGUMENT: slice index 2 of dimension 0 out of bounds.
2024-04-10 14:45:45.440737: W tensorflow/core/framework/op_kernel.cc:1745] OP_REQUIRES failed at strided_slice_op.cc:108 : INVALID_ARGUMENT: slice index 1 of dimension 0 out of bounds.
2024-04-10 14:45:45.440744: W tensorflow/core/framework/op_kernel.cc:1745] OP_REQUIRES failed at strided_slice_op.cc:108 : INVALID_ARGUMENT: slice index 1 of dimension 0 out of bounds.
2024-04-10 14:45:45.440758: W tensorflow/core/framework/op_kernel.cc:1745] OP_REQUIRES failed at strided_slice_op.cc:108 : INVALID_ARGUMENT: slice index 1 of dimension 0 out of bounds.
2024-04-10 14:45:45.440785: W tensorflow/core/framework/op_kernel.cc:1745] OP_REQUIRES failed at strided_slice_op.cc:108 : INVALID_ARGUMENT: slice index 1 of dimension 0 out of bounds.
2024-04-10 14:45:45.440861: W tensorflow/core/framework/op_kernel.cc:1745] OP_REQUIRES failed at strided_slice_op.cc:108 : INVALID_ARGUMENT: slice index 1 of dimension 0 out of bounds.
2024-04-10 14:45:45.440875: W tensorflow/core/framework/op_kernel.cc:1745] OP_REQUIRES failed at strided_slice_op.cc:108 : INVALID_ARGUMENT: slice index 2 of dimension 0 out of bounds.
2024-04-10 14:45:45.441014: W tensorflow/core/framework/op_kernel.cc:1745] OP_REQUIRES failed at strided_slice_op.cc:108 : INVALID_ARGUMENT: slice index 2 of dimension 0 out of bounds.
2024-04-10 14:45:45.441022: W tensorflow/core/framework/op_kernel.cc:1745] OP_REQUIRES failed at strided_slice_op.cc:108 : INVALID_ARGUMENT: slice index 2 of dimension 0 out of bounds.
2024-04-10 14:45:45.441028: W tensorflow/core/framework/op_kernel.cc:1745] OP_REQUIRES failed at strided_slice_op.cc:108 : INVALID_ARGUMENT: slice index 1 of dimension 0 out of bounds.
2024-04-10 14:45:45.441034: W tensorflow/core/framework/op_kernel.cc:1745] OP_REQUIRES failed at strided_slice_op.cc:108 : INVALID_ARGUMENT: slice index 1 of dimension 0 out of bounds.
2024-04-10 14:45:45.441069: W tensorflow/core/framework/op_kernel.cc:1745] OP_REQUIRES failed at strided_slice_op.cc:108 : INVALID_ARGUMENT: slice index 1 of dimension 0 out of bounds.
2024-04-10 14:45:45.441073: W tensorflow/core/framework/op_kernel.cc:1745] OP_REQUIRES failed at strided_slice_op.cc:108 : INVALID_ARGUMENT: slice index 2 of dimension 0 out of bounds.
2024-04-10 14:45:45.441329: W tensorflow/core/framework/op_kernel.cc:1745] OP_REQUIRES failed at strided_slice_op.cc:108 : INVALID_ARGUMENT: slice index 1 of dimension 0 out of bounds.
2024-04-10 14:45:45.441345: W tensorflow/core/framework/op_kernel.cc:1745] OP_REQUIRES failed at strided_slice_op.cc:108 : INVALID_ARGUMENT: slice index 0 of dimension 0 out of bounds.
2024-04-10 14:45:45.441358: W tensorflow/core/framework/op_kernel.cc:1745] OP_REQUIRES failed at strided_slice_op.cc:108 : INVALID_ARGUMENT: slice index 2 of dimension 0 out of bounds.
2024-04-10 14:45:45.441487: W tensorflow/core/framework/op_kernel.cc:1745] OP_REQUIRES failed at strided_slice_op.cc:108 : INVALID_ARGUMENT: slice index 0 of dimension 0 out of bounds.
2024-04-10 14:45:45.441505: W tensorflow/core/framework/op_kernel.cc:1745] OP_REQUIRES failed at strided_slice_op.cc:108 : INVALID_ARGUMENT: slice index 2 of dimension 0 out of bounds.
2024-04-10 14:45:45.441515: W tensorflow/core/framework/op_kernel.cc:1745] OP_REQUIRES failed at strided_slice_op.cc:108 : INVALID_ARGUMENT: slice index 2 of dimension 0 out of bounds.
2024-04-10 14:45:45.441527: W tensorflow/core/framework/op_kernel.cc:1745] OP_REQUIRES failed at strided_slice_op.cc:108 : INVALID_ARGUMENT: slice index 1 of dimension 0 out of bounds.
2024-04-10 14:45:45.441542: W tensorflow/core/framework/op_kernel.cc:1745] OP_REQUIRES failed at strided_slice_op.cc:108 : INVALID_ARGUMENT: slice index 1 of dimension 0 out of bounds.
2024-04-10 14:45:45.441557: W tensorflow/core/framework/op_kernel.cc:1745] OP_REQUIRES failed at strided_slice_op.cc:108 : INVALID_ARGUMENT: slice index 2 of dimension 0 out of bounds.
2024-04-10 14:45:45.441574: W tensorflow/core/framework/op_kernel.cc:1745] OP_REQUIRES failed at strided_slice_op.cc:108 : INVALID_ARGUMENT: slice index 1 of dimension 0 out of bounds.
2024-04-10 14:45:45.441589: W tensorflow/core/framework/op_kernel.cc:1745] OP_REQUIRES failed at strided_slice_op.cc:108 : INVALID_ARGUMENT: slice index 1 of dimension 0 out of bounds.
2024-04-10 14:45:45.441596: W tensorflow/core/framework/op_kernel.cc:1745] OP_REQUIRES failed at strided_slice_op.cc:108 : INVALID_ARGUMENT: slice index 2 of dimension 0 out of bounds.
2024-04-10 14:45:45.441608: W tensorflow/core/framework/op_kernel.cc:1745] OP_REQUIRES failed at strided_slice_op.cc:108 : INVALID_ARGUMENT: slice index 1 of dimension 0 out of bounds.
2024-04-10 14:45:45.441611: W tensorflow/core/framework/op_kernel.cc:1745] OP_REQUIRES failed at strided_slice_op.cc:108 : INVALID_ARGUMENT: slice index 2 of dimension 0 out of bounds.
2024-04-10 14:45:45.441707: W tensorflow/core/framework/op_kernel.cc:1745] OP_REQUIRES failed at strided_slice_op.cc:108 : INVALID_ARGUMENT: slice index 2 of dimension 0 out of bounds.
2024-04-10 14:45:45.441720: W tensorflow/core/framework/op_kernel.cc:1745] OP_REQUIRES failed at strided_slice_op.cc:108 : INVALID_ARGUMENT: slice index 0 of dimension 0 out of bounds.
2024-04-10 14:45:45.441736: W tensorflow/core/framework/op_kernel.cc:1745] OP_REQUIRES failed at strided_slice_op.cc:108 : INVALID_ARGUMENT: slice index 2 of dimension 0 out of bounds.
2024-04-10 14:45:45.441740: W tensorflow/core/framework/op_kernel.cc:1745] OP_REQUIRES failed at strided_slice_op.cc:108 : INVALID_ARGUMENT: slice index 1 of dimension 0 out of bounds.
2024-04-10 14:45:45.441755: W tensorflow/core/framework/op_kernel.cc:1745] OP_REQUIRES failed at strided_slice_op.cc:108 : INVALID_ARGUMENT: slice index 2 of dimension 0 out of bounds.
2024-04-10 14:45:45.441763: W tensorflow/core/framework/op_kernel.cc:1745] OP_REQUIRES failed at strided_slice_op.cc:108 : INVALID_ARGUMENT: slice index 1 of dimension 0 out of bounds.
2024-04-10 14:45:45.441772: W tensorflow/core/framework/op_kernel.cc:1745] OP_REQUIRES failed at strided_slice_op.cc:108 : INVALID_ARGUMENT: slice index 1 of dimension 0 out of bounds.
2024-04-10 14:45:45.441789: W tensorflow/core/framework/op_kernel.cc:1745] OP_REQUIRES failed at strided_slice_op.cc:108 : INVALID_ARGUMENT: slice index 1 of dimension 0 out of bounds.
2024-04-10 14:45:45.441798: W tensorflow/core/framework/op_kernel.cc:1745] OP_REQUIRES failed at strided_slice_op.cc:108 : INVALID_ARGUMENT: slice index 2 of dimension 0 out of bounds.
2024-04-10 14:45:45.441827: W tensorflow/core/framework/op_kernel.cc:1745] OP_REQUIRES failed at strided_slice_op.cc:108 : INVALID_ARGUMENT: slice index 1 of dimension 0 out of bounds.
2024-04-10 14:45:45.441837: W tensorflow/core/framework/op_kernel.cc:1745] OP_REQUIRES failed at strided_slice_op.cc:108 : INVALID_ARGUMENT: slice index 2 of dimension 0 out of bounds.
2024-04-10 14:45:45.441919: W tensorflow/core/framework/op_kernel.cc:1745] OP_REQUIRES failed at strided_slice_op.cc:108 : INVALID_ARGUMENT: slice index 2 of dimension 0 out of bounds.
2024-04-10 14:45:45.441927: W tensorflow/core/framework/op_kernel.cc:1745] OP_REQUIRES failed at strided_slice_op.cc:108 : INVALID_ARGUMENT: slice index 2 of dimension 0 out of bounds.
2024-04-10 14:45:45.441932: W tensorflow/core/framework/op_kernel.cc:1745] OP_REQUIRES failed at strided_slice_op.cc:108 : INVALID_ARGUMENT: slice index 1 of dimension 0 out of bounds.
2024-04-10 14:45:45.441938: W tensorflow/core/framework/op_kernel.cc:1745] OP_REQUIRES failed at strided_slice_op.cc:108 : INVALID_ARGUMENT: slice index 1 of dimension 0 out of bounds.
2024-04-10 14:45:45.441983: W tensorflow/core/framework/op_kernel.cc:1745] OP_REQUIRES failed at strided_slice_op.cc:108 : INVALID_ARGUMENT: slice index 0 of dimension 0 out of bounds.
2024-04-10 14:45:45.441992: W tensorflow/core/framework/op_kernel.cc:1745] OP_REQUIRES failed at strided_slice_op.cc:108 : INVALID_ARGUMENT: slice index 2 of dimension 0 out of bounds.
2024-04-10 14:45:45.442007: W tensorflow/core/framework/op_kernel.cc:1745] OP_REQUIRES failed at strided_slice_op.cc:108 : INVALID_ARGUMENT: slice index 2 of dimension 0 out of bounds.
2024-04-10 14:45:45.442020: W tensorflow/core/framework/op_kernel.cc:1745] OP_REQUIRES failed at strided_slice_op.cc:108 : INVALID_ARGUMENT: slice index 1 of dimension 0 out of bounds.
2024-04-10 14:45:45.442076: W tensorflow/core/framework/op_kernel.cc:1745] OP_REQUIRES failed at strided_slice_op.cc:108 : INVALID_ARGUMENT: slice index 2 of dimension 0 out of bounds.
2024-04-10 14:45:45.442085: W tensorflow/core/framework/op_kernel.cc:1745] OP_REQUIRES failed at strided_slice_op.cc:108 : INVALID_ARGUMENT: slice index 1 of dimension 0 out of bounds.
2024-04-10 14:45:45.442110: W tensorflow/core/framework/op_kernel.cc:1745] OP_REQUIRES failed at strided_slice_op.cc:108 : INVALID_ARGUMENT: slice index 1 of dimension 0 out of bounds.
2024-04-10 14:45:45.442226: W tensorflow/core/framework/op_kernel.cc:1745] OP_REQUIRES failed at strided_slice_op.cc:108 : INVALID_ARGUMENT: slice index 0 of dimension 0 out of bounds.
2024-04-10 14:45:45.442232: W tensorflow/core/framework/op_kernel.cc:1745] OP_REQUIRES failed at strided_slice_op.cc:108 : INVALID_ARGUMENT: slice index 2 of dimension 0 out of bounds.
2024-04-10 14:45:45.442242: W tensorflow/core/framework/op_kernel.cc:1745] OP_REQUIRES failed at strided_slice_op.cc:108 : INVALID_ARGUMENT: slice index 2 of dimension 0 out of bounds.
2024-04-10 14:45:45.442247: W tensorflow/core/framework/op_kernel.cc:1745] OP_REQUIRES failed at strided_slice_op.cc:108 : INVALID_ARGUMENT: slice index 1 of dimension 0 out of bounds.
2024-04-10 14:45:45.442254: W tensorflow/core/framework/op_kernel.cc:1745] OP_REQUIRES failed at strided_slice_op.cc:108 : INVALID_ARGUMENT: slice index 1 of dimension 0 out of bounds.
2024-04-10 14:45:45.442268: W tensorflow/core/framework/op_kernel.cc:1745] OP_REQUIRES failed at strided_slice_op.cc:108 : INVALID_ARGUMENT: slice index 1 of dimension 0 out of bounds.
2024-04-10 14:45:45.442271: W tensorflow/core/framework/op_kernel.cc:1745] OP_REQUIRES failed at strided_slice_op.cc:108 : INVALID_ARGUMENT: slice index 2 of dimension 0 out of bounds.
2024-04-10 14:45:45.442297: W tensorflow/core/framework/op_kernel.cc:1745] OP_REQUIRES failed at strided_slice_op.cc:108 : INVALID_ARGUMENT: slice index 1 of dimension 0 out of bounds.
2024-04-10 14:45:45.442300: W tensorflow/core/framework/op_kernel.cc:1745] OP_REQUIRES failed at strided_slice_op.cc:108 : INVALID_ARGUMENT: slice index 2 of dimension 0 out of bounds.
2024-04-10 14:45:45.442412: W tensorflow/core/framework/op_kernel.cc:1745] OP_REQUIRES failed at strided_slice_op.cc:108 : INVALID_ARGUMENT: slice index 0 of dimension 0 out of bounds.
2024-04-10 14:45:45.442422: W tensorflow/core/framework/op_kernel.cc:1745] OP_REQUIRES failed at strided_slice_op.cc:108 : INVALID_ARGUMENT: slice index 2 of dimension 0 out of bounds.
2024-04-10 14:45:45.442436: W tensorflow/core/framework/op_kernel.cc:1745] OP_REQUIRES failed at strided_slice_op.cc:108 : INVALID_ARGUMENT: slice index 1 of dimension 0 out of bounds.
2024-04-10 14:45:45.442443: W tensorflow/core/framework/op_kernel.cc:1745] OP_REQUIRES failed at strided_slice_op.cc:108 : INVALID_ARGUMENT: slice index 2 of dimension 0 out of bounds.
2024-04-10 14:45:45.442455: W tensorflow/core/framework/op_kernel.cc:1745] OP_REQUIRES failed at strided_slice_op.cc:108 : INVALID_ARGUMENT: slice index 1 of dimension 0 out of bounds.
2024-04-10 14:45:45.442469: W tensorflow/core/framework/op_kernel.cc:1745] OP_REQUIRES failed at strided_slice_op.cc:108 : INVALID_ARGUMENT: slice index 1 of dimension 0 out of bounds.
2024-04-10 14:45:45.442476: W tensorflow/core/framework/op_kernel.cc:1745] OP_REQUIRES failed at strided_slice_op.cc:108 : INVALID_ARGUMENT: slice index 1 of dimension 0 out of bounds.
2024-04-10 14:45:45.442479: W tensorflow/core/framework/op_kernel.cc:1745] OP_REQUIRES failed at strided_slice_op.cc:108 : INVALID_ARGUMENT: slice index 2 of dimension 0 out of bounds.
2024-04-10 14:45:45.442504: W tensorflow/core/framework/op_kernel.cc:1745] OP_REQUIRES failed at strided_slice_op.cc:108 : INVALID_ARGUMENT: slice index 2 of dimension 0 out of bounds.
2024-04-10 14:45:45.442575: W tensorflow/core/framework/op_kernel.cc:1745] OP_REQUIRES failed at strided_slice_op.cc:108 : INVALID_ARGUMENT: slice index 2 of dimension 0 out of bounds.
2024-04-10 14:45:45.442586: W tensorflow/core/framework/op_kernel.cc:1745] OP_REQUIRES failed at strided_slice_op.cc:108 : INVALID_ARGUMENT: slice index 2 of dimension 0 out of bounds.
2024-04-10 14:45:45.442602: W tensorflow/core/framework/op_kernel.cc:1745] OP_REQUIRES failed at strided_slice_op.cc:108 : INVALID_ARGUMENT: slice index 1 of dimension 0 out of bounds.
2024-04-10 14:45:45.442662: W tensorflow/core/framework/op_kernel.cc:1745] OP_REQUIRES failed at strided_slice_op.cc:108 : INVALID_ARGUMENT: slice index 1 of dimension 0 out of bounds.
2024-04-10 14:45:45.442783: W tensorflow/core/framework/op_kernel.cc:1745] OP_REQUIRES failed at strided_slice_op.cc:108 : INVALID_ARGUMENT: slice index 2 of dimension 0 out of bounds.
2024-04-10 14:45:45.442802: W tensorflow/core/framework/op_kernel.cc:1745] OP_REQUIRES failed at strided_slice_op.cc:108 : INVALID_ARGUMENT: slice index 1 of dimension 0 out of bounds.
2024-04-10 14:45:45.442817: W tensorflow/core/framework/op_kernel.cc:1745] OP_REQUIRES failed at strided_slice_op.cc:108 : INVALID_ARGUMENT: slice index 1 of dimension 0 out of bounds.
2024-04-10 14:45:45.442824: W tensorflow/core/framework/op_kernel.cc:1745] OP_REQUIRES failed at strided_slice_op.cc:108 : INVALID_ARGUMENT: slice index 1 of dimension 0 out of bounds.
2024-04-10 14:45:45.442826: W tensorflow/core/framework/op_kernel.cc:1745] OP_REQUIRES failed at strided_slice_op.cc:108 : INVALID_ARGUMENT: slice index 0 of dimension 0 out of bounds.
2024-04-10 14:45:45.442839: W tensorflow/core/framework/op_kernel.cc:1745] OP_REQUIRES failed at strided_slice_op.cc:108 : INVALID_ARGUMENT: slice index 2 of dimension 0 out of bounds.
2024-04-10 14:45:45.442857: W tensorflow/core/framework/op_kernel.cc:1745] OP_REQUIRES failed at strided_slice_op.cc:108 : INVALID_ARGUMENT: slice index 2 of dimension 0 out of bounds.
2024-04-10 14:45:45.442864: W tensorflow/core/framework/op_kernel.cc:1745] OP_REQUIRES failed at strided_slice_op.cc:108 : INVALID_ARGUMENT: slice index 2 of dimension 0 out of bounds.
2024-04-10 14:45:45.442949: W tensorflow/core/framework/op_kernel.cc:1745] OP_REQUIRES failed at strided_slice_op.cc:108 : INVALID_ARGUMENT: slice index 1 of dimension 0 out of bounds.
2024-04-10 14:45:45.442963: W tensorflow/core/framework/op_kernel.cc:1745] OP_REQUIRES failed at strided_slice_op.cc:108 : INVALID_ARGUMENT: slice index 2 of dimension 0 out of bounds.
2024-04-10 14:45:45.443000: W tensorflow/core/framework/op_kernel.cc:1745] OP_REQUIRES failed at strided_slice_op.cc:108 : INVALID_ARGUMENT: slice index 1 of dimension 0 out of bounds.
2024-04-10 14:45:45.443433: W tensorflow/core/framework/op_kernel.cc:1745] OP_REQUIRES failed at strided_slice_op.cc:108 : INVALID_ARGUMENT: slice index 0 of dimension 0 out of bounds.
2024-04-10 14:45:45.443444: W tensorflow/core/framework/op_kernel.cc:1745] OP_REQUIRES failed at strided_slice_op.cc:108 : INVALID_ARGUMENT: slice index 2 of dimension 0 out of bounds.
2024-04-10 14:45:45.443456: W tensorflow/core/framework/op_kernel.cc:1745] OP_REQUIRES failed at strided_slice_op.cc:108 : INVALID_ARGUMENT: slice index 1 of dimension 0 out of bounds.
2024-04-10 14:45:45.443460: W tensorflow/core/framework/op_kernel.cc:1745] OP_REQUIRES failed at strided_slice_op.cc:108 : INVALID_ARGUMENT: slice index 1 of dimension 0 out of bounds.
2024-04-10 14:45:45.443473: W tensorflow/core/framework/op_kernel.cc:1745] OP_REQUIRES failed at strided_slice_op.cc:108 : INVALID_ARGUMENT: slice index 1 of dimension 0 out of bounds.
2024-04-10 14:45:45.443494: W tensorflow/core/framework/op_kernel.cc:1745] OP_REQUIRES failed at strided_slice_op.cc:108 : INVALID_ARGUMENT: slice index 1 of dimension 0 out of bounds.
2024-04-10 14:45:45.443503: W tensorflow/core/framework/op_kernel.cc:1745] OP_REQUIRES failed at strided_slice_op.cc:108 : INVALID_ARGUMENT: slice index 2 of dimension 0 out of bounds.
2024-04-10 14:45:45.443529: W tensorflow/core/framework/op_kernel.cc:1745] OP_REQUIRES failed at strided_slice_op.cc:108 : INVALID_ARGUMENT: slice index 2 of dimension 0 out of bounds.
2024-04-10 14:45:45.443557: W tensorflow/core/framework/op_kernel.cc:1745] OP_REQUIRES failed at strided_slice_op.cc:108 : INVALID_ARGUMENT: slice index 2 of dimension 0 out of bounds.
2024-04-10 14:45:45.443682: W tensorflow/core/framework/op_kernel.cc:1745] OP_REQUIRES failed at strided_slice_op.cc:108 : INVALID_ARGUMENT: slice index 2 of dimension 0 out of bounds.
2024-04-10 14:45:45.443693: W tensorflow/core/framework/op_kernel.cc:1745] OP_REQUIRES failed at strided_slice_op.cc:108 : INVALID_ARGUMENT: slice index 2 of dimension 0 out of bounds.
2024-04-10 14:45:45.443700: W tensorflow/core/framework/op_kernel.cc:1745] OP_REQUIRES failed at strided_slice_op.cc:108 : INVALID_ARGUMENT: slice index 2 of dimension 0 out of bounds.
2024-04-10 14:45:45.443708: W tensorflow/core/framework/op_kernel.cc:1745] OP_REQUIRES failed at strided_slice_op.cc:108 : INVALID_ARGUMENT: slice index 1 of dimension 0 out of bounds.
2024-04-10 14:45:45.443713: W tensorflow/core/framework/op_kernel.cc:1745] OP_REQUIRES failed at strided_slice_op.cc:108 : INVALID_ARGUMENT: slice index 1 of dimension 0 out of bounds.
2024-04-10 14:45:45.443748: W tensorflow/core/framework/op_kernel.cc:1745] OP_REQUIRES failed at strided_slice_op.cc:108 : INVALID_ARGUMENT: slice index 1 of dimension 0 out of bounds.
2024-04-10 14:45:45.443755: W tensorflow/core/framework/op_kernel.cc:1745] OP_REQUIRES failed at strided_slice_op.cc:108 : INVALID_ARGUMENT: slice index 2 of dimension 0 out of bounds.
2024-04-10 14:45:45.443826: W tensorflow/core/framework/op_kernel.cc:1745] OP_REQUIRES failed at strided_slice_op.cc:108 : INVALID_ARGUMENT: slice index 2 of dimension 0 out of bounds.
2024-04-10 14:45:45.443833: W tensorflow/core/framework/op_kernel.cc:1745] OP_REQUIRES failed at strided_slice_op.cc:108 : INVALID_ARGUMENT: slice index 1 of dimension 0 out of bounds.
2024-04-10 14:45:45.443856: W tensorflow/core/framework/op_kernel.cc:1745] OP_REQUIRES failed at strided_slice_op.cc:108 : INVALID_ARGUMENT: slice index 0 of dimension 0 out of bounds.
2024-04-10 14:45:45.443882: W tensorflow/core/framework/op_kernel.cc:1745] OP_REQUIRES failed at strided_slice_op.cc:108 : INVALID_ARGUMENT: slice index 1 of dimension 0 out of bounds.
2024-04-10 14:45:45.444009: W tensorflow/core/framework/op_kernel.cc:1745] OP_REQUIRES failed at strided_slice_op.cc:108 : INVALID_ARGUMENT: slice index 2 of dimension 0 out of bounds.
2024-04-10 14:45:45.444017: W tensorflow/core/framework/op_kernel.cc:1745] OP_REQUIRES failed at strided_slice_op.cc:108 : INVALID_ARGUMENT: slice index 0 of dimension 0 out of bounds.
2024-04-10 14:45:45.444026: W tensorflow/core/framework/op_kernel.cc:1745] OP_REQUIRES failed at strided_slice_op.cc:108 : INVALID_ARGUMENT: slice index 1 of dimension 0 out of bounds.
2024-04-10 14:45:45.444029: W tensorflow/core/framework/op_kernel.cc:1745] OP_REQUIRES failed at strided_slice_op.cc:108 : INVALID_ARGUMENT: slice index 2 of dimension 0 out of bounds.
2024-04-10 14:45:45.444036: W tensorflow/core/framework/op_kernel.cc:1745] OP_REQUIRES failed at strided_slice_op.cc:108 : INVALID_ARGUMENT: slice index 1 of dimension 0 out of bounds.
2024-04-10 14:45:45.444075: W tensorflow/core/framework/op_kernel.cc:1745] OP_REQUIRES failed at strided_slice_op.cc:108 : INVALID_ARGUMENT: slice index 2 of dimension 0 out of bounds.
2024-04-10 14:45:45.444081: W tensorflow/core/framework/op_kernel.cc:1745] OP_REQUIRES failed at strided_slice_op.cc:108 : INVALID_ARGUMENT: slice index 2 of dimension 0 out of bounds.
2024-04-10 14:45:45.444086: W tensorflow/core/framework/op_kernel.cc:1745] OP_REQUIRES failed at strided_slice_op.cc:108 : INVALID_ARGUMENT: slice index 1 of dimension 0 out of bounds.
2024-04-10 14:45:45.444089: W tensorflow/core/framework/op_kernel.cc:1745] OP_REQUIRES failed at strided_slice_op.cc:108 : INVALID_ARGUMENT: slice index 1 of dimension 0 out of bounds.
2024-04-10 14:45:45.444156: W tensorflow/core/framework/op_kernel.cc:1745] OP_REQUIRES failed at strided_slice_op.cc:108 : INVALID_ARGUMENT: slice index 2 of dimension 0 out of bounds.
2024-04-10 14:45:45.444165: W tensorflow/core/framework/op_kernel.cc:1745] OP_REQUIRES failed at strided_slice_op.cc:108 : INVALID_ARGUMENT: slice index 1 of dimension 0 out of bounds.
2024-04-10 14:45:45.444305: W tensorflow/core/framework/op_kernel.cc:1745] OP_REQUIRES failed at strided_slice_op.cc:108 : INVALID_ARGUMENT: slice index 0 of dimension 0 out of bounds.
2024-04-10 14:45:45.444317: W tensorflow/core/framework/op_kernel.cc:1745] OP_REQUIRES failed at strided_slice_op.cc:108 : INVALID_ARGUMENT: slice index 2 of dimension 0 out of bounds.
2024-04-10 14:45:45.444320: W tensorflow/core/framework/op_kernel.cc:1745] OP_REQUIRES failed at strided_slice_op.cc:108 : INVALID_ARGUMENT: slice index 2 of dimension 0 out of bounds.
2024-04-10 14:45:45.444334: W tensorflow/core/framework/op_kernel.cc:1745] OP_REQUIRES failed at strided_slice_op.cc:108 : INVALID_ARGUMENT: slice index 2 of dimension 0 out of bounds.
2024-04-10 14:45:45.444347: W tensorflow/core/framework/op_kernel.cc:1745] OP_REQUIRES failed at strided_slice_op.cc:108 : INVALID_ARGUMENT: slice index 1 of dimension 0 out of bounds.
2024-04-10 14:45:45.444362: W tensorflow/core/framework/op_kernel.cc:1745] OP_REQUIRES failed at strided_slice_op.cc:108 : INVALID_ARGUMENT: slice index 1 of dimension 0 out of bounds.
2024-04-10 14:45:45.444365: W tensorflow/core/framework/op_kernel.cc:1745] OP_REQUIRES failed at strided_slice_op.cc:108 : INVALID_ARGUMENT: slice index 2 of dimension 0 out of bounds.
2024-04-10 14:45:45.444383: W tensorflow/core/framework/op_kernel.cc:1745] OP_REQUIRES failed at strided_slice_op.cc:108 : INVALID_ARGUMENT: slice index 1 of dimension 0 out of bounds.
2024-04-10 14:45:45.444404: W tensorflow/core/framework/op_kernel.cc:1745] OP_REQUIRES failed at strided_slice_op.cc:108 : INVALID_ARGUMENT: slice index 1 of dimension 0 out of bounds.
2024-04-10 14:45:45.444509: W tensorflow/core/framework/op_kernel.cc:1745] OP_REQUIRES failed at strided_slice_op.cc:108 : INVALID_ARGUMENT: slice index 2 of dimension 0 out of bounds.
2024-04-10 14:45:45.444521: W tensorflow/core/framework/op_kernel.cc:1745] OP_REQUIRES failed at strided_slice_op.cc:108 : INVALID_ARGUMENT: slice index 1 of dimension 0 out of bounds.
2024-04-10 14:45:45.444525: W tensorflow/core/framework/op_kernel.cc:1745] OP_REQUIRES failed at strided_slice_op.cc:108 : INVALID_ARGUMENT: slice index 2 of dimension 0 out of bounds.
2024-04-10 14:45:45.444533: W tensorflow/core/framework/op_kernel.cc:1745] OP_REQUIRES failed at strided_slice_op.cc:108 : INVALID_ARGUMENT: slice index 1 of dimension 0 out of bounds.
2024-04-10 14:45:45.444540: W tensorflow/core/framework/op_kernel.cc:1745] OP_REQUIRES failed at strided_slice_op.cc:108 : INVALID_ARGUMENT: slice index 2 of dimension 0 out of bounds.
2024-04-10 14:45:45.444549: W tensorflow/core/framework/op_kernel.cc:1745] OP_REQUIRES failed at strided_slice_op.cc:108 : INVALID_ARGUMENT: slice index 0 of dimension 0 out of bounds.
2024-04-10 14:45:45.444559: W tensorflow/core/framework/op_kernel.cc:1745] OP_REQUIRES failed at strided_slice_op.cc:108 : INVALID_ARGUMENT: slice index 1 of dimension 0 out of bounds.
2024-04-10 14:45:45.444581: W tensorflow/core/framework/op_kernel.cc:1745] OP_REQUIRES failed at strided_slice_op.cc:108 : INVALID_ARGUMENT: slice index 1 of dimension 0 out of bounds.
2024-04-10 14:45:45.444605: W tensorflow/core/framework/op_kernel.cc:1745] OP_REQUIRES failed at strided_slice_op.cc:108 : INVALID_ARGUMENT: slice index 1 of dimension 0 out of bounds.
2024-04-10 14:45:45.444610: W tensorflow/core/framework/op_kernel.cc:1745] OP_REQUIRES failed at strided_slice_op.cc:108 : INVALID_ARGUMENT: slice index 2 of dimension 0 out of bounds.
2024-04-10 14:45:45.444640: W tensorflow/core/framework/op_kernel.cc:1745] OP_REQUIRES failed at strided_slice_op.cc:108 : INVALID_ARGUMENT: slice index 2 of dimension 0 out of bounds.
2024-04-10 14:45:45.444754: W tensorflow/core/framework/op_kernel.cc:1745] OP_REQUIRES failed at strided_slice_op.cc:108 : INVALID_ARGUMENT: slice index 2 of dimension 0 out of bounds.
2024-04-10 14:45:45.444769: W tensorflow/core/framework/op_kernel.cc:1745] OP_REQUIRES failed at strided_slice_op.cc:108 : INVALID_ARGUMENT: slice index 1 of dimension 0 out of bounds.
2024-04-10 14:45:45.444783: W tensorflow/core/framework/op_kernel.cc:1745] OP_REQUIRES failed at strided_slice_op.cc:108 : INVALID_ARGUMENT: slice index 1 of dimension 0 out of bounds.
2024-04-10 14:45:45.444801: W tensorflow/core/framework/op_kernel.cc:1745] OP_REQUIRES failed at strided_slice_op.cc:108 : INVALID_ARGUMENT: slice index 0 of dimension 0 out of bounds.
2024-04-10 14:45:45.444822: W tensorflow/core/framework/op_kernel.cc:1745] OP_REQUIRES failed at strided_slice_op.cc:108 : INVALID_ARGUMENT: slice index 2 of dimension 0 out of bounds.
2024-04-10 14:45:45.444824: W tensorflow/core/framework/op_kernel.cc:1745] OP_REQUIRES failed at strided_slice_op.cc:108 : INVALID_ARGUMENT: slice index 2 of dimension 0 out of bounds.
2024-04-10 14:45:45.444832: W tensorflow/core/framework/op_kernel.cc:1745] OP_REQUIRES failed at strided_slice_op.cc:108 : INVALID_ARGUMENT: slice index 1 of dimension 0 out of bounds.
2024-04-10 14:45:45.444853: W tensorflow/core/framework/op_kernel.cc:1745] OP_REQUIRES failed at strided_slice_op.cc:108 : INVALID_ARGUMENT: slice index 2 of dimension 0 out of bounds.
2024-04-10 14:45:45.444923: W tensorflow/core/framework/op_kernel.cc:1745] OP_REQUIRES failed at strided_slice_op.cc:108 : INVALID_ARGUMENT: slice index 2 of dimension 0 out of bounds.
2024-04-10 14:45:45.444934: W tensorflow/core/framework/op_kernel.cc:1745] OP_REQUIRES failed at strided_slice_op.cc:108 : INVALID_ARGUMENT: slice index 1 of dimension 0 out of bounds.
2024-04-10 14:45:45.444946: W tensorflow/core/framework/op_kernel.cc:1745] OP_REQUIRES failed at strided_slice_op.cc:108 : INVALID_ARGUMENT: slice index 1 of dimension 0 out of bounds.
2024-04-10 14:45:45.445016: W tensorflow/core/framework/op_kernel.cc:1745] OP_REQUIRES failed at strided_slice_op.cc:108 : INVALID_ARGUMENT: slice index 1 of dimension 0 out of bounds.
2024-04-10 14:45:45.445027: W tensorflow/core/framework/op_kernel.cc:1745] OP_REQUIRES failed at strided_slice_op.cc:108 : INVALID_ARGUMENT: slice index 2 of dimension 0 out of bounds.
2024-04-10 14:45:45.445179: W tensorflow/core/framework/op_kernel.cc:1745] OP_REQUIRES failed at strided_slice_op.cc:108 : INVALID_ARGUMENT: slice index 0 of dimension 0 out of bounds.
2024-04-10 14:45:45.445189: W tensorflow/core/framework/op_kernel.cc:1745] OP_REQUIRES failed at strided_slice_op.cc:108 : INVALID_ARGUMENT: slice index 2 of dimension 0 out of bounds.
2024-04-10 14:45:45.445199: W tensorflow/core/framework/op_kernel.cc:1745] OP_REQUIRES failed at strided_slice_op.cc:108 : INVALID_ARGUMENT: slice index 2 of dimension 0 out of bounds.
2024-04-10 14:45:45.445210: W tensorflow/core/framework/op_kernel.cc:1745] OP_REQUIRES failed at strided_slice_op.cc:108 : INVALID_ARGUMENT: slice index 2 of dimension 0 out of bounds.
2024-04-10 14:45:45.445214: W tensorflow/core/framework/op_kernel.cc:1745] OP_REQUIRES failed at strided_slice_op.cc:108 : INVALID_ARGUMENT: slice index 1 of dimension 0 out of bounds.
2024-04-10 14:45:45.445220: W tensorflow/core/framework/op_kernel.cc:1745] OP_REQUIRES failed at strided_slice_op.cc:108 : INVALID_ARGUMENT: slice index 1 of dimension 0 out of bounds.
2024-04-10 14:45:45.445241: W tensorflow/core/framework/op_kernel.cc:1745] OP_REQUIRES failed at strided_slice_op.cc:108 : INVALID_ARGUMENT: slice index 1 of dimension 0 out of bounds.
2024-04-10 14:45:45.445264: W tensorflow/core/framework/op_kernel.cc:1745] OP_REQUIRES failed at strided_slice_op.cc:108 : INVALID_ARGUMENT: slice index 1 of dimension 0 out of bounds.
2024-04-10 14:45:45.445269: W tensorflow/core/framework/op_kernel.cc:1745] OP_REQUIRES failed at strided_slice_op.cc:108 : INVALID_ARGUMENT: slice index 2 of dimension 0 out of bounds.
2024-04-10 14:45:45.445330: W tensorflow/core/framework/op_kernel.cc:1745] OP_REQUIRES failed at strided_slice_op.cc:108 : INVALID_ARGUMENT: slice index 2 of dimension 0 out of bounds.
2024-04-10 14:45:45.445341: W tensorflow/core/framework/op_kernel.cc:1745] OP_REQUIRES failed at strided_slice_op.cc:108 : INVALID_ARGUMENT: slice index 1 of dimension 0 out of bounds.
2024-04-10 14:45:45.445347: W tensorflow/core/framework/op_kernel.cc:1745] OP_REQUIRES failed at strided_slice_op.cc:108 : INVALID_ARGUMENT: slice index 2 of dimension 0 out of bounds.
2024-04-10 14:45:45.445358: W tensorflow/core/framework/op_kernel.cc:1745] OP_REQUIRES failed at strided_slice_op.cc:108 : INVALID_ARGUMENT: slice index 1 of dimension 0 out of bounds.
2024-04-10 14:45:45.445368: W tensorflow/core/framework/op_kernel.cc:1745] OP_REQUIRES failed at strided_slice_op.cc:108 : INVALID_ARGUMENT: slice index 1 of dimension 0 out of bounds.
2024-04-10 14:45:45.445372: W tensorflow/core/framework/op_kernel.cc:1745] OP_REQUIRES failed at strided_slice_op.cc:108 : INVALID_ARGUMENT: slice index 0 of dimension 0 out of bounds.
2024-04-10 14:45:45.445388: W tensorflow/core/framework/op_kernel.cc:1745] OP_REQUIRES failed at strided_slice_op.cc:108 : INVALID_ARGUMENT: slice index 1 of dimension 0 out of bounds.
2024-04-10 14:45:45.445393: W tensorflow/core/framework/op_kernel.cc:1745] OP_REQUIRES failed at strided_slice_op.cc:108 : INVALID_ARGUMENT: slice index 2 of dimension 0 out of bounds.
2024-04-10 14:45:45.445402: W tensorflow/core/framework/op_kernel.cc:1745] OP_REQUIRES failed at strided_slice_op.cc:108 : INVALID_ARGUMENT: slice index 2 of dimension 0 out of bounds.
2024-04-10 14:45:45.445522: W tensorflow/core/framework/op_kernel.cc:1745] OP_REQUIRES failed at strided_slice_op.cc:108 : INVALID_ARGUMENT: slice index 2 of dimension 0 out of bounds.
2024-04-10 14:45:45.445529: W tensorflow/core/framework/op_kernel.cc:1745] OP_REQUIRES failed at strided_slice_op.cc:108 : INVALID_ARGUMENT: slice index 2 of dimension 0 out of bounds.
2024-04-10 14:45:45.445534: W tensorflow/core/framework/op_kernel.cc:1745] OP_REQUIRES failed at strided_slice_op.cc:108 : INVALID_ARGUMENT: slice index 1 of dimension 0 out of bounds.
2024-04-10 14:45:45.445538: W tensorflow/core/framework/op_kernel.cc:1745] OP_REQUIRES failed at strided_slice_op.cc:108 : INVALID_ARGUMENT: slice index 2 of dimension 0 out of bounds.
2024-04-10 14:45:45.445555: W tensorflow/core/framework/op_kernel.cc:1745] OP_REQUIRES failed at strided_slice_op.cc:108 : INVALID_ARGUMENT: slice index 1 of dimension 0 out of bounds.
2024-04-10 14:45:45.445568: W tensorflow/core/framework/op_kernel.cc:1745] OP_REQUIRES failed at strided_slice_op.cc:108 : INVALID_ARGUMENT: slice index 1 of dimension 0 out of bounds.
2024-04-10 14:45:45.445574: W tensorflow/core/framework/op_kernel.cc:1745] OP_REQUIRES failed at strided_slice_op.cc:108 : INVALID_ARGUMENT: slice index 0 of dimension 0 out of bounds.
2024-04-10 14:45:45.445582: W tensorflow/core/framework/op_kernel.cc:1745] OP_REQUIRES failed at strided_slice_op.cc:108 : INVALID_ARGUMENT: slice index 2 of dimension 0 out of bounds.
2024-04-10 14:45:45.445590: W tensorflow/core/framework/op_kernel.cc:1745] OP_REQUIRES failed at strided_slice_op.cc:108 : INVALID_ARGUMENT: slice index 1 of dimension 0 out of bounds.
2024-04-10 14:45:45.445652: W tensorflow/core/framework/op_kernel.cc:1745] OP_REQUIRES failed at strided_slice_op.cc:108 : INVALID_ARGUMENT: slice index 1 of dimension 0 out of bounds.
2024-04-10 14:45:45.445656: W tensorflow/core/framework/op_kernel.cc:1745] OP_REQUIRES failed at strided_slice_op.cc:108 : INVALID_ARGUMENT: slice index 2 of dimension 0 out of bounds.
2024-04-10 14:45:45.445761: W tensorflow/core/framework/op_kernel.cc:1745] OP_REQUIRES failed at strided_slice_op.cc:108 : INVALID_ARGUMENT: slice index 2 of dimension 0 out of bounds.
2024-04-10 14:45:45.445767: W tensorflow/core/framework/op_kernel.cc:1745] OP_REQUIRES failed at strided_slice_op.cc:108 : INVALID_ARGUMENT: slice index 0 of dimension 0 out of bounds.
2024-04-10 14:45:45.445773: W tensorflow/core/framework/op_kernel.cc:1745] OP_REQUIRES failed at strided_slice_op.cc:108 : INVALID_ARGUMENT: slice index 1 of dimension 0 out of bounds.
2024-04-10 14:45:45.445784: W tensorflow/core/framework/op_kernel.cc:1745] OP_REQUIRES failed at strided_slice_op.cc:108 : INVALID_ARGUMENT: slice index 2 of dimension 0 out of bounds.
2024-04-10 14:45:45.445791: W tensorflow/core/framework/op_kernel.cc:1745] OP_REQUIRES failed at strided_slice_op.cc:108 : INVALID_ARGUMENT: slice index 1 of dimension 0 out of bounds.
2024-04-10 14:45:45.445796: W tensorflow/core/framework/op_kernel.cc:1745] OP_REQUIRES failed at strided_slice_op.cc:108 : INVALID_ARGUMENT: slice index 2 of dimension 0 out of bounds.
2024-04-10 14:45:45.445803: W tensorflow/core/framework/op_kernel.cc:1745] OP_REQUIRES failed at strided_slice_op.cc:108 : INVALID_ARGUMENT: slice index 1 of dimension 0 out of bounds.
2024-04-10 14:45:45.445823: W tensorflow/core/framework/op_kernel.cc:1745] OP_REQUIRES failed at strided_slice_op.cc:108 : INVALID_ARGUMENT: slice index 1 of dimension 0 out of bounds.
2024-04-10 14:45:45.445832: W tensorflow/core/framework/op_kernel.cc:1745] OP_REQUIRES failed at strided_slice_op.cc:108 : INVALID_ARGUMENT: slice index 2 of dimension 0 out of bounds.
2024-04-10 14:45:45.445846: W tensorflow/core/framework/op_kernel.cc:1745] OP_REQUIRES failed at strided_slice_op.cc:108 : INVALID_ARGUMENT: slice index 1 of dimension 0 out of bounds.
2024-04-10 14:45:45.445857: W tensorflow/core/framework/op_kernel.cc:1745] OP_REQUIRES failed at strided_slice_op.cc:108 : INVALID_ARGUMENT: slice index 2 of dimension 0 out of bounds.
2024-04-10 14:45:45.445931: W tensorflow/core/framework/op_kernel.cc:1745] OP_REQUIRES failed at strided_slice_op.cc:108 : INVALID_ARGUMENT: slice index 2 of dimension 0 out of bounds.
2024-04-10 14:45:45.445940: W tensorflow/core/framework/op_kernel.cc:1745] OP_REQUIRES failed at strided_slice_op.cc:108 : INVALID_ARGUMENT: slice index 1 of dimension 0 out of bounds.
2024-04-10 14:45:45.445947: W tensorflow/core/framework/op_kernel.cc:1745] OP_REQUIRES failed at strided_slice_op.cc:108 : INVALID_ARGUMENT: slice index 2 of dimension 0 out of bounds.
2024-04-10 14:45:45.445957: W tensorflow/core/framework/op_kernel.cc:1745] OP_REQUIRES failed at strided_slice_op.cc:108 : INVALID_ARGUMENT: slice index 1 of dimension 0 out of bounds.
2024-04-10 14:45:45.445965: W tensorflow/core/framework/op_kernel.cc:1745] OP_REQUIRES failed at strided_slice_op.cc:108 : INVALID_ARGUMENT: slice index 2 of dimension 0 out of bounds.
2024-04-10 14:45:45.445974: W tensorflow/core/framework/op_kernel.cc:1745] OP_REQUIRES failed at strided_slice_op.cc:108 : INVALID_ARGUMENT: slice index 1 of dimension 0 out of bounds.
2024-04-10 14:45:45.445986: W tensorflow/core/framework/op_kernel.cc:1745] OP_REQUIRES failed at strided_slice_op.cc:108 : INVALID_ARGUMENT: slice index 1 of dimension 0 out of bounds.
2024-04-10 14:45:45.445994: W tensorflow/core/framework/op_kernel.cc:1745] OP_REQUIRES failed at strided_slice_op.cc:108 : INVALID_ARGUMENT: slice index 0 of dimension 0 out of bounds.
2024-04-10 14:45:45.446018: W tensorflow/core/framework/op_kernel.cc:1745] OP_REQUIRES failed at strided_slice_op.cc:108 : INVALID_ARGUMENT: slice index 2 of dimension 0 out of bounds.
2024-04-10 14:45:45.446093: W tensorflow/core/framework/op_kernel.cc:1745] OP_REQUIRES failed at strided_slice_op.cc:108 : INVALID_ARGUMENT: slice index 2 of dimension 0 out of bounds.
2024-04-10 14:45:45.446105: W tensorflow/core/framework/op_kernel.cc:1745] OP_REQUIRES failed at strided_slice_op.cc:108 : INVALID_ARGUMENT: slice index 1 of dimension 0 out of bounds.
2024-04-10 14:45:45.446107: W tensorflow/core/framework/op_kernel.cc:1745] OP_REQUIRES failed at strided_slice_op.cc:108 : INVALID_ARGUMENT: slice index 2 of dimension 0 out of bounds.
2024-04-10 14:45:45.446117: W tensorflow/core/framework/op_kernel.cc:1745] OP_REQUIRES failed at strided_slice_op.cc:108 : INVALID_ARGUMENT: slice index 1 of dimension 0 out of bounds.
2024-04-10 14:45:45.446122: W tensorflow/core/framework/op_kernel.cc:1745] OP_REQUIRES failed at strided_slice_op.cc:108 : INVALID_ARGUMENT: slice index 2 of dimension 0 out of bounds.
2024-04-10 14:45:45.446134: W tensorflow/core/framework/op_kernel.cc:1745] OP_REQUIRES failed at strided_slice_op.cc:108 : INVALID_ARGUMENT: slice index 1 of dimension 0 out of bounds.
2024-04-10 14:45:45.446146: W tensorflow/core/framework/op_kernel.cc:1745] OP_REQUIRES failed at strided_slice_op.cc:108 : INVALID_ARGUMENT: slice index 1 of dimension 0 out of bounds.
2024-04-10 14:45:45.446148: W tensorflow/core/framework/op_kernel.cc:1745] OP_REQUIRES failed at strided_slice_op.cc:108 : INVALID_ARGUMENT: slice index 2 of dimension 0 out of bounds.
2024-04-10 14:45:45.446201: W tensorflow/core/framework/op_kernel.cc:1745] OP_REQUIRES failed at strided_slice_op.cc:108 : INVALID_ARGUMENT: slice index 0 of dimension 0 out of bounds.
2024-04-10 14:45:45.446210: W tensorflow/core/framework/op_kernel.cc:1745] OP_REQUIRES failed at strided_slice_op.cc:108 : INVALID_ARGUMENT: slice index 2 of dimension 0 out of bounds.
2024-04-10 14:45:45.446229: W tensorflow/core/framework/op_kernel.cc:1745] OP_REQUIRES failed at strided_slice_op.cc:108 : INVALID_ARGUMENT: slice index 1 of dimension 0 out of bounds.
2024-04-10 14:45:45.446311: W tensorflow/core/framework/op_kernel.cc:1745] OP_REQUIRES failed at strided_slice_op.cc:108 : INVALID_ARGUMENT: slice index 2 of dimension 0 out of bounds.
2024-04-10 14:45:45.446322: W tensorflow/core/framework/op_kernel.cc:1745] OP_REQUIRES failed at strided_slice_op.cc:108 : INVALID_ARGUMENT: slice index 1 of dimension 0 out of bounds.
2024-04-10 14:45:45.446338: W tensorflow/core/framework/op_kernel.cc:1745] OP_REQUIRES failed at strided_slice_op.cc:108 : INVALID_ARGUMENT: slice index 2 of dimension 0 out of bounds.
2024-04-10 14:45:45.446349: W tensorflow/core/framework/op_kernel.cc:1745] OP_REQUIRES failed at strided_slice_op.cc:108 : INVALID_ARGUMENT: slice index 1 of dimension 0 out of bounds.
2024-04-10 14:45:45.446366: W tensorflow/core/framework/op_kernel.cc:1745] OP_REQUIRES failed at strided_slice_op.cc:108 : INVALID_ARGUMENT: slice index 2 of dimension 0 out of bounds.
2024-04-10 14:45:45.446374: W tensorflow/core/framework/op_kernel.cc:1745] OP_REQUIRES failed at strided_slice_op.cc:108 : INVALID_ARGUMENT: slice index 1 of dimension 0 out of bounds.
2024-04-10 14:45:45.446386: W tensorflow/core/framework/op_kernel.cc:1745] OP_REQUIRES failed at strided_slice_op.cc:108 : INVALID_ARGUMENT: slice index 1 of dimension 0 out of bounds.
2024-04-10 14:45:45.446393: W tensorflow/core/framework/op_kernel.cc:1745] OP_REQUIRES failed at strided_slice_op.cc:108 : INVALID_ARGUMENT: slice index 2 of dimension 0 out of bounds.
2024-04-10 14:45:45.446514: W tensorflow/core/framework/op_kernel.cc:1745] OP_REQUIRES failed at strided_slice_op.cc:108 : INVALID_ARGUMENT: slice index 1 of dimension 0 out of bounds.
2024-04-10 14:45:45.446523: W tensorflow/core/framework/op_kernel.cc:1745] OP_REQUIRES failed at strided_slice_op.cc:108 : INVALID_ARGUMENT: slice index 2 of dimension 0 out of bounds.
2024-04-10 14:45:45.446541: W tensorflow/core/framework/op_kernel.cc:1745] OP_REQUIRES failed at strided_slice_op.cc:108 : INVALID_ARGUMENT: slice index 0 of dimension 0 out of bounds.
Traceback (most recent call last):
  File "/home/yaldaw/working_dir/yalda/ghostfacenet-ex/noise-masking.py", line 261, in <module>
    main()
  File "/home/yaldaw/working_dir/yalda/ghostfacenet-ex/noise-masking.py", line 225, in main
    for images, labels in pairs_dataset:
  File "/home/yaldaw/.local/lib/python3.10/site-packages/tensorflow/python/data/ops/iterator_ops.py", line 836, in __next__
    return self._next_internal()
  File "/home/yaldaw/.local/lib/python3.10/site-packages/tensorflow/python/data/ops/iterator_ops.py", line 819, in _next_internal
    ret = gen_dataset_ops.iterator_get_next(
  File "/home/yaldaw/.local/lib/python3.10/site-packages/tensorflow/python/ops/gen_dataset_ops.py", line 2923, in iterator_get_next
    _ops.raise_from_not_ok_status(e, name)
  File "/home/yaldaw/.local/lib/python3.10/site-packages/tensorflow/python/framework/ops.py", line 7186, in raise_from_not_ok_status
    raise core._status_to_exception(e) from None  # pylint: disable=protected-access
tensorflow.python.framework.errors_impl.InvalidArgumentError: slice index 2 of dimension 0 out of bounds.
	 [[{{node strided_slice_2}}]] [Op:IteratorGetNext]
COMET INFO: ---------------------------------------------------------------------------------------
COMET INFO: Comet.ml Experiment Summary
COMET INFO: ---------------------------------------------------------------------------------------
COMET INFO:   Data:
COMET INFO:     display_summary_level : 1
COMET INFO:     url                   : https://www.comet.com/enhancing-gradient/masking-effect/3ab455de00e3418e8a5075e0cefe9b9d
COMET INFO:   Uploads:
COMET INFO:     environment details      : 1
COMET INFO:     filename                 : 1
COMET INFO:     git metadata             : 1
COMET INFO:     git-patch (uncompressed) : 1 (380.10 KB)
COMET INFO:     installed packages       : 1
COMET INFO:     source_code              : 1 (11.41 KB)
COMET INFO: 
