
Due to MODULEPATH changes, the following have been reloaded:
  1) mii/1.1.2

The following have been reloaded with a version change:
  1) StdEnv/2023 => StdEnv/2020
  2) blis/0.9.0 => blis/0.8.1
  3) flexiblas/3.3.1 => flexiblas/3.0.4
  4) gcccore/.12.3 => gcccore/.9.3.0
  5) gentoo/2023 => gentoo/2020
  6) libfabric/1.18.0 => libfabric/1.10.1
  7) openmpi/4.1.5 => openmpi/4.0.3
  8) ucx/1.14.1 => ucx/1.8.0

Defaulting to user installation because normal site-packages is not writeable
Looking in links: /cvmfs/soft.computecanada.ca/custom/python/wheelhouse/gentoo2020/avx2, /cvmfs/soft.computecanada.ca/custom/python/wheelhouse/gentoo/avx2, /cvmfs/soft.computecanada.ca/custom/python/wheelhouse/gentoo2020/generic, /cvmfs/soft.computecanada.ca/custom/python/wheelhouse/gentoo/generic, /cvmfs/soft.computecanada.ca/custom/python/wheelhouse/generic
Requirement already satisfied: tensorflow==2.8 in /home/yaldaw/.local/lib/python3.10/site-packages (2.8.0+computecanada)
Requirement already satisfied: grpcio<2.0,>=1.24.3 in /home/yaldaw/.local/lib/python3.10/site-packages (from tensorflow==2.8) (1.57.0+computecanada)
Requirement already satisfied: tf-estimator-nightly==2.8.0.dev2021122109 in /home/yaldaw/.local/lib/python3.10/site-packages (from tensorflow==2.8) (2.8.0.dev2021122109+computecanada)
Requirement already satisfied: flatbuffers>=1.12 in /home/yaldaw/.local/lib/python3.10/site-packages (from tensorflow==2.8) (20190709135844+computecanada)
Requirement already satisfied: tensorboard<2.9,>=2.8 in /home/yaldaw/.local/lib/python3.10/site-packages (from tensorflow==2.8) (2.8.0+computecanada)
Requirement already satisfied: typing-extensions>=3.6.6 in /home/yaldaw/.local/lib/python3.10/site-packages (from tensorflow==2.8) (4.10.0+computecanada)
Requirement already satisfied: astunparse>=1.6.0 in /home/yaldaw/.local/lib/python3.10/site-packages (from tensorflow==2.8) (1.6.3+computecanada)
Requirement already satisfied: termcolor>=1.1.0 in /home/yaldaw/.local/lib/python3.10/site-packages (from tensorflow==2.8) (2.4.0+computecanada)
Requirement already satisfied: h5py>=2.9.0 in /home/yaldaw/.local/lib/python3.10/site-packages (from tensorflow==2.8) (3.8.0+computecanada)
Requirement already satisfied: google-pasta>=0.1.1 in /home/yaldaw/.local/lib/python3.10/site-packages (from tensorflow==2.8) (0.2.0+computecanada)
Requirement already satisfied: gast>=0.2.1 in /home/yaldaw/.local/lib/python3.10/site-packages (from tensorflow==2.8) (0.5.4+computecanada)
Requirement already satisfied: absl-py>=0.4.0 in /home/yaldaw/.local/lib/python3.10/site-packages (from tensorflow==2.8) (1.4.0+computecanada)
Requirement already satisfied: numpy>=1.20 in /home/yaldaw/.local/lib/python3.10/site-packages (from tensorflow==2.8) (1.25.2+computecanada)
Requirement already satisfied: wrapt>=1.11.0 in /home/yaldaw/.local/lib/python3.10/site-packages (from tensorflow==2.8) (1.14.1+computecanada)
Requirement already satisfied: keras<2.9,>=2.8.0rc0 in /home/yaldaw/.local/lib/python3.10/site-packages (from tensorflow==2.8) (2.8.0+computecanada)
Requirement already satisfied: libclang>=9.0.1 in /home/yaldaw/.local/lib/python3.10/site-packages (from tensorflow==2.8) (14.0.1+computecanada)
Requirement already satisfied: six>=1.12.0 in /cvmfs/soft.computecanada.ca/easybuild/software/2020/avx2/Core/python/3.10.2/lib/python3.10/site-packages (from tensorflow==2.8) (1.16.0)
Requirement already satisfied: protobuf>=3.9.2 in /home/yaldaw/.local/lib/python3.10/site-packages (from tensorflow==2.8) (3.20.3+computecanada)
Requirement already satisfied: keras-preprocessing>=1.1.1 in /home/yaldaw/.local/lib/python3.10/site-packages (from tensorflow==2.8) (1.1.2+computecanada)
Requirement already satisfied: tensorflow-io-gcs-filesystem>=0.23.1 in /home/yaldaw/.local/lib/python3.10/site-packages (from tensorflow==2.8) (0.32.0+computecanada)
Requirement already satisfied: setuptools in /cvmfs/soft.computecanada.ca/easybuild/software/2020/avx2/Core/python/3.10.2/lib/python3.10/site-packages (from tensorflow==2.8) (60.7.1)
Requirement already satisfied: opt-einsum>=2.3.2 in /home/yaldaw/.local/lib/python3.10/site-packages (from tensorflow==2.8) (3.3.0+computecanada)
Requirement already satisfied: wheel<1.0,>=0.23.0 in /cvmfs/soft.computecanada.ca/easybuild/software/2020/avx2/Core/python/3.10.2/lib/python3.10/site-packages (from astunparse>=1.6.0->tensorflow==2.8) (0.37.1)
Requirement already satisfied: tensorboard-plugin-wit>=1.6.0 in /home/yaldaw/.local/lib/python3.10/site-packages (from tensorboard<2.9,>=2.8->tensorflow==2.8) (1.8.1+computecanada)
Requirement already satisfied: google-auth<3,>=1.6.3 in /home/yaldaw/.local/lib/python3.10/site-packages (from tensorboard<2.9,>=2.8->tensorflow==2.8) (2.28.2)
Requirement already satisfied: google-auth-oauthlib<0.5,>=0.4.1 in /home/yaldaw/.local/lib/python3.10/site-packages (from tensorboard<2.9,>=2.8->tensorflow==2.8) (0.4.6+computecanada)
Requirement already satisfied: requests<3,>=2.21.0 in /home/yaldaw/.local/lib/python3.10/site-packages (from tensorboard<2.9,>=2.8->tensorflow==2.8) (2.31.0+computecanada)
Requirement already satisfied: markdown>=2.6.8 in /home/yaldaw/.local/lib/python3.10/site-packages (from tensorboard<2.9,>=2.8->tensorflow==2.8) (3.5.2+computecanada)
Requirement already satisfied: tensorboard-data-server<0.7.0,>=0.6.0 in /home/yaldaw/.local/lib/python3.10/site-packages (from tensorboard<2.9,>=2.8->tensorflow==2.8) (0.6.1+computecanada)
Requirement already satisfied: werkzeug>=0.11.15 in /home/yaldaw/.local/lib/python3.10/site-packages (from tensorboard<2.9,>=2.8->tensorflow==2.8) (3.0.1+computecanada)
Requirement already satisfied: cachetools<6.0,>=2.0.0 in /home/yaldaw/.local/lib/python3.10/site-packages (from google-auth<3,>=1.6.3->tensorboard<2.9,>=2.8->tensorflow==2.8) (5.3.3)
Requirement already satisfied: pyasn1-modules>=0.2.1 in /home/yaldaw/.local/lib/python3.10/site-packages (from google-auth<3,>=1.6.3->tensorboard<2.9,>=2.8->tensorflow==2.8) (0.3.0+computecanada)
Requirement already satisfied: rsa<5,>=3.1.4 in /home/yaldaw/.local/lib/python3.10/site-packages (from google-auth<3,>=1.6.3->tensorboard<2.9,>=2.8->tensorflow==2.8) (4.9+computecanada)
Requirement already satisfied: requests-oauthlib>=0.7.0 in /home/yaldaw/.local/lib/python3.10/site-packages (from google-auth-oauthlib<0.5,>=0.4.1->tensorboard<2.9,>=2.8->tensorflow==2.8) (1.4.0)
Requirement already satisfied: idna<4,>=2.5 in /home/yaldaw/.local/lib/python3.10/site-packages (from requests<3,>=2.21.0->tensorboard<2.9,>=2.8->tensorflow==2.8) (3.6)
Requirement already satisfied: urllib3<3,>=1.21.1 in /home/yaldaw/.local/lib/python3.10/site-packages (from requests<3,>=2.21.0->tensorboard<2.9,>=2.8->tensorflow==2.8) (2.0.7+computecanada)
Requirement already satisfied: certifi>=2017.4.17 in /home/yaldaw/.local/lib/python3.10/site-packages (from requests<3,>=2.21.0->tensorboard<2.9,>=2.8->tensorflow==2.8) (2024.2.2)
Requirement already satisfied: charset-normalizer<4,>=2 in /home/yaldaw/.local/lib/python3.10/site-packages (from requests<3,>=2.21.0->tensorboard<2.9,>=2.8->tensorflow==2.8) (3.3.2)
Requirement already satisfied: MarkupSafe>=2.1.1 in /home/yaldaw/.local/lib/python3.10/site-packages (from werkzeug>=0.11.15->tensorboard<2.9,>=2.8->tensorflow==2.8) (2.1.3+computecanada)
Requirement already satisfied: pyasn1<0.6.0,>=0.4.6 in /home/yaldaw/.local/lib/python3.10/site-packages (from pyasn1-modules>=0.2.1->google-auth<3,>=1.6.3->tensorboard<2.9,>=2.8->tensorflow==2.8) (0.5.1+computecanada)
Requirement already satisfied: oauthlib>=3.0.0 in /home/yaldaw/.local/lib/python3.10/site-packages (from requests-oauthlib>=0.7.0->google-auth-oauthlib<0.5,>=0.4.1->tensorboard<2.9,>=2.8->tensorflow==2.8) (3.2.2+computecanada)
Defaulting to user installation because normal site-packages is not writeable
Looking in links: /cvmfs/soft.computecanada.ca/custom/python/wheelhouse/gentoo2020/avx2, /cvmfs/soft.computecanada.ca/custom/python/wheelhouse/gentoo/avx2, /cvmfs/soft.computecanada.ca/custom/python/wheelhouse/gentoo2020/generic, /cvmfs/soft.computecanada.ca/custom/python/wheelhouse/gentoo/generic, /cvmfs/soft.computecanada.ca/custom/python/wheelhouse/generic
Requirement already satisfied: comet_ml in /home/yaldaw/.local/lib/python3.10/site-packages (3.35.4+computecanada)
Requirement already satisfied: six in /cvmfs/soft.computecanada.ca/easybuild/software/2020/avx2/Core/python/3.10.2/lib/python3.10/site-packages (from comet_ml) (1.16.0)
Requirement already satisfied: simplejson in /home/yaldaw/.local/lib/python3.10/site-packages (from comet_ml) (3.19.2+computecanada)
Requirement already satisfied: requests-toolbelt>=0.8.0 in /home/yaldaw/.local/lib/python3.10/site-packages (from comet_ml) (1.0.0+computecanada)
Requirement already satisfied: wurlitzer>=1.0.2 in /home/yaldaw/.local/lib/python3.10/site-packages (from comet_ml) (3.0.3+computecanada)
Requirement already satisfied: urllib3>=1.21.1 in /home/yaldaw/.local/lib/python3.10/site-packages (from comet_ml) (2.0.7+computecanada)
Requirement already satisfied: jsonschema!=3.1.0,>=2.6.0 in /home/yaldaw/.local/lib/python3.10/site-packages (from comet_ml) (4.21.1+computecanada)
Requirement already satisfied: psutil>=5.6.3 in /home/yaldaw/.local/lib/python3.10/site-packages (from comet_ml) (5.9.8)
Requirement already satisfied: everett[ini]<3.2.0,>=1.0.1 in /home/yaldaw/.local/lib/python3.10/site-packages (from comet_ml) (3.1.0+computecanada)
Requirement already satisfied: requests>=2.18.4 in /home/yaldaw/.local/lib/python3.10/site-packages (from comet_ml) (2.31.0+computecanada)
Requirement already satisfied: sentry-sdk>=1.1.0 in /home/yaldaw/.local/lib/python3.10/site-packages (from comet_ml) (1.40.6)
Requirement already satisfied: dulwich!=0.20.33,>=0.20.6 in /home/yaldaw/.local/lib/python3.10/site-packages (from comet_ml) (0.21.3+computecanada)
Requirement already satisfied: semantic-version>=2.8.0 in /home/yaldaw/.local/lib/python3.10/site-packages (from comet_ml) (2.10.0+computecanada)
Requirement already satisfied: rich>=13.3.2 in /home/yaldaw/.local/lib/python3.10/site-packages (from comet_ml) (13.7.1+computecanada)
Requirement already satisfied: websocket-client<1.4.0,>=0.55.0 in /home/yaldaw/.local/lib/python3.10/site-packages (from comet_ml) (1.3.3+computecanada)
Requirement already satisfied: wrapt>=1.11.2 in /home/yaldaw/.local/lib/python3.10/site-packages (from comet_ml) (1.14.1+computecanada)
Requirement already satisfied: python-box<7.0.0 in /home/yaldaw/.local/lib/python3.10/site-packages (from comet_ml) (6.1.0+computecanada)
Requirement already satisfied: configobj in /home/yaldaw/.local/lib/python3.10/site-packages (from everett[ini]<3.2.0,>=1.0.1->comet_ml) (5.0.8+computecanada)
Requirement already satisfied: attrs>=22.2.0 in /home/yaldaw/.local/lib/python3.10/site-packages (from jsonschema!=3.1.0,>=2.6.0->comet_ml) (23.2.0+computecanada)
Requirement already satisfied: jsonschema-specifications>=2023.03.6 in /home/yaldaw/.local/lib/python3.10/site-packages (from jsonschema!=3.1.0,>=2.6.0->comet_ml) (2023.12.1+computecanada)
Requirement already satisfied: rpds-py>=0.7.1 in /home/yaldaw/.local/lib/python3.10/site-packages (from jsonschema!=3.1.0,>=2.6.0->comet_ml) (0.10.0+computecanada)
Requirement already satisfied: referencing>=0.28.4 in /home/yaldaw/.local/lib/python3.10/site-packages (from jsonschema!=3.1.0,>=2.6.0->comet_ml) (0.33.0+computecanada)
Requirement already satisfied: certifi>=2017.4.17 in /home/yaldaw/.local/lib/python3.10/site-packages (from requests>=2.18.4->comet_ml) (2024.2.2)
Requirement already satisfied: idna<4,>=2.5 in /home/yaldaw/.local/lib/python3.10/site-packages (from requests>=2.18.4->comet_ml) (3.6)
Requirement already satisfied: charset-normalizer<4,>=2 in /home/yaldaw/.local/lib/python3.10/site-packages (from requests>=2.18.4->comet_ml) (3.3.2)
Requirement already satisfied: pygments<3.0.0,>=2.13.0 in /home/yaldaw/.local/lib/python3.10/site-packages (from rich>=13.3.2->comet_ml) (2.17.2+computecanada)
Requirement already satisfied: markdown-it-py>=2.2.0 in /home/yaldaw/.local/lib/python3.10/site-packages (from rich>=13.3.2->comet_ml) (3.0.0+computecanada)
Requirement already satisfied: mdurl~=0.1 in /home/yaldaw/.local/lib/python3.10/site-packages (from markdown-it-py>=2.2.0->rich>=13.3.2->comet_ml) (0.1.2+computecanada)
COMET INFO: Experiment is live on comet.com https://www.comet.com/enhancing-gradient/random-square-masking-effect/afe7991451b84df4b693a01741c1a27a

2024-04-16 06:47:24.041184: I tensorflow/core/platform/cpu_feature_guard.cc:151] This TensorFlow binary is optimized with oneAPI Deep Neural Network Library (oneDNN) to use the following CPU instructions in performance-critical operations:  AVX2 FMA
To enable them in other operations, rebuild TensorFlow with the appropriate compiler flags.
2024-04-16 06:47:25.195807: I tensorflow/core/common_runtime/gpu/gpu_device.cc:1525] Created device /job:localhost/replica:0/task:0/device:GPU:0 with 38212 MB memory:  -> device: 0, name: NVIDIA A100-SXM4-40GB, pci bus id: 0000:c1:00.0, compute capability: 8.0
WARNING:tensorflow:No training configuration found in the save file, so the model was *not* compiled. Compile it manually.
2024-04-16 06:47:29.928407: I tensorflow/stream_executor/cuda/cuda_dnn.cc:368] Loaded cuDNN version 8200
2024-04-16 06:47:30.930506: I tensorflow/core/platform/default/subprocess.cc:304] Start cannot spawn child process: No such file or directory
2024-04-16 06:47:30.930926: I tensorflow/core/platform/default/subprocess.cc:304] Start cannot spawn child process: No such file or directory
2024-04-16 06:47:30.930943: W tensorflow/stream_executor/gpu/asm_compiler.cc:80] Couldn't get ptxas version string: INTERNAL: Couldn't invoke ptxas --version
2024-04-16 06:47:30.932546: I tensorflow/core/platform/default/subprocess.cc:304] Start cannot spawn child process: No such file or directory
2024-04-16 06:47:30.932596: W tensorflow/stream_executor/gpu/redzone_allocator.cc:314] INTERNAL: Failed to launch ptxas
Relying on driver to perform ptx compilation. 
Modify $PATH to customize ptxas location.
This message will be only logged once.
  Accuracy: 0.5503
  Precision: 0.5275
  Recall: 0.9673
  F1 Score: 0.6827

  Accuracy: 0.5510
  Precision: 0.5288
  Recall: 0.9397
  F1 Score: 0.6767

  Accuracy: 0.5605
  Precision: 0.5347
  Recall: 0.9333
  F1 Score: 0.6798

  Accuracy: 0.5568
  Precision: 0.5329
  Recall: 0.9207
  F1 Score: 0.6750

  Accuracy: 0.5502
  Precision: 0.5294
  Recall: 0.9043
  F1 Score: 0.6678

  Accuracy: 0.5507
  Precision: 0.5299
  Recall: 0.9007
  F1 Score: 0.6672

  Accuracy: 0.5465
  Precision: 0.5272
  Recall: 0.9030
  F1 Score: 0.6657

  Accuracy: 0.5382
  Precision: 0.5221
  Recall: 0.9053
  F1 Score: 0.6622

  Accuracy: 0.5332
  Precision: 0.5191
  Recall: 0.9010
  F1 Score: 0.6587

  Accuracy: 0.5258
  Precision: 0.5144
  Recall: 0.9230
  F1 Score: 0.6606

  Accuracy: 0.5912
  Precision: 0.5558
  Recall: 0.9130
  F1 Score: 0.6908

  Accuracy: 0.5952
  Precision: 0.5604
  Recall: 0.8843
  F1 Score: 0.6860

  Accuracy: 0.5958
  Precision: 0.5636
  Recall: 0.8517
  F1 Score: 0.6782

  Accuracy: 0.5860
  Precision: 0.5580
  Recall: 0.8293
  F1 Score: 0.6670

  Accuracy: 0.5805
  Precision: 0.5551
  Recall: 0.8137
  F1 Score: 0.6598

  Accuracy: 0.5808
  Precision: 0.5559
  Recall: 0.8057
  F1 Score: 0.6578

  Accuracy: 0.5645
  Precision: 0.5442
  Recall: 0.7987
  F1 Score: 0.6472

  Accuracy: 0.5590
  Precision: 0.5397
  Recall: 0.8040
  F1 Score: 0.6457

  Accuracy: 0.5588
  Precision: 0.5394
  Recall: 0.8100
  F1 Score: 0.6474

  Accuracy: 0.5380
  Precision: 0.5249
  Recall: 0.8053
  F1 Score: 0.6354

  Accuracy: 0.6488
  Precision: 0.6062
  Recall: 0.8507
  F1 Score: 0.7078

  Accuracy: 0.6393
  Precision: 0.6083
  Recall: 0.7850
  F1 Score: 0.6852

  Accuracy: 0.6283
  Precision: 0.6062
  Recall: 0.7333
  F1 Score: 0.6636

  Accuracy: 0.6215
  Precision: 0.6051
  Recall: 0.6990
  F1 Score: 0.6485

  Accuracy: 0.6065
  Precision: 0.5961
  Recall: 0.6623
  F1 Score: 0.6272

  Accuracy: 0.5988
  Precision: 0.5910
  Recall: 0.6450
  F1 Score: 0.6165

  Accuracy: 0.5828
  Precision: 0.5750
  Recall: 0.6377
  F1 Score: 0.6045

  Accuracy: 0.5712
  Precision: 0.5628
  Recall: 0.6377
  F1 Score: 0.5977

  Accuracy: 0.5613
  Precision: 0.5531
  Recall: 0.6377
  F1 Score: 0.5922

  Accuracy: 0.5467
  Precision: 0.5386
  Recall: 0.6497
  F1 Score: 0.5889

slurmstepd: error: *** JOB 27829166 ON ng11103 CANCELLED AT 2024-04-16T15:44:11 DUE TO TIME LIMIT ***
